{"/Users/aelder/Projects/Moneat/dashboard/src/components/ConsentBanner.tsx": {"path":"/Users/aelder/Projects/Moneat/dashboard/src/components/ConsentBanner.tsx","statementMap":{"0":{"start":{"line":20,"column":20},"end":{"line":20,"column":null}},"1":{"start":{"line":25,"column":2},"end":{"line":25,"column":null}},"2":{"start":{"line":25,"column":41},"end":{"line":25,"column":null}},"3":{"start":{"line":26,"column":2},"end":{"line":31,"column":null}},"4":{"start":{"line":35,"column":28},"end":{"line":35,"column":null}},"5":{"start":{"line":37,"column":2},"end":{"line":45,"column":null}},"6":{"start":{"line":38,"column":19},"end":{"line":38,"column":null}},"7":{"start":{"line":39,"column":4},"end":{"line":44,"column":null}},"8":{"start":{"line":40,"column":6},"end":{"line":40,"column":null}},"9":{"start":{"line":43,"column":6},"end":{"line":43,"column":null}},"10":{"start":{"line":48,"column":4},"end":{"line":48,"column":null}},"11":{"start":{"line":49,"column":4},"end":{"line":49,"column":null}},"12":{"start":{"line":50,"column":4},"end":{"line":50,"column":null}},"13":{"start":{"line":54,"column":4},"end":{"line":54,"column":null}},"14":{"start":{"line":55,"column":4},"end":{"line":55,"column":null}},"15":{"start":{"line":56,"column":4},"end":{"line":56,"column":null}},"16":{"start":{"line":59,"column":2},"end":{"line":59,"column":null}},"17":{"start":{"line":59,"column":16},"end":{"line":59,"column":null}},"18":{"start":{"line":61,"column":2},"end":{"line":80,"column":null}}},"fnMap":{"0":{"name":"updateGtagConsent","decl":{"start":{"line":24,"column":9},"end":{"line":24,"column":27}},"loc":{"start":{"line":24,"column":50},"end":{"line":32,"column":null}},"line":24},"1":{"name":"ConsentBanner","decl":{"start":{"line":34,"column":16},"end":{"line":34,"column":32}},"loc":{"start":{"line":34,"column":32},"end":{"line":82,"column":null}},"line":34},"2":{"name":"(anonymous_2)","decl":{"start":{"line":37,"column":12},"end":{"line":37,"column":18}},"loc":{"start":{"line":37,"column":18},"end":{"line":45,"column":5}},"line":37},"3":{"name":"handleAccept","decl":{"start":{"line":47,"column":11},"end":{"line":47,"column":26}},"loc":{"start":{"line":47,"column":26},"end":{"line":51,"column":null}},"line":47},"4":{"name":"handleDecline","decl":{"start":{"line":53,"column":11},"end":{"line":53,"column":27}},"loc":{"start":{"line":53,"column":27},"end":{"line":57,"column":null}},"line":53}},"branchMap":{"0":{"loc":{"start":{"line":25,"column":2},"end":{"line":25,"column":null}},"type":"if","locations":[{"start":{"line":25,"column":2},"end":{"line":25,"column":null}},{"start":{},"end":{}}],"line":25},"1":{"loc":{"start":{"line":39,"column":4},"end":{"line":44,"column":null}},"type":"if","locations":[{"start":{"line":39,"column":4},"end":{"line":44,"column":null}},{"start":{"line":41,"column":11},"end":{"line":44,"column":null}}],"line":39},"2":{"loc":{"start":{"line":59,"column":2},"end":{"line":59,"column":null}},"type":"if","locations":[{"start":{"line":59,"column":2},"end":{"line":59,"column":null}},{"start":{},"end":{}}],"line":59}},"s":{"0":1,"1":6,"2":0,"3":6,"4":18,"5":18,"6":8,"7":8,"8":6,"9":2,"10":2,"11":2,"12":2,"13":2,"14":2,"15":2,"16":18,"17":12,"18":6},"f":{"0":6,"1":18,"2":8,"3":2,"4":2},"b":{"0":[0,6],"1":[6,2],"2":[12,6]},"meta":{"lastBranch":3,"lastFunction":5,"lastStatement":19,"seen":{"s:20:20:20:Infinity":0,"f:24:9:24:27":0,"b:25:2:25:Infinity:undefined:undefined:undefined:undefined":0,"s:25:2:25:Infinity":1,"s:25:41:25:Infinity":2,"s:26:2:31:Infinity":3,"f:34:16:34:32":1,"s:35:28:35:Infinity":4,"s:37:2:45:Infinity":5,"f:37:12:37:18":2,"s:38:19:38:Infinity":6,"b:39:4:44:Infinity:41:11:44:Infinity":1,"s:39:4:44:Infinity":7,"s:40:6:40:Infinity":8,"s:43:6:43:Infinity":9,"f:47:11:47:26":3,"s:48:4:48:Infinity":10,"s:49:4:49:Infinity":11,"s:50:4:50:Infinity":12,"f:53:11:53:27":4,"s:54:4:54:Infinity":13,"s:55:4:55:Infinity":14,"s:56:4:56:Infinity":15,"b:59:2:59:Infinity:undefined:undefined:undefined:undefined":2,"s:59:2:59:Infinity":16,"s:59:16:59:Infinity":17,"s:61:2:80:Infinity":18}}}
,"/Users/aelder/Projects/Moneat/dashboard/src/components/login-logo.tsx": {"path":"/Users/aelder/Projects/Moneat/dashboard/src/components/login-logo.tsx","statementMap":{"0":{"start":{"line":25,"column":2},"end":{"line":25,"column":null}}},"fnMap":{"0":{"name":"LoginLogo","decl":{"start":{"line":24,"column":16},"end":{"line":24,"column":26}},"loc":{"start":{"line":24,"column":57},"end":{"line":26,"column":null}},"line":24}},"branchMap":{},"s":{"0":2},"f":{"0":2},"b":{},"meta":{"lastBranch":0,"lastFunction":1,"lastStatement":1,"seen":{"f:24:16:24:26":0,"s:25:2:25:Infinity":0}}}
,"/Users/aelder/Projects/Moneat/dashboard/src/components/logo.tsx": {"path":"/Users/aelder/Projects/Moneat/dashboard/src/components/logo.tsx","statementMap":{"0":{"start":{"line":26,"column":2},"end":{"line":52,"column":null}},"1":{"start":{"line":27,"column":4},"end":{"line":50,"column":null}},"2":{"start":{"line":54,"column":2},"end":{"line":81,"column":null}}},"fnMap":{"0":{"name":"Logo","decl":{"start":{"line":25,"column":16},"end":{"line":25,"column":21}},"loc":{"start":{"line":25,"column":65},"end":{"line":83,"column":null}},"line":25}},"branchMap":{"0":{"loc":{"start":{"line":25,"column":34},"end":{"line":25,"column":51}},"type":"default-arg","locations":[{"start":{"line":25,"column":45},"end":{"line":25,"column":51}}],"line":25},"1":{"loc":{"start":{"line":26,"column":2},"end":{"line":52,"column":null}},"type":"if","locations":[{"start":{"line":26,"column":2},"end":{"line":52,"column":null}},{"start":{},"end":{}}],"line":26}},"s":{"0":9,"1":2,"2":7},"f":{"0":9},"b":{"0":[9],"1":[2,7]},"meta":{"lastBranch":2,"lastFunction":1,"lastStatement":3,"seen":{"f:25:16:25:21":0,"b:25:45:25:51":0,"b:26:2:52:Infinity:undefined:undefined:undefined:undefined":1,"s:26:2:52:Infinity":0,"s:27:4:50:Infinity":1,"s:54:2:81:Infinity":2}}}
,"/Users/aelder/Projects/Moneat/dashboard/src/components/theme-toggle.tsx": {"path":"/Users/aelder/Projects/Moneat/dashboard/src/components/theme-toggle.tsx","statementMap":{"0":{"start":{"line":22,"column":24},"end":{"line":22,"column":null}},"1":{"start":{"line":24,"column":2},"end":{"line":37,"column":null}},"2":{"start":{"line":25,"column":17},"end":{"line":25,"column":null}},"3":{"start":{"line":26,"column":23},"end":{"line":26,"column":null}},"4":{"start":{"line":28,"column":4},"end":{"line":36,"column":null}},"5":{"start":{"line":29,"column":6},"end":{"line":29,"column":null}},"6":{"start":{"line":30,"column":6},"end":{"line":30,"column":null}},"7":{"start":{"line":33,"column":6},"end":{"line":33,"column":null}},"8":{"start":{"line":34,"column":6},"end":{"line":34,"column":null}},"9":{"start":{"line":35,"column":6},"end":{"line":35,"column":null}},"10":{"start":{"line":39,"column":22},"end":{"line":46,"column":null}},"11":{"start":{"line":40,"column":21},"end":{"line":40,"column":null}},"12":{"start":{"line":41,"column":17},"end":{"line":41,"column":null}},"13":{"start":{"line":43,"column":4},"end":{"line":43,"column":null}},"14":{"start":{"line":44,"column":4},"end":{"line":44,"column":null}},"15":{"start":{"line":45,"column":4},"end":{"line":45,"column":null}},"16":{"start":{"line":48,"column":2},"end":{"line":60,"column":null}}},"fnMap":{"0":{"name":"ThemeToggle","decl":{"start":{"line":21,"column":16},"end":{"line":21,"column":30}},"loc":{"start":{"line":21,"column":30},"end":{"line":62,"column":null}},"line":21},"1":{"name":"(anonymous_1)","decl":{"start":{"line":24,"column":12},"end":{"line":24,"column":18}},"loc":{"start":{"line":24,"column":18},"end":{"line":37,"column":5}},"line":24},"2":{"name":"(anonymous_2)","decl":{"start":{"line":39,"column":22},"end":{"line":39,"column":28}},"loc":{"start":{"line":39,"column":28},"end":{"line":46,"column":null}},"line":39}},"branchMap":{"0":{"loc":{"start":{"line":28,"column":4},"end":{"line":36,"column":null}},"type":"if","locations":[{"start":{"line":28,"column":4},"end":{"line":36,"column":null}},{"start":{"line":31,"column":11},"end":{"line":36,"column":null}}],"line":28},"1":{"loc":{"start":{"line":40,"column":21},"end":{"line":40,"column":null}},"type":"cond-expr","locations":[{"start":{"line":40,"column":40},"end":{"line":40,"column":50}},{"start":{"line":40,"column":50},"end":{"line":40,"column":null}}],"line":40},"2":{"loc":{"start":{"line":55,"column":7},"end":{"line":58,"column":null}},"type":"cond-expr","locations":[{"start":{"line":56,"column":8},"end":{"line":56,"column":null}},{"start":{"line":58,"column":8},"end":{"line":58,"column":null}}],"line":55}},"s":{"0":10,"1":10,"2":5,"3":5,"4":5,"5":2,"6":2,"7":3,"8":3,"9":3,"10":10,"11":2,"12":2,"13":2,"14":2,"15":2,"16":10},"f":{"0":10,"1":5,"2":2},"b":{"0":[2,3],"1":[1,1],"2":[6,4]},"meta":{"lastBranch":3,"lastFunction":3,"lastStatement":17,"seen":{"f:21:16:21:30":0,"s:22:24:22:Infinity":0,"s:24:2:37:Infinity":1,"f:24:12:24:18":1,"s:25:17:25:Infinity":2,"s:26:23:26:Infinity":3,"b:28:4:36:Infinity:31:11:36:Infinity":0,"s:28:4:36:Infinity":4,"s:29:6:29:Infinity":5,"s:30:6:30:Infinity":6,"s:33:6:33:Infinity":7,"s:34:6:34:Infinity":8,"s:35:6:35:Infinity":9,"s:39:22:46:Infinity":10,"f:39:22:39:28":2,"s:40:21:40:Infinity":11,"b:40:40:40:50:40:50:40:Infinity":1,"s:41:17:41:Infinity":12,"s:43:4:43:Infinity":13,"s:44:4:44:Infinity":14,"s:45:4:45:Infinity":15,"s:48:2:60:Infinity":16,"b:56:8:56:Infinity:58:8:58:Infinity":2}}}
,"/Users/aelder/Projects/Moneat/dashboard/src/components/ui/button.tsx": {"path":"/Users/aelder/Projects/Moneat/dashboard/src/components/ui/button.tsx","statementMap":{"0":{"start":{"line":23,"column":6},"end":{"line":51,"column":null}},"1":{"start":{"line":59,"column":15},"end":{"line":70,"column":null}},"2":{"start":{"line":61,"column":17},"end":{"line":61,"column":null}},"3":{"start":{"line":62,"column":4},"end":{"line":67,"column":null}},"4":{"start":{"line":71,"column":0},"end":{"line":71,"column":null}}},"fnMap":{"0":{"name":"(anonymous_0)","decl":{"start":{"line":60,"column":2},"end":{"line":60,"column":3}},"loc":{"start":{"line":60,"column":68},"end":{"line":69,"column":null}},"line":60}},"branchMap":{"0":{"loc":{"start":{"line":60,"column":31},"end":{"line":60,"column":48}},"type":"default-arg","locations":[{"start":{"line":60,"column":41},"end":{"line":60,"column":48}}],"line":60},"1":{"loc":{"start":{"line":61,"column":17},"end":{"line":61,"column":null}},"type":"cond-expr","locations":[{"start":{"line":61,"column":27},"end":{"line":61,"column":34}},{"start":{"line":61,"column":34},"end":{"line":61,"column":null}}],"line":61}},"s":{"0":3,"1":3,"2":25,"3":25,"4":3},"f":{"0":25},"b":{"0":[25],"1":[0,25]},"meta":{"lastBranch":2,"lastFunction":1,"lastStatement":5,"seen":{"s:23:6:51:Infinity":0,"s:59:15:70:Infinity":1,"f:60:2:60:3":0,"b:60:41:60:48":0,"s:61:17:61:Infinity":2,"b:61:27:61:34:61:34:61:Infinity":1,"s:62:4:67:Infinity":3,"s:71:0:71:Infinity":4}}}
,"/Users/aelder/Projects/Moneat/dashboard/src/components/ui/input.tsx": {"path":"/Users/aelder/Projects/Moneat/dashboard/src/components/ui/input.tsx","statementMap":{"0":{"start":{"line":21,"column":14},"end":{"line":35,"column":null}},"1":{"start":{"line":23,"column":4},"end":{"line":32,"column":null}},"2":{"start":{"line":36,"column":0},"end":{"line":36,"column":null}}},"fnMap":{"0":{"name":"(anonymous_0)","decl":{"start":{"line":22,"column":2},"end":{"line":22,"column":3}},"loc":{"start":{"line":22,"column":42},"end":{"line":34,"column":null}},"line":22}},"branchMap":{},"s":{"0":1,"1":5,"2":1},"f":{"0":5},"b":{},"meta":{"lastBranch":0,"lastFunction":1,"lastStatement":3,"seen":{"s:21:14:35:Infinity":0,"f:22:2:22:3":0,"s:23:4:32:Infinity":1,"s:36:0:36:Infinity":2}}}
,"/Users/aelder/Projects/Moneat/dashboard/src/components/ui/label.tsx": {"path":"/Users/aelder/Projects/Moneat/dashboard/src/components/ui/label.tsx","statementMap":{"0":{"start":{"line":23,"column":14},"end":{"line":34,"column":null}},"1":{"start":{"line":25,"column":4},"end":{"line":32,"column":null}},"2":{"start":{"line":35,"column":0},"end":{"line":35,"column":null}}},"fnMap":{"0":{"name":"(anonymous_0)","decl":{"start":{"line":24,"column":2},"end":{"line":24,"column":3}},"loc":{"start":{"line":25,"column":4},"end":{"line":32,"column":null}},"line":25}},"branchMap":{},"s":{"0":1,"1":2,"2":1},"f":{"0":2},"b":{},"meta":{"lastBranch":0,"lastFunction":1,"lastStatement":3,"seen":{"s:23:14:34:Infinity":0,"f:24:2:24:3":0,"s:25:4:32:Infinity":1,"s:35:0:35:Infinity":2}}}
,"/Users/aelder/Projects/Moneat/dashboard/src/contexts/project-context.tsx": {"path":"/Users/aelder/Projects/Moneat/dashboard/src/contexts/project-context.tsx","statementMap":{"0":{"start":{"line":24,"column":6},"end":{"line":24,"column":null}},"1":{"start":{"line":27,"column":48},"end":{"line":30,"column":null}},"2":{"start":{"line":28,"column":18},"end":{"line":28,"column":null}},"3":{"start":{"line":29,"column":4},"end":{"line":29,"column":null}},"4":{"start":{"line":32,"column":2},"end":{"line":38,"column":null}},"5":{"start":{"line":33,"column":4},"end":{"line":37,"column":null}},"6":{"start":{"line":34,"column":6},"end":{"line":34,"column":null}},"7":{"start":{"line":36,"column":6},"end":{"line":36,"column":null}},"8":{"start":{"line":40,"column":2},"end":{"line":43,"column":null}},"9":{"start":{"line":49,"column":8},"end":{"line":49,"column":null}},"10":{"start":{"line":50,"column":2},"end":{"line":52,"column":null}},"11":{"start":{"line":51,"column":4},"end":{"line":51,"column":null}},"12":{"start":{"line":53,"column":2},"end":{"line":53,"column":null}}},"fnMap":{"0":{"name":"ProjectProvider","decl":{"start":{"line":26,"column":16},"end":{"line":26,"column":32}},"loc":{"start":{"line":26,"column":71},"end":{"line":45,"column":null}},"line":26},"1":{"name":"(anonymous_1)","decl":{"start":{"line":27,"column":76},"end":{"line":27,"column":82}},"loc":{"start":{"line":27,"column":82},"end":{"line":30,"column":3}},"line":27},"2":{"name":"(anonymous_2)","decl":{"start":{"line":32,"column":12},"end":{"line":32,"column":18}},"loc":{"start":{"line":32,"column":18},"end":{"line":38,"column":5}},"line":32},"3":{"name":"useProject","decl":{"start":{"line":48,"column":16},"end":{"line":48,"column":29}},"loc":{"start":{"line":48,"column":29},"end":{"line":54,"column":null}},"line":48}},"branchMap":{"0":{"loc":{"start":{"line":29,"column":11},"end":{"line":29,"column":null}},"type":"cond-expr","locations":[{"start":{"line":29,"column":19},"end":{"line":29,"column":35}},{"start":{"line":29,"column":35},"end":{"line":29,"column":null}}],"line":29},"1":{"loc":{"start":{"line":33,"column":4},"end":{"line":37,"column":null}},"type":"if","locations":[{"start":{"line":33,"column":4},"end":{"line":37,"column":null}},{"start":{"line":35,"column":11},"end":{"line":37,"column":null}}],"line":33},"2":{"loc":{"start":{"line":50,"column":2},"end":{"line":52,"column":null}},"type":"if","locations":[{"start":{"line":50,"column":2},"end":{"line":52,"column":null}},{"start":{},"end":{}}],"line":50}},"s":{"0":1,"1":8,"2":5,"3":5,"4":8,"5":8,"6":4,"7":4,"8":8,"9":12,"10":12,"11":4,"12":8},"f":{"0":8,"1":5,"2":8,"3":12},"b":{"0":[2,3],"1":[4,4],"2":[4,8]},"meta":{"lastBranch":3,"lastFunction":4,"lastStatement":13,"seen":{"s:24:6:24:Infinity":0,"f:26:16:26:32":0,"s:27:48:30:Infinity":1,"f:27:76:27:82":1,"s:28:18:28:Infinity":2,"s:29:4:29:Infinity":3,"b:29:19:29:35:29:35:29:Infinity":0,"s:32:2:38:Infinity":4,"f:32:12:32:18":2,"b:33:4:37:Infinity:35:11:37:Infinity":1,"s:33:4:37:Infinity":5,"s:34:6:34:Infinity":6,"s:36:6:36:Infinity":7,"s:40:2:43:Infinity":8,"f:48:16:48:29":3,"s:49:8:49:Infinity":9,"b:50:2:52:Infinity:undefined:undefined:undefined:undefined":2,"s:50:2:52:Infinity":10,"s:51:4:51:Infinity":11,"s:53:2:53:Infinity":12}}}
,"/Users/aelder/Projects/Moneat/dashboard/src/hooks/use-toast.ts": {"path":"/Users/aelder/Projects/Moneat/dashboard/src/hooks/use-toast.ts","statementMap":{"0":{"start":{"line":21,"column":20},"end":{"line":21,"column":null}},"1":{"start":{"line":22,"column":27},"end":{"line":22,"column":null}},"2":{"start":{"line":31,"column":20},"end":{"line":36,"column":null}},"3":{"start":{"line":38,"column":12},"end":{"line":38,"column":null}},"4":{"start":{"line":41,"column":2},"end":{"line":41,"column":null}},"5":{"start":{"line":42,"column":2},"end":{"line":42,"column":null}},"6":{"start":{"line":69,"column":22},"end":{"line":69,"column":null}},"7":{"start":{"line":71,"column":25},"end":{"line":85,"column":null}},"8":{"start":{"line":72,"column":2},"end":{"line":74,"column":null}},"9":{"start":{"line":73,"column":4},"end":{"line":73,"column":null}},"10":{"start":{"line":76,"column":18},"end":{"line":82,"column":null}},"11":{"start":{"line":77,"column":4},"end":{"line":77,"column":null}},"12":{"start":{"line":78,"column":4},"end":{"line":81,"column":null}},"13":{"start":{"line":84,"column":2},"end":{"line":84,"column":null}},"14":{"start":{"line":87,"column":23},"end":{"line":138,"column":null}},"15":{"start":{"line":88,"column":2},"end":{"line":137,"column":null}},"16":{"start":{"line":90,"column":6},"end":{"line":93,"column":null}},"17":{"start":{"line":96,"column":6},"end":{"line":101,"column":null}},"18":{"start":{"line":99,"column":10},"end":{"line":99,"column":null}},"19":{"start":{"line":104,"column":26},"end":{"line":104,"column":null}},"20":{"start":{"line":106,"column":6},"end":{"line":112,"column":null}},"21":{"start":{"line":107,"column":8},"end":{"line":107,"column":null}},"22":{"start":{"line":109,"column":8},"end":{"line":111,"column":null}},"23":{"start":{"line":110,"column":10},"end":{"line":110,"column":null}},"24":{"start":{"line":114,"column":6},"end":{"line":124,"column":null}},"25":{"start":{"line":117,"column":10},"end":{"line":122,"column":null}},"26":{"start":{"line":127,"column":6},"end":{"line":132,"column":null}},"27":{"start":{"line":128,"column":8},"end":{"line":131,"column":null}},"28":{"start":{"line":133,"column":6},"end":{"line":136,"column":null}},"29":{"start":{"line":135,"column":43},"end":{"line":135,"column":66}},"30":{"start":{"line":140,"column":49},"end":{"line":140,"column":null}},"31":{"start":{"line":142,"column":25},"end":{"line":142,"column":null}},"32":{"start":{"line":145,"column":2},"end":{"line":145,"column":null}},"33":{"start":{"line":146,"column":2},"end":{"line":148,"column":null}},"34":{"start":{"line":147,"column":4},"end":{"line":147,"column":null}},"35":{"start":{"line":154,"column":13},"end":{"line":154,"column":null}},"36":{"start":{"line":156,"column":17},"end":{"line":160,"column":null}},"37":{"start":{"line":157,"column":4},"end":{"line":160,"column":null}},"38":{"start":{"line":161,"column":18},"end":{"line":161,"column":null}},"39":{"start":{"line":161,"column":24},"end":{"line":161,"column":null}},"40":{"start":{"line":163,"column":2},"end":{"line":173,"column":null}},"41":{"start":{"line":170,"column":8},"end":{"line":170,"column":null}},"42":{"start":{"line":170,"column":19},"end":{"line":170,"column":null}},"43":{"start":{"line":175,"column":2},"end":{"line":179,"column":null}},"44":{"start":{"line":183,"column":24},"end":{"line":183,"column":null}},"45":{"start":{"line":185,"column":2},"end":{"line":193,"column":null}},"46":{"start":{"line":186,"column":4},"end":{"line":186,"column":null}},"47":{"start":{"line":187,"column":4},"end":{"line":192,"column":null}},"48":{"start":{"line":188,"column":20},"end":{"line":188,"column":null}},"49":{"start":{"line":189,"column":6},"end":{"line":191,"column":null}},"50":{"start":{"line":190,"column":8},"end":{"line":190,"column":null}},"51":{"start":{"line":195,"column":2},"end":{"line":199,"column":null}},"52":{"start":{"line":198,"column":35},"end":{"line":198,"column":null}}},"fnMap":{"0":{"name":"genId","decl":{"start":{"line":40,"column":9},"end":{"line":40,"column":17}},"loc":{"start":{"line":40,"column":17},"end":{"line":43,"column":null}},"line":40},"1":{"name":"(anonymous_1)","decl":{"start":{"line":71,"column":25},"end":{"line":71,"column":26}},"loc":{"start":{"line":71,"column":46},"end":{"line":85,"column":null}},"line":71},"2":{"name":"(anonymous_2)","decl":{"start":{"line":76,"column":29},"end":{"line":76,"column":35}},"loc":{"start":{"line":76,"column":35},"end":{"line":82,"column":5}},"line":76},"3":{"name":"(anonymous_3)","decl":{"start":{"line":87,"column":23},"end":{"line":87,"column":24}},"loc":{"start":{"line":87,"column":64},"end":{"line":138,"column":null}},"line":87},"4":{"name":"(anonymous_4)","decl":{"start":{"line":98,"column":33},"end":{"line":98,"column":34}},"loc":{"start":{"line":99,"column":10},"end":{"line":99,"column":null}},"line":99},"5":{"name":"(anonymous_5)","decl":{"start":{"line":109,"column":29},"end":{"line":109,"column":30}},"loc":{"start":{"line":109,"column":40},"end":{"line":111,"column":9}},"line":109},"6":{"name":"(anonymous_6)","decl":{"start":{"line":116,"column":33},"end":{"line":116,"column":34}},"loc":{"start":{"line":117,"column":10},"end":{"line":122,"column":null}},"line":117},"7":{"name":"(anonymous_7)","decl":{"start":{"line":135,"column":36},"end":{"line":135,"column":37}},"loc":{"start":{"line":135,"column":43},"end":{"line":135,"column":66}},"line":135},"8":{"name":"dispatch","decl":{"start":{"line":144,"column":9},"end":{"line":144,"column":18}},"loc":{"start":{"line":144,"column":34},"end":{"line":149,"column":null}},"line":144},"9":{"name":"(anonymous_9)","decl":{"start":{"line":146,"column":20},"end":{"line":146,"column":21}},"loc":{"start":{"line":146,"column":34},"end":{"line":148,"column":3}},"line":146},"10":{"name":"toast","decl":{"start":{"line":153,"column":9},"end":{"line":153,"column":15}},"loc":{"start":{"line":153,"column":36},"end":{"line":180,"column":null}},"line":153},"11":{"name":"(anonymous_11)","decl":{"start":{"line":156,"column":17},"end":{"line":156,"column":18}},"loc":{"start":{"line":157,"column":4},"end":{"line":160,"column":null}},"line":157},"12":{"name":"(anonymous_12)","decl":{"start":{"line":161,"column":18},"end":{"line":161,"column":24}},"loc":{"start":{"line":161,"column":24},"end":{"line":161,"column":null}},"line":161},"13":{"name":"(anonymous_13)","decl":{"start":{"line":169,"column":20},"end":{"line":169,"column":21}},"loc":{"start":{"line":169,"column":30},"end":{"line":171,"column":null}},"line":169},"14":{"name":"useToast","decl":{"start":{"line":182,"column":9},"end":{"line":182,"column":20}},"loc":{"start":{"line":182,"column":20},"end":{"line":200,"column":null}},"line":182},"15":{"name":"(anonymous_15)","decl":{"start":{"line":185,"column":12},"end":{"line":185,"column":18}},"loc":{"start":{"line":185,"column":18},"end":{"line":193,"column":5}},"line":185},"16":{"name":"(anonymous_16)","decl":{"start":{"line":187,"column":11},"end":{"line":187,"column":17}},"loc":{"start":{"line":187,"column":17},"end":{"line":192,"column":null}},"line":187},"17":{"name":"(anonymous_17)","decl":{"start":{"line":198,"column":13},"end":{"line":198,"column":14}},"loc":{"start":{"line":198,"column":35},"end":{"line":198,"column":null}},"line":198}},"branchMap":{"0":{"loc":{"start":{"line":72,"column":2},"end":{"line":74,"column":null}},"type":"if","locations":[{"start":{"line":72,"column":2},"end":{"line":74,"column":null}},{"start":{},"end":{}}],"line":72},"1":{"loc":{"start":{"line":88,"column":2},"end":{"line":137,"column":null}},"type":"switch","locations":[{"start":{"line":89,"column":4},"end":{"line":93,"column":null}},{"start":{"line":95,"column":4},"end":{"line":101,"column":null}},{"start":{"line":103,"column":4},"end":{"line":125,"column":null}},{"start":{"line":126,"column":4},"end":{"line":136,"column":null}}],"line":88},"2":{"loc":{"start":{"line":99,"column":10},"end":{"line":99,"column":null}},"type":"cond-expr","locations":[{"start":{"line":99,"column":37},"end":{"line":99,"column":65}},{"start":{"line":99,"column":65},"end":{"line":99,"column":null}}],"line":99},"3":{"loc":{"start":{"line":106,"column":6},"end":{"line":112,"column":null}},"type":"if","locations":[{"start":{"line":106,"column":6},"end":{"line":112,"column":null}},{"start":{"line":108,"column":13},"end":{"line":112,"column":null}}],"line":106},"4":{"loc":{"start":{"line":117,"column":10},"end":{"line":122,"column":null}},"type":"cond-expr","locations":[{"start":{"line":118,"column":14},"end":{"line":121,"column":null}},{"start":{"line":122,"column":14},"end":{"line":122,"column":null}}],"line":117},"5":{"loc":{"start":{"line":117,"column":10},"end":{"line":117,"column":null}},"type":"binary-expr","locations":[{"start":{"line":117,"column":10},"end":{"line":117,"column":30}},{"start":{"line":117,"column":30},"end":{"line":117,"column":null}}],"line":117},"6":{"loc":{"start":{"line":127,"column":6},"end":{"line":132,"column":null}},"type":"if","locations":[{"start":{"line":127,"column":6},"end":{"line":132,"column":null}},{"start":{},"end":{}}],"line":127},"7":{"loc":{"start":{"line":170,"column":8},"end":{"line":170,"column":null}},"type":"if","locations":[{"start":{"line":170,"column":8},"end":{"line":170,"column":null}},{"start":{},"end":{}}],"line":170},"8":{"loc":{"start":{"line":189,"column":6},"end":{"line":191,"column":null}},"type":"if","locations":[{"start":{"line":189,"column":6},"end":{"line":191,"column":null}},{"start":{},"end":{}}],"line":189}},"s":{"0":1,"1":1,"2":1,"3":1,"4":0,"5":0,"6":1,"7":1,"8":2,"9":1,"10":1,"11":0,"12":0,"13":1,"14":1,"15":10,"16":3,"17":2,"18":2,"19":2,"20":2,"21":1,"22":1,"23":1,"24":2,"25":2,"26":3,"27":1,"28":2,"29":2,"30":1,"31":1,"32":0,"33":0,"34":0,"35":0,"36":0,"37":0,"38":0,"39":0,"40":0,"41":0,"42":0,"43":0,"44":0,"45":0,"46":0,"47":0,"48":0,"49":0,"50":0,"51":0,"52":0},"f":{"0":0,"1":2,"2":0,"3":10,"4":2,"5":1,"6":2,"7":2,"8":0,"9":0,"10":0,"11":0,"12":0,"13":0,"14":0,"15":0,"16":0,"17":0},"b":{"0":[1,1],"1":[3,2,2,3],"2":[1,1],"3":[1,1],"4":[2,0],"5":[2,1],"6":[1,2],"7":[0,0],"8":[0,0]},"meta":{"lastBranch":9,"lastFunction":18,"lastStatement":53,"seen":{"s:21:20:21:Infinity":0,"s:22:27:22:Infinity":1,"s:31:20:36:Infinity":2,"s:38:12:38:Infinity":3,"f:40:9:40:17":0,"s:41:2:41:Infinity":4,"s:42:2:42:Infinity":5,"s:69:22:69:Infinity":6,"s:71:25:85:Infinity":7,"f:71:25:71:26":1,"b:72:2:74:Infinity:undefined:undefined:undefined:undefined":0,"s:72:2:74:Infinity":8,"s:73:4:73:Infinity":9,"s:76:18:82:Infinity":10,"f:76:29:76:35":2,"s:77:4:77:Infinity":11,"s:78:4:81:Infinity":12,"s:84:2:84:Infinity":13,"s:87:23:138:Infinity":14,"f:87:23:87:24":3,"b:89:4:93:Infinity:95:4:101:Infinity:103:4:125:Infinity:126:4:136:Infinity":1,"s:88:2:137:Infinity":15,"s:90:6:93:Infinity":16,"s:96:6:101:Infinity":17,"f:98:33:98:34":4,"s:99:10:99:Infinity":18,"b:99:37:99:65:99:65:99:Infinity":2,"s:104:26:104:Infinity":19,"b:106:6:112:Infinity:108:13:112:Infinity":3,"s:106:6:112:Infinity":20,"s:107:8:107:Infinity":21,"s:109:8:111:Infinity":22,"f:109:29:109:30":5,"s:110:10:110:Infinity":23,"s:114:6:124:Infinity":24,"f:116:33:116:34":6,"s:117:10:122:Infinity":25,"b:118:14:121:Infinity:122:14:122:Infinity":4,"b:117:10:117:30:117:30:117:Infinity":5,"b:127:6:132:Infinity:undefined:undefined:undefined:undefined":6,"s:127:6:132:Infinity":26,"s:128:8:131:Infinity":27,"s:133:6:136:Infinity":28,"f:135:36:135:37":7,"s:135:43:135:66":29,"s:140:49:140:Infinity":30,"s:142:25:142:Infinity":31,"f:144:9:144:18":8,"s:145:2:145:Infinity":32,"s:146:2:148:Infinity":33,"f:146:20:146:21":9,"s:147:4:147:Infinity":34,"f:153:9:153:15":10,"s:154:13:154:Infinity":35,"s:156:17:160:Infinity":36,"f:156:17:156:18":11,"s:157:4:160:Infinity":37,"s:161:18:161:Infinity":38,"f:161:18:161:24":12,"s:161:24:161:Infinity":39,"s:163:2:173:Infinity":40,"f:169:20:169:21":13,"b:170:8:170:Infinity:undefined:undefined:undefined:undefined":7,"s:170:8:170:Infinity":41,"s:170:19:170:Infinity":42,"s:175:2:179:Infinity":43,"f:182:9:182:20":14,"s:183:24:183:Infinity":44,"s:185:2:193:Infinity":45,"f:185:12:185:18":15,"s:186:4:186:Infinity":46,"s:187:4:192:Infinity":47,"f:187:11:187:17":16,"s:188:20:188:Infinity":48,"b:189:6:191:Infinity:undefined:undefined:undefined:undefined":8,"s:189:6:191:Infinity":49,"s:190:8:190:Infinity":50,"s:195:2:199:Infinity":51,"f:198:13:198:14":17,"s:198:35:198:Infinity":52}}}
,"/Users/aelder/Projects/Moneat/dashboard/src/hooks/useAuth.ts": {"path":"/Users/aelder/Projects/Moneat/dashboard/src/hooks/useAuth.ts","statementMap":{"0":{"start":{"line":31,"column":22},"end":{"line":31,"column":null}},"1":{"start":{"line":32,"column":32},"end":{"line":32,"column":null}},"2":{"start":{"line":34,"column":2},"end":{"line":55,"column":null}},"3":{"start":{"line":36,"column":4},"end":{"line":54,"column":null}},"4":{"start":{"line":38,"column":8},"end":{"line":44,"column":null}},"5":{"start":{"line":46,"column":8},"end":{"line":46,"column":null}},"6":{"start":{"line":49,"column":8},"end":{"line":49,"column":null}},"7":{"start":{"line":50,"column":8},"end":{"line":50,"column":null}},"8":{"start":{"line":53,"column":8},"end":{"line":53,"column":null}},"9":{"start":{"line":57,"column":2},"end":{"line":57,"column":null}}},"fnMap":{"0":{"name":"useAuth","decl":{"start":{"line":30,"column":16},"end":{"line":30,"column":26}},"loc":{"start":{"line":30,"column":26},"end":{"line":58,"column":null}},"line":30},"1":{"name":"(anonymous_1)","decl":{"start":{"line":34,"column":12},"end":{"line":34,"column":18}},"loc":{"start":{"line":34,"column":18},"end":{"line":55,"column":5}},"line":34},"2":{"name":"(anonymous_2)","decl":{"start":{"line":37,"column":12},"end":{"line":37,"column":13}},"loc":{"start":{"line":37,"column":26},"end":{"line":47,"column":7}},"line":37},"3":{"name":"(anonymous_3)","decl":{"start":{"line":48,"column":13},"end":{"line":48,"column":19}},"loc":{"start":{"line":48,"column":19},"end":{"line":51,"column":7}},"line":48},"4":{"name":"(anonymous_4)","decl":{"start":{"line":52,"column":15},"end":{"line":52,"column":21}},"loc":{"start":{"line":52,"column":21},"end":{"line":54,"column":7}},"line":52}},"branchMap":{},"s":{"0":5,"1":5,"2":5,"3":3,"4":1,"5":1,"6":2,"7":2,"8":3,"9":5},"f":{"0":5,"1":3,"2":1,"3":2,"4":3},"b":{},"meta":{"lastBranch":0,"lastFunction":5,"lastStatement":10,"seen":{"f:30:16:30:26":0,"s:31:22:31:Infinity":0,"s:32:32:32:Infinity":1,"s:34:2:55:Infinity":2,"f:34:12:34:18":1,"s:36:4:54:Infinity":3,"f:37:12:37:13":2,"s:38:8:44:Infinity":4,"s:46:8:46:Infinity":5,"f:48:13:48:19":3,"s:49:8:49:Infinity":6,"s:50:8:50:Infinity":7,"f:52:15:52:21":4,"s:53:8:53:Infinity":8,"s:57:2:57:Infinity":9}}}
,"/Users/aelder/Projects/Moneat/dashboard/src/hooks/useEnterpriseFeatures.ts": {"path":"/Users/aelder/Projects/Moneat/dashboard/src/hooks/useEnterpriseFeatures.ts","statementMap":{"0":{"start":{"line":8,"column":17},"end":{"line":8,"column":null}},"1":{"start":{"line":11,"column":2},"end":{"line":20,"column":null}},"2":{"start":{"line":14,"column":18},"end":{"line":14,"column":null}},"3":{"start":{"line":15,"column":6},"end":{"line":15,"column":null}},"4":{"start":{"line":15,"column":19},"end":{"line":15,"column":null}},"5":{"start":{"line":16,"column":6},"end":{"line":16,"column":null}},"6":{"start":{"line":24,"column":19},"end":{"line":24,"column":null}},"7":{"start":{"line":25,"column":2},"end":{"line":25,"column":null}}},"fnMap":{"0":{"name":"useEnterpriseFeatures","decl":{"start":{"line":10,"column":16},"end":{"line":10,"column":40}},"loc":{"start":{"line":10,"column":40},"end":{"line":21,"column":null}},"line":10},"1":{"name":"(anonymous_1)","decl":{"start":{"line":13,"column":13},"end":{"line":13,"column":25}},"loc":{"start":{"line":13,"column":25},"end":{"line":17,"column":null}},"line":13},"2":{"name":"useHasModule","decl":{"start":{"line":23,"column":16},"end":{"line":23,"column":29}},"loc":{"start":{"line":23,"column":58},"end":{"line":26,"column":null}},"line":23}},"branchMap":{"0":{"loc":{"start":{"line":8,"column":17},"end":{"line":8,"column":null}},"type":"binary-expr","locations":[{"start":{"line":8,"column":17},"end":{"line":8,"column":49}},{"start":{"line":8,"column":49},"end":{"line":8,"column":null}}],"line":8},"1":{"loc":{"start":{"line":15,"column":6},"end":{"line":15,"column":null}},"type":"if","locations":[{"start":{"line":15,"column":6},"end":{"line":15,"column":null}},{"start":{},"end":{}}],"line":15},"2":{"loc":{"start":{"line":25,"column":9},"end":{"line":25,"column":null}},"type":"binary-expr","locations":[{"start":{"line":25,"column":9},"end":{"line":25,"column":48}},{"start":{"line":25,"column":48},"end":{"line":25,"column":null}}],"line":25}},"s":{"0":1,"1":7,"2":4,"3":4,"4":1,"5":3,"6":3,"7":3},"f":{"0":7,"1":4,"2":3},"b":{"0":[1,1],"1":[1,3],"2":[3,2]},"meta":{"lastBranch":3,"lastFunction":3,"lastStatement":8,"seen":{"s:8:17:8:Infinity":0,"b:8:17:8:49:8:49:8:Infinity":0,"f:10:16:10:40":0,"s:11:2:20:Infinity":1,"f:13:13:13:25":1,"s:14:18:14:Infinity":2,"b:15:6:15:Infinity:undefined:undefined:undefined:undefined":1,"s:15:6:15:Infinity":3,"s:15:19:15:Infinity":4,"s:16:6:16:Infinity":5,"f:23:16:23:29":2,"s:24:19:24:Infinity":6,"s:25:2:25:Infinity":7,"b:25:9:25:48:25:48:25:Infinity":2}}}
,"/Users/aelder/Projects/Moneat/dashboard/src/lib/ansi.ts": {"path":"/Users/aelder/Projects/Moneat/dashboard/src/lib/ansi.ts","statementMap":{"0":{"start":{"line":22,"column":2},"end":{"line":22,"column":null}},"1":{"start":{"line":22,"column":13},"end":{"line":22,"column":null}},"2":{"start":{"line":26,"column":22},"end":{"line":26,"column":null}},"3":{"start":{"line":28,"column":2},"end":{"line":28,"column":null}}},"fnMap":{"0":{"name":"stripAnsi","decl":{"start":{"line":21,"column":16},"end":{"line":21,"column":26}},"loc":{"start":{"line":21,"column":67},"end":{"line":29,"column":null}},"line":21}},"branchMap":{"0":{"loc":{"start":{"line":22,"column":2},"end":{"line":22,"column":null}},"type":"if","locations":[{"start":{"line":22,"column":2},"end":{"line":22,"column":null}},{"start":{},"end":{}}],"line":22}},"s":{"0":11,"1":3,"2":8,"3":8},"f":{"0":11},"b":{"0":[3,8]},"meta":{"lastBranch":1,"lastFunction":1,"lastStatement":4,"seen":{"f:21:16:21:26":0,"b:22:2:22:Infinity:undefined:undefined:undefined:undefined":0,"s:22:2:22:Infinity":0,"s:22:13:22:Infinity":1,"s:26:22:26:Infinity":2,"s:28:2:28:Infinity":3}}}
,"/Users/aelder/Projects/Moneat/dashboard/src/lib/api.ts": {"path":"/Users/aelder/Projects/Moneat/dashboard/src/lib/api.ts","statementMap":{"0":{"start":{"line":19,"column":17},"end":{"line":19,"column":null}},"1":{"start":{"line":20,"column":24},"end":{"line":20,"column":null}},"2":{"start":{"line":24,"column":2},"end":{"line":29,"column":null}},"3":{"start":{"line":25,"column":4},"end":{"line":27,"column":null}},"4":{"start":{"line":26,"column":6},"end":{"line":26,"column":null}},"5":{"start":{"line":28,"column":4},"end":{"line":28,"column":null}},"6":{"start":{"line":30,"column":2},"end":{"line":30,"column":null}},"7":{"start":{"line":1792,"column":35},"end":{"line":1792,"column":null}},"8":{"start":{"line":1793,"column":52},"end":{"line":1793,"column":null}},"9":{"start":{"line":1796,"column":4},"end":{"line":1796,"column":null}},"10":{"start":{"line":1800,"column":4},"end":{"line":1800,"column":null}},"11":{"start":{"line":1804,"column":4},"end":{"line":1804,"column":null}},"12":{"start":{"line":1808,"column":4},"end":{"line":1808,"column":null}},"13":{"start":{"line":1812,"column":25},"end":{"line":1812,"column":null}},"14":{"start":{"line":1815,"column":4},"end":{"line":1830,"column":null}},"15":{"start":{"line":1816,"column":6},"end":{"line":1829,"column":null}},"16":{"start":{"line":1817,"column":25},"end":{"line":1821,"column":null}},"17":{"start":{"line":1822,"column":8},"end":{"line":1822,"column":null}},"18":{"start":{"line":1822,"column":26},"end":{"line":1822,"column":null}},"19":{"start":{"line":1823,"column":21},"end":{"line":1823,"column":null}},"20":{"start":{"line":1824,"column":8},"end":{"line":1824,"column":null}},"21":{"start":{"line":1824,"column":30},"end":{"line":1824,"column":null}},"22":{"start":{"line":1825,"column":8},"end":{"line":1825,"column":null}},"23":{"start":{"line":1826,"column":8},"end":{"line":1826,"column":null}},"24":{"start":{"line":1828,"column":8},"end":{"line":1828,"column":null}},"25":{"start":{"line":1832,"column":4},"end":{"line":1832,"column":null}},"26":{"start":{"line":1832,"column":23},"end":{"line":1832,"column":null}},"27":{"start":{"line":1834,"column":4},"end":{"line":1856,"column":null}},"28":{"start":{"line":1835,"column":23},"end":{"line":1840,"column":null}},"29":{"start":{"line":1842,"column":6},"end":{"line":1845,"column":null}},"30":{"start":{"line":1843,"column":8},"end":{"line":1843,"column":null}},"31":{"start":{"line":1844,"column":8},"end":{"line":1844,"column":null}},"32":{"start":{"line":1847,"column":33},"end":{"line":1847,"column":null}},"33":{"start":{"line":1848,"column":6},"end":{"line":1850,"column":null}},"34":{"start":{"line":1849,"column":8},"end":{"line":1849,"column":null}},"35":{"start":{"line":1851,"column":6},"end":{"line":1851,"column":null}},"36":{"start":{"line":1852,"column":6},"end":{"line":1852,"column":null}},"37":{"start":{"line":1854,"column":6},"end":{"line":1854,"column":null}},"38":{"start":{"line":1855,"column":6},"end":{"line":1855,"column":null}},"39":{"start":{"line":1860,"column":29},"end":{"line":1860,"column":null}},"40":{"start":{"line":1861,"column":44},"end":{"line":1864,"column":null}},"41":{"start":{"line":1866,"column":4},"end":{"line":1866,"column":null}},"42":{"start":{"line":1866,"column":26},"end":{"line":1866,"column":null}},"43":{"start":{"line":1869,"column":4},"end":{"line":1876,"column":null}},"44":{"start":{"line":1870,"column":6},"end":{"line":1870,"column":null}},"45":{"start":{"line":1873,"column":27},"end":{"line":1873,"column":null}},"46":{"start":{"line":1874,"column":6},"end":{"line":1874,"column":null}},"47":{"start":{"line":1875,"column":6},"end":{"line":1875,"column":null}},"48":{"start":{"line":1878,"column":4},"end":{"line":1906,"column":null}},"49":{"start":{"line":1880,"column":6},"end":{"line":1884,"column":null}},"50":{"start":{"line":1881,"column":8},"end":{"line":1883,"column":null}},"51":{"start":{"line":1882,"column":10},"end":{"line":1882,"column":null}},"52":{"start":{"line":1886,"column":24},"end":{"line":1886,"column":null}},"53":{"start":{"line":1888,"column":6},"end":{"line":1891,"column":null}},"54":{"start":{"line":1890,"column":8},"end":{"line":1890,"column":null}},"55":{"start":{"line":1894,"column":6},"end":{"line":1894,"column":null}},"56":{"start":{"line":1896,"column":6},"end":{"line":1903,"column":null}},"57":{"start":{"line":1901,"column":8},"end":{"line":1901,"column":null}},"58":{"start":{"line":1902,"column":8},"end":{"line":1902,"column":null}},"59":{"start":{"line":1905,"column":6},"end":{"line":1905,"column":null}},"60":{"start":{"line":1908,"column":4},"end":{"line":1921,"column":null}},"61":{"start":{"line":1909,"column":25},"end":{"line":1909,"column":null}},"62":{"start":{"line":1910,"column":6},"end":{"line":1917,"column":null}},"63":{"start":{"line":1911,"column":26},"end":{"line":1911,"column":null}},"64":{"start":{"line":1912,"column":8},"end":{"line":1914,"column":null}},"65":{"start":{"line":1913,"column":10},"end":{"line":1913,"column":null}},"66":{"start":{"line":1918,"column":20},"end":{"line":1918,"column":null}},"67":{"start":{"line":1919,"column":6},"end":{"line":1919,"column":null}},"68":{"start":{"line":1920,"column":6},"end":{"line":1920,"column":null}},"69":{"start":{"line":1922,"column":4},"end":{"line":1922,"column":null}},"70":{"start":{"line":1922,"column":33},"end":{"line":1922,"column":null}},"71":{"start":{"line":1923,"column":4},"end":{"line":1923,"column":null}},"72":{"start":{"line":1927,"column":20},"end":{"line":1927,"column":null}},"73":{"start":{"line":1929,"column":4},"end":{"line":1956,"column":null}},"74":{"start":{"line":1960,"column":4},"end":{"line":1972,"column":null}},"75":{"start":{"line":1982,"column":22},"end":{"line":1984,"column":null}},"76":{"start":{"line":1985,"column":21},"end":{"line":1988,"column":null}},"77":{"start":{"line":1991,"column":4},"end":{"line":1993,"column":null}},"78":{"start":{"line":1992,"column":6},"end":{"line":1992,"column":null}},"79":{"start":{"line":1994,"column":4},"end":{"line":1994,"column":null}},"80":{"start":{"line":1995,"column":4},"end":{"line":1995,"column":null}},"81":{"start":{"line":1999,"column":21},"end":{"line":2002,"column":null}},"82":{"start":{"line":2005,"column":4},"end":{"line":2007,"column":null}},"83":{"start":{"line":2006,"column":6},"end":{"line":2006,"column":null}},"84":{"start":{"line":2008,"column":4},"end":{"line":2008,"column":null}},"85":{"start":{"line":2009,"column":4},"end":{"line":2009,"column":null}},"86":{"start":{"line":2013,"column":4},"end":{"line":2016,"column":null}},"87":{"start":{"line":2020,"column":4},"end":{"line":2023,"column":null}},"88":{"start":{"line":2027,"column":4},"end":{"line":2027,"column":null}},"89":{"start":{"line":2031,"column":4},"end":{"line":2034,"column":null}},"90":{"start":{"line":2038,"column":4},"end":{"line":2040,"column":null}},"91":{"start":{"line":2044,"column":4},"end":{"line":2044,"column":null}},"92":{"start":{"line":2048,"column":4},"end":{"line":2048,"column":null}},"93":{"start":{"line":2049,"column":4},"end":{"line":2049,"column":null}},"94":{"start":{"line":2050,"column":4},"end":{"line":2050,"column":null}},"95":{"start":{"line":2052,"column":4},"end":{"line":2052,"column":null}},"96":{"start":{"line":2054,"column":4},"end":{"line":2061,"column":null}},"97":{"start":{"line":2055,"column":6},"end":{"line":2058,"column":null}},"98":{"start":{"line":2067,"column":4},"end":{"line":2067,"column":null}},"99":{"start":{"line":2071,"column":4},"end":{"line":2078,"column":null}},"100":{"start":{"line":2072,"column":6},"end":{"line":2072,"column":null}},"101":{"start":{"line":2073,"column":6},"end":{"line":2073,"column":null}},"102":{"start":{"line":2074,"column":6},"end":{"line":2074,"column":null}},"103":{"start":{"line":2076,"column":6},"end":{"line":2076,"column":null}},"104":{"start":{"line":2077,"column":6},"end":{"line":2077,"column":null}},"105":{"start":{"line":2082,"column":4},"end":{"line":2082,"column":null}},"106":{"start":{"line":2086,"column":4},"end":{"line":2086,"column":null}},"107":{"start":{"line":2090,"column":4},"end":{"line":2090,"column":null}},"108":{"start":{"line":2094,"column":4},"end":{"line":2097,"column":null}},"109":{"start":{"line":2101,"column":4},"end":{"line":2104,"column":null}},"110":{"start":{"line":2111,"column":4},"end":{"line":2114,"column":null}},"111":{"start":{"line":2118,"column":4},"end":{"line":2120,"column":null}},"112":{"start":{"line":2124,"column":4},"end":{"line":2126,"column":null}},"113":{"start":{"line":2130,"column":4},"end":{"line":2130,"column":null}},"114":{"start":{"line":2134,"column":4},"end":{"line":2134,"column":null}},"115":{"start":{"line":2138,"column":4},"end":{"line":2140,"column":null}},"116":{"start":{"line":2144,"column":4},"end":{"line":2147,"column":null}},"117":{"start":{"line":2162,"column":4},"end":{"line":2176,"column":null}},"118":{"start":{"line":2180,"column":4},"end":{"line":2180,"column":null}},"119":{"start":{"line":2184,"column":4},"end":{"line":2187,"column":null}},"120":{"start":{"line":2191,"column":21},"end":{"line":2193,"column":null}},"121":{"start":{"line":2195,"column":4},"end":{"line":2195,"column":null}},"122":{"start":{"line":2196,"column":4},"end":{"line":2196,"column":null}},"123":{"start":{"line":2200,"column":4},"end":{"line":2200,"column":null}},"124":{"start":{"line":2207,"column":4},"end":{"line":2207,"column":null}},"125":{"start":{"line":2211,"column":4},"end":{"line":2211,"column":null}},"126":{"start":{"line":2215,"column":4},"end":{"line":2215,"column":null}},"127":{"start":{"line":2219,"column":4},"end":{"line":2219,"column":null}},"128":{"start":{"line":2223,"column":4},"end":{"line":2226,"column":null}},"129":{"start":{"line":2230,"column":4},"end":{"line":2233,"column":null}},"130":{"start":{"line":2238,"column":4},"end":{"line":2238,"column":null}},"131":{"start":{"line":2242,"column":4},"end":{"line":2245,"column":null}},"132":{"start":{"line":2249,"column":4},"end":{"line":2252,"column":null}},"133":{"start":{"line":2256,"column":4},"end":{"line":2259,"column":null}},"134":{"start":{"line":2263,"column":4},"end":{"line":2265,"column":null}},"135":{"start":{"line":2269,"column":4},"end":{"line":2271,"column":null}},"136":{"start":{"line":2275,"column":4},"end":{"line":2277,"column":null}},"137":{"start":{"line":2281,"column":4},"end":{"line":2281,"column":null}},"138":{"start":{"line":2285,"column":4},"end":{"line":2288,"column":null}},"139":{"start":{"line":2292,"column":4},"end":{"line":2296,"column":null}},"140":{"start":{"line":2293,"column":6},"end":{"line":2293,"column":null}},"141":{"start":{"line":2295,"column":6},"end":{"line":2295,"column":null}},"142":{"start":{"line":2300,"column":4},"end":{"line":2303,"column":null}},"143":{"start":{"line":2307,"column":4},"end":{"line":2310,"column":null}},"144":{"start":{"line":2314,"column":4},"end":{"line":2317,"column":null}},"145":{"start":{"line":2321,"column":4},"end":{"line":2324,"column":null}},"146":{"start":{"line":2328,"column":4},"end":{"line":2328,"column":null}},"147":{"start":{"line":2350,"column":19},"end":{"line":2350,"column":null}},"148":{"start":{"line":2351,"column":4},"end":{"line":2351,"column":null}},"149":{"start":{"line":2351,"column":24},"end":{"line":2351,"column":null}},"150":{"start":{"line":2352,"column":4},"end":{"line":2352,"column":null}},"151":{"start":{"line":2353,"column":4},"end":{"line":2353,"column":null}},"152":{"start":{"line":2353,"column":23},"end":{"line":2353,"column":null}},"153":{"start":{"line":2354,"column":4},"end":{"line":2356,"column":null}},"154":{"start":{"line":2355,"column":6},"end":{"line":2355,"column":null}},"155":{"start":{"line":2355,"column":40},"end":{"line":2355,"column":69}},"156":{"start":{"line":2357,"column":4},"end":{"line":2357,"column":null}},"157":{"start":{"line":2357,"column":25},"end":{"line":2357,"column":null}},"158":{"start":{"line":2358,"column":4},"end":{"line":2358,"column":null}},"159":{"start":{"line":2358,"column":29},"end":{"line":2358,"column":null}},"160":{"start":{"line":2359,"column":4},"end":{"line":2359,"column":null}},"161":{"start":{"line":2359,"column":31},"end":{"line":2359,"column":null}},"162":{"start":{"line":2360,"column":4},"end":{"line":2360,"column":null}},"163":{"start":{"line":2360,"column":22},"end":{"line":2360,"column":null}},"164":{"start":{"line":2361,"column":4},"end":{"line":2361,"column":null}},"165":{"start":{"line":2361,"column":20},"end":{"line":2361,"column":null}},"166":{"start":{"line":2362,"column":4},"end":{"line":2366,"column":null}},"167":{"start":{"line":2363,"column":6},"end":{"line":2365,"column":null}},"168":{"start":{"line":2364,"column":8},"end":{"line":2364,"column":null}},"169":{"start":{"line":2364,"column":17},"end":{"line":2364,"column":null}},"170":{"start":{"line":2367,"column":4},"end":{"line":2367,"column":null}},"171":{"start":{"line":2367,"column":32},"end":{"line":2367,"column":null}},"172":{"start":{"line":2368,"column":4},"end":{"line":2368,"column":null}},"173":{"start":{"line":2368,"column":36},"end":{"line":2368,"column":null}},"174":{"start":{"line":2369,"column":4},"end":{"line":2369,"column":null}},"175":{"start":{"line":2369,"column":38},"end":{"line":2369,"column":null}},"176":{"start":{"line":2370,"column":4},"end":{"line":2374,"column":null}},"177":{"start":{"line":2371,"column":6},"end":{"line":2373,"column":null}},"178":{"start":{"line":2372,"column":8},"end":{"line":2372,"column":null}},"179":{"start":{"line":2372,"column":17},"end":{"line":2372,"column":null}},"180":{"start":{"line":2376,"column":21},"end":{"line":2376,"column":null}},"181":{"start":{"line":2377,"column":44},"end":{"line":2377,"column":null}},"182":{"start":{"line":2378,"column":17},"end":{"line":2395,"column":null}},"183":{"start":{"line":2378,"column":36},"end":{"line":2395,"column":6}},"184":{"start":{"line":2397,"column":4},"end":{"line":2401,"column":null}},"185":{"start":{"line":2419,"column":19},"end":{"line":2419,"column":null}},"186":{"start":{"line":2420,"column":4},"end":{"line":2420,"column":null}},"187":{"start":{"line":2420,"column":24},"end":{"line":2420,"column":null}},"188":{"start":{"line":2421,"column":4},"end":{"line":2421,"column":null}},"189":{"start":{"line":2422,"column":4},"end":{"line":2422,"column":null}},"190":{"start":{"line":2422,"column":23},"end":{"line":2422,"column":null}},"191":{"start":{"line":2423,"column":4},"end":{"line":2425,"column":null}},"192":{"start":{"line":2424,"column":6},"end":{"line":2424,"column":null}},"193":{"start":{"line":2424,"column":40},"end":{"line":2424,"column":70}},"194":{"start":{"line":2426,"column":4},"end":{"line":2426,"column":null}},"195":{"start":{"line":2426,"column":25},"end":{"line":2426,"column":null}},"196":{"start":{"line":2427,"column":4},"end":{"line":2427,"column":null}},"197":{"start":{"line":2427,"column":29},"end":{"line":2427,"column":null}},"198":{"start":{"line":2428,"column":4},"end":{"line":2428,"column":null}},"199":{"start":{"line":2428,"column":31},"end":{"line":2428,"column":null}},"200":{"start":{"line":2429,"column":4},"end":{"line":2429,"column":null}},"201":{"start":{"line":2429,"column":22},"end":{"line":2429,"column":null}},"202":{"start":{"line":2430,"column":4},"end":{"line":2430,"column":null}},"203":{"start":{"line":2430,"column":20},"end":{"line":2430,"column":null}},"204":{"start":{"line":2431,"column":4},"end":{"line":2435,"column":null}},"205":{"start":{"line":2432,"column":6},"end":{"line":2434,"column":null}},"206":{"start":{"line":2433,"column":8},"end":{"line":2433,"column":null}},"207":{"start":{"line":2433,"column":17},"end":{"line":2433,"column":null}},"208":{"start":{"line":2437,"column":21},"end":{"line":2437,"column":null}},"209":{"start":{"line":2438,"column":44},"end":{"line":2438,"column":null}},"210":{"start":{"line":2439,"column":17},"end":{"line":2456,"column":null}},"211":{"start":{"line":2439,"column":36},"end":{"line":2456,"column":6}},"212":{"start":{"line":2458,"column":4},"end":{"line":2462,"column":null}},"213":{"start":{"line":2469,"column":19},"end":{"line":2469,"column":null}},"214":{"start":{"line":2470,"column":4},"end":{"line":2470,"column":null}},"215":{"start":{"line":2470,"column":22},"end":{"line":2470,"column":null}},"216":{"start":{"line":2471,"column":4},"end":{"line":2471,"column":null}},"217":{"start":{"line":2471,"column":20},"end":{"line":2471,"column":null}},"218":{"start":{"line":2472,"column":18},"end":{"line":2472,"column":null}},"219":{"start":{"line":2473,"column":21},"end":{"line":2475,"column":null}},"220":{"start":{"line":2477,"column":24},"end":{"line":2480,"column":null}},"221":{"start":{"line":2478,"column":6},"end":{"line":2480,"column":null}},"222":{"start":{"line":2479,"column":8},"end":{"line":2479,"column":null}},"223":{"start":{"line":2481,"column":4},"end":{"line":2486,"column":null}},"224":{"start":{"line":2494,"column":19},"end":{"line":2494,"column":null}},"225":{"start":{"line":2495,"column":4},"end":{"line":2495,"column":null}},"226":{"start":{"line":2496,"column":4},"end":{"line":2496,"column":null}},"227":{"start":{"line":2496,"column":22},"end":{"line":2496,"column":null}},"228":{"start":{"line":2497,"column":4},"end":{"line":2497,"column":null}},"229":{"start":{"line":2497,"column":20},"end":{"line":2497,"column":null}},"230":{"start":{"line":2498,"column":4},"end":{"line":2498,"column":null}},"231":{"start":{"line":2498,"column":23},"end":{"line":2498,"column":null}},"232":{"start":{"line":2499,"column":4},"end":{"line":2501,"column":null}},"233":{"start":{"line":2513,"column":19},"end":{"line":2513,"column":null}},"234":{"start":{"line":2514,"column":4},"end":{"line":2514,"column":null}},"235":{"start":{"line":2514,"column":23},"end":{"line":2514,"column":null}},"236":{"start":{"line":2515,"column":4},"end":{"line":2517,"column":null}},"237":{"start":{"line":2516,"column":6},"end":{"line":2516,"column":null}},"238":{"start":{"line":2516,"column":40},"end":{"line":2516,"column":69}},"239":{"start":{"line":2518,"column":4},"end":{"line":2518,"column":null}},"240":{"start":{"line":2518,"column":25},"end":{"line":2518,"column":null}},"241":{"start":{"line":2519,"column":4},"end":{"line":2519,"column":null}},"242":{"start":{"line":2519,"column":29},"end":{"line":2519,"column":null}},"243":{"start":{"line":2522,"column":4},"end":{"line":2522,"column":null}},"244":{"start":{"line":2538,"column":19},"end":{"line":2538,"column":null}},"245":{"start":{"line":2539,"column":4},"end":{"line":2539,"column":null}},"246":{"start":{"line":2539,"column":23},"end":{"line":2539,"column":null}},"247":{"start":{"line":2540,"column":4},"end":{"line":2542,"column":null}},"248":{"start":{"line":2541,"column":6},"end":{"line":2541,"column":null}},"249":{"start":{"line":2541,"column":40},"end":{"line":2541,"column":69}},"250":{"start":{"line":2543,"column":4},"end":{"line":2543,"column":null}},"251":{"start":{"line":2543,"column":25},"end":{"line":2543,"column":null}},"252":{"start":{"line":2544,"column":4},"end":{"line":2544,"column":null}},"253":{"start":{"line":2544,"column":29},"end":{"line":2544,"column":null}},"254":{"start":{"line":2545,"column":4},"end":{"line":2545,"column":null}},"255":{"start":{"line":2545,"column":22},"end":{"line":2545,"column":null}},"256":{"start":{"line":2546,"column":4},"end":{"line":2546,"column":null}},"257":{"start":{"line":2546,"column":20},"end":{"line":2546,"column":null}},"258":{"start":{"line":2547,"column":4},"end":{"line":2551,"column":null}},"259":{"start":{"line":2548,"column":6},"end":{"line":2550,"column":null}},"260":{"start":{"line":2549,"column":8},"end":{"line":2549,"column":null}},"261":{"start":{"line":2549,"column":17},"end":{"line":2549,"column":null}},"262":{"start":{"line":2552,"column":4},"end":{"line":2552,"column":null}},"263":{"start":{"line":2552,"column":32},"end":{"line":2552,"column":null}},"264":{"start":{"line":2553,"column":4},"end":{"line":2553,"column":null}},"265":{"start":{"line":2553,"column":36},"end":{"line":2553,"column":null}},"266":{"start":{"line":2554,"column":4},"end":{"line":2554,"column":null}},"267":{"start":{"line":2554,"column":38},"end":{"line":2554,"column":null}},"268":{"start":{"line":2555,"column":4},"end":{"line":2559,"column":null}},"269":{"start":{"line":2556,"column":6},"end":{"line":2558,"column":null}},"270":{"start":{"line":2557,"column":8},"end":{"line":2557,"column":null}},"271":{"start":{"line":2557,"column":17},"end":{"line":2557,"column":null}},"272":{"start":{"line":2560,"column":4},"end":{"line":2560,"column":null}},"273":{"start":{"line":2581,"column":19},"end":{"line":2581,"column":null}},"274":{"start":{"line":2582,"column":4},"end":{"line":2582,"column":null}},"275":{"start":{"line":2582,"column":26},"end":{"line":2582,"column":null}},"276":{"start":{"line":2583,"column":4},"end":{"line":2583,"column":null}},"277":{"start":{"line":2583,"column":25},"end":{"line":2583,"column":null}},"278":{"start":{"line":2584,"column":21},"end":{"line":2586,"column":null}},"279":{"start":{"line":2587,"column":4},"end":{"line":2595,"column":null}},"280":{"start":{"line":2588,"column":52},"end":{"line":2592,"column":8}},"281":{"start":{"line":2616,"column":19},"end":{"line":2616,"column":null}},"282":{"start":{"line":2617,"column":4},"end":{"line":2617,"column":null}},"283":{"start":{"line":2618,"column":4},"end":{"line":2618,"column":null}},"284":{"start":{"line":2618,"column":23},"end":{"line":2618,"column":null}},"285":{"start":{"line":2619,"column":21},"end":{"line":2621,"column":null}},"286":{"start":{"line":2622,"column":4},"end":{"line":2629,"column":null}},"287":{"start":{"line":2624,"column":50},"end":{"line":2627,"column":8}},"288":{"start":{"line":2649,"column":19},"end":{"line":2649,"column":null}},"289":{"start":{"line":2650,"column":4},"end":{"line":2650,"column":null}},"290":{"start":{"line":2650,"column":23},"end":{"line":2650,"column":null}},"291":{"start":{"line":2652,"column":21},"end":{"line":2655,"column":null}},"292":{"start":{"line":2656,"column":4},"end":{"line":2656,"column":null}},"293":{"start":{"line":2656,"column":22},"end":{"line":2656,"column":null}},"294":{"start":{"line":2658,"column":17},"end":{"line":2658,"column":null}},"295":{"start":{"line":2659,"column":16},"end":{"line":2659,"column":null}},"296":{"start":{"line":2660,"column":14},"end":{"line":2660,"column":null}},"297":{"start":{"line":2661,"column":4},"end":{"line":2661,"column":null}},"298":{"start":{"line":2662,"column":4},"end":{"line":2662,"column":null}},"299":{"start":{"line":2663,"column":4},"end":{"line":2663,"column":null}},"300":{"start":{"line":2664,"column":4},"end":{"line":2664,"column":null}},"301":{"start":{"line":2665,"column":4},"end":{"line":2665,"column":null}},"302":{"start":{"line":2666,"column":4},"end":{"line":2666,"column":null}},"303":{"start":{"line":2673,"column":19},"end":{"line":2673,"column":null}},"304":{"start":{"line":2674,"column":4},"end":{"line":2674,"column":null}},"305":{"start":{"line":2675,"column":4},"end":{"line":2675,"column":null}},"306":{"start":{"line":2675,"column":29},"end":{"line":2675,"column":null}},"307":{"start":{"line":2676,"column":4},"end":{"line":2676,"column":null}},"308":{"start":{"line":2676,"column":27},"end":{"line":2676,"column":null}},"309":{"start":{"line":2677,"column":17},"end":{"line":2680,"column":null}},"310":{"start":{"line":2683,"column":4},"end":{"line":2687,"column":null}},"311":{"start":{"line":2683,"column":30},"end":{"line":2687,"column":6}},"312":{"start":{"line":2694,"column":19},"end":{"line":2694,"column":null}},"313":{"start":{"line":2695,"column":4},"end":{"line":2695,"column":null}},"314":{"start":{"line":2696,"column":4},"end":{"line":2696,"column":null}},"315":{"start":{"line":2696,"column":29},"end":{"line":2696,"column":null}},"316":{"start":{"line":2697,"column":4},"end":{"line":2697,"column":null}},"317":{"start":{"line":2697,"column":27},"end":{"line":2697,"column":null}},"318":{"start":{"line":2698,"column":4},"end":{"line":2700,"column":null}},"319":{"start":{"line":2704,"column":4},"end":{"line":2704,"column":null}},"320":{"start":{"line":2708,"column":4},"end":{"line":2710,"column":null}},"321":{"start":{"line":2714,"column":4},"end":{"line":2716,"column":null}},"322":{"start":{"line":2720,"column":4},"end":{"line":2722,"column":null}},"323":{"start":{"line":2726,"column":4},"end":{"line":2728,"column":null}},"324":{"start":{"line":2732,"column":4},"end":{"line":2732,"column":null}},"325":{"start":{"line":2736,"column":4},"end":{"line":2738,"column":null}},"326":{"start":{"line":2745,"column":19},"end":{"line":2745,"column":null}},"327":{"start":{"line":2746,"column":4},"end":{"line":2746,"column":null}},"328":{"start":{"line":2747,"column":4},"end":{"line":2747,"column":null}},"329":{"start":{"line":2748,"column":4},"end":{"line":2748,"column":null}},"330":{"start":{"line":2749,"column":4},"end":{"line":2749,"column":null}},"331":{"start":{"line":2749,"column":29},"end":{"line":2749,"column":null}},"332":{"start":{"line":2750,"column":4},"end":{"line":2750,"column":null}},"333":{"start":{"line":2754,"column":4},"end":{"line":2754,"column":null}},"334":{"start":{"line":2758,"column":4},"end":{"line":2760,"column":null}},"335":{"start":{"line":2764,"column":4},"end":{"line":2766,"column":null}},"336":{"start":{"line":2770,"column":4},"end":{"line":2776,"column":null}},"337":{"start":{"line":2771,"column":6},"end":{"line":2773,"column":null}},"338":{"start":{"line":2775,"column":6},"end":{"line":2775,"column":null}},"339":{"start":{"line":2780,"column":4},"end":{"line":2782,"column":null}},"340":{"start":{"line":2789,"column":19},"end":{"line":2789,"column":null}},"341":{"start":{"line":2790,"column":4},"end":{"line":2790,"column":null}},"342":{"start":{"line":2791,"column":4},"end":{"line":2791,"column":null}},"343":{"start":{"line":2792,"column":4},"end":{"line":2792,"column":null}},"344":{"start":{"line":2792,"column":24},"end":{"line":2792,"column":null}},"345":{"start":{"line":2793,"column":4},"end":{"line":2795,"column":null}},"346":{"start":{"line":2799,"column":4},"end":{"line":2801,"column":null}},"347":{"start":{"line":2805,"column":4},"end":{"line":2808,"column":null}},"348":{"start":{"line":2812,"column":4},"end":{"line":2812,"column":null}},"349":{"start":{"line":2820,"column":4},"end":{"line":2823,"column":null}},"350":{"start":{"line":2830,"column":4},"end":{"line":2833,"column":null}},"351":{"start":{"line":2837,"column":4},"end":{"line":2839,"column":null}},"352":{"start":{"line":2844,"column":4},"end":{"line":2844,"column":null}},"353":{"start":{"line":2848,"column":4},"end":{"line":2848,"column":null}},"354":{"start":{"line":2852,"column":4},"end":{"line":2855,"column":null}},"355":{"start":{"line":2859,"column":4},"end":{"line":2859,"column":null}},"356":{"start":{"line":2863,"column":4},"end":{"line":2863,"column":null}},"357":{"start":{"line":2867,"column":4},"end":{"line":2869,"column":null}},"358":{"start":{"line":2873,"column":4},"end":{"line":2877,"column":null}},"359":{"start":{"line":2881,"column":4},"end":{"line":2883,"column":null}},"360":{"start":{"line":2887,"column":4},"end":{"line":2890,"column":null}},"361":{"start":{"line":2894,"column":4},"end":{"line":2897,"column":null}},"362":{"start":{"line":2902,"column":4},"end":{"line":2910,"column":null}},"363":{"start":{"line":2914,"column":4},"end":{"line":2924,"column":null}},"364":{"start":{"line":2928,"column":4},"end":{"line":2942,"column":null}},"365":{"start":{"line":2946,"column":4},"end":{"line":2948,"column":null}},"366":{"start":{"line":2952,"column":4},"end":{"line":2963,"column":null}},"367":{"start":{"line":2967,"column":4},"end":{"line":2972,"column":null}},"368":{"start":{"line":2976,"column":4},"end":{"line":2987,"column":null}},"369":{"start":{"line":2991,"column":4},"end":{"line":2998,"column":null}},"370":{"start":{"line":3002,"column":4},"end":{"line":3008,"column":null}},"371":{"start":{"line":3012,"column":19},"end":{"line":3012,"column":null}},"372":{"start":{"line":3013,"column":4},"end":{"line":3013,"column":null}},"373":{"start":{"line":3013,"column":16},"end":{"line":3013,"column":null}},"374":{"start":{"line":3014,"column":4},"end":{"line":3029,"column":null}},"375":{"start":{"line":3033,"column":4},"end":{"line":3036,"column":null}},"376":{"start":{"line":3040,"column":4},"end":{"line":3043,"column":null}},"377":{"start":{"line":3047,"column":4},"end":{"line":3056,"column":null}},"378":{"start":{"line":3065,"column":4},"end":{"line":3068,"column":null}},"379":{"start":{"line":3072,"column":4},"end":{"line":3072,"column":null}},"380":{"start":{"line":3076,"column":18},"end":{"line":3076,"column":null}},"381":{"start":{"line":3077,"column":4},"end":{"line":3077,"column":null}},"382":{"start":{"line":3081,"column":4},"end":{"line":3084,"column":null}},"383":{"start":{"line":3088,"column":4},"end":{"line":3091,"column":null}},"384":{"start":{"line":3095,"column":4},"end":{"line":3101,"column":null}},"385":{"start":{"line":3105,"column":4},"end":{"line":3105,"column":null}},"386":{"start":{"line":3110,"column":4},"end":{"line":3110,"column":null}},"387":{"start":{"line":3114,"column":4},"end":{"line":3117,"column":null}},"388":{"start":{"line":3124,"column":4},"end":{"line":3127,"column":null}},"389":{"start":{"line":3131,"column":4},"end":{"line":3133,"column":null}},"390":{"start":{"line":3138,"column":21},"end":{"line":3140,"column":null}},"391":{"start":{"line":3141,"column":4},"end":{"line":3141,"column":null}},"392":{"start":{"line":3148,"column":4},"end":{"line":3151,"column":null}},"393":{"start":{"line":3156,"column":17},"end":{"line":3156,"column":null}},"394":{"start":{"line":3157,"column":4},"end":{"line":3157,"column":null}},"395":{"start":{"line":3157,"column":29},"end":{"line":3157,"column":55}},"396":{"start":{"line":3161,"column":16},"end":{"line":3161,"column":null}},"397":{"start":{"line":3162,"column":4},"end":{"line":3162,"column":null}},"398":{"start":{"line":3166,"column":4},"end":{"line":3169,"column":null}},"399":{"start":{"line":3173,"column":4},"end":{"line":3175,"column":null}},"400":{"start":{"line":3179,"column":19},"end":{"line":3179,"column":null}},"401":{"start":{"line":3180,"column":4},"end":{"line":3180,"column":null}},"402":{"start":{"line":3180,"column":14},"end":{"line":3180,"column":null}},"403":{"start":{"line":3181,"column":4},"end":{"line":3181,"column":null}},"404":{"start":{"line":3181,"column":12},"end":{"line":3181,"column":null}},"405":{"start":{"line":3182,"column":4},"end":{"line":3182,"column":null}},"406":{"start":{"line":3182,"column":18},"end":{"line":3182,"column":null}},"407":{"start":{"line":3183,"column":18},"end":{"line":3183,"column":null}},"408":{"start":{"line":3184,"column":4},"end":{"line":3186,"column":null}},"409":{"start":{"line":3190,"column":21},"end":{"line":3192,"column":null}},"410":{"start":{"line":3193,"column":4},"end":{"line":3203,"column":null}},"411":{"start":{"line":3193,"column":45},"end":{"line":3203,"column":6}},"412":{"start":{"line":3213,"column":19},"end":{"line":3213,"column":null}},"413":{"start":{"line":3214,"column":4},"end":{"line":3214,"column":null}},"414":{"start":{"line":3214,"column":14},"end":{"line":3214,"column":null}},"415":{"start":{"line":3215,"column":4},"end":{"line":3215,"column":null}},"416":{"start":{"line":3215,"column":12},"end":{"line":3215,"column":null}},"417":{"start":{"line":3216,"column":4},"end":{"line":3216,"column":null}},"418":{"start":{"line":3216,"column":18},"end":{"line":3216,"column":null}},"419":{"start":{"line":3217,"column":18},"end":{"line":3217,"column":null}},"420":{"start":{"line":3218,"column":4},"end":{"line":3220,"column":null}},"421":{"start":{"line":3224,"column":19},"end":{"line":3224,"column":null}},"422":{"start":{"line":3225,"column":4},"end":{"line":3225,"column":null}},"423":{"start":{"line":3229,"column":21},"end":{"line":3229,"column":null}},"424":{"start":{"line":3230,"column":4},"end":{"line":3235,"column":null}},"425":{"start":{"line":3232,"column":89},"end":{"line":3232,"column":113}},"426":{"start":{"line":3233,"column":89},"end":{"line":3233,"column":113}},"427":{"start":{"line":3234,"column":98},"end":{"line":3234,"column":122}},"428":{"start":{"line":3239,"column":4},"end":{"line":3242,"column":null}},"429":{"start":{"line":3256,"column":4},"end":{"line":3259,"column":null}},"430":{"start":{"line":3268,"column":4},"end":{"line":3271,"column":null}},"431":{"start":{"line":3275,"column":4},"end":{"line":3277,"column":null}},"432":{"start":{"line":3283,"column":4},"end":{"line":3291,"column":null}},"433":{"start":{"line":3295,"column":21},"end":{"line":3295,"column":null}},"434":{"start":{"line":3296,"column":4},"end":{"line":3296,"column":null}},"435":{"start":{"line":3296,"column":33},"end":{"line":3296,"column":59}},"436":{"start":{"line":3300,"column":21},"end":{"line":3303,"column":null}},"437":{"start":{"line":3304,"column":4},"end":{"line":3304,"column":null}},"438":{"start":{"line":3308,"column":4},"end":{"line":3310,"column":null}},"439":{"start":{"line":3316,"column":4},"end":{"line":3316,"column":null}},"440":{"start":{"line":3320,"column":4},"end":{"line":3320,"column":null}},"441":{"start":{"line":3324,"column":4},"end":{"line":3327,"column":null}},"442":{"start":{"line":3331,"column":4},"end":{"line":3334,"column":null}},"443":{"start":{"line":3338,"column":4},"end":{"line":3340,"column":null}},"444":{"start":{"line":3344,"column":4},"end":{"line":3346,"column":null}},"445":{"start":{"line":3350,"column":4},"end":{"line":3352,"column":null}},"446":{"start":{"line":3356,"column":19},"end":{"line":3356,"column":null}},"447":{"start":{"line":3357,"column":4},"end":{"line":3357,"column":null}},"448":{"start":{"line":3357,"column":14},"end":{"line":3357,"column":null}},"449":{"start":{"line":3358,"column":4},"end":{"line":3358,"column":null}},"450":{"start":{"line":3358,"column":12},"end":{"line":3358,"column":null}},"451":{"start":{"line":3359,"column":18},"end":{"line":3359,"column":null}},"452":{"start":{"line":3360,"column":4},"end":{"line":3362,"column":null}},"453":{"start":{"line":3368,"column":4},"end":{"line":3368,"column":null}},"454":{"start":{"line":3372,"column":4},"end":{"line":3372,"column":null}},"455":{"start":{"line":3376,"column":4},"end":{"line":3376,"column":null}},"456":{"start":{"line":3380,"column":4},"end":{"line":3383,"column":null}},"457":{"start":{"line":3387,"column":4},"end":{"line":3389,"column":null}},"458":{"start":{"line":3393,"column":4},"end":{"line":3395,"column":null}},"459":{"start":{"line":3399,"column":4},"end":{"line":3401,"column":null}},"460":{"start":{"line":3405,"column":4},"end":{"line":3405,"column":null}},"461":{"start":{"line":3409,"column":4},"end":{"line":3412,"column":null}},"462":{"start":{"line":3416,"column":4},"end":{"line":3418,"column":null}},"463":{"start":{"line":3424,"column":4},"end":{"line":3424,"column":null}},"464":{"start":{"line":3428,"column":4},"end":{"line":3428,"column":null}},"465":{"start":{"line":3432,"column":4},"end":{"line":3435,"column":null}},"466":{"start":{"line":3439,"column":4},"end":{"line":3441,"column":null}},"467":{"start":{"line":3445,"column":4},"end":{"line":3447,"column":null}},"468":{"start":{"line":3451,"column":4},"end":{"line":3453,"column":null}},"469":{"start":{"line":3459,"column":4},"end":{"line":3459,"column":null}},"470":{"start":{"line":3463,"column":4},"end":{"line":3466,"column":null}},"471":{"start":{"line":3470,"column":4},"end":{"line":3473,"column":null}},"472":{"start":{"line":3477,"column":4},"end":{"line":3479,"column":null}},"473":{"start":{"line":3483,"column":4},"end":{"line":3485,"column":null}},"474":{"start":{"line":3489,"column":4},"end":{"line":3489,"column":null}},"475":{"start":{"line":3493,"column":4},"end":{"line":3496,"column":null}},"476":{"start":{"line":3500,"column":4},"end":{"line":3500,"column":null}},"477":{"start":{"line":3506,"column":4},"end":{"line":3506,"column":null}},"478":{"start":{"line":3510,"column":4},"end":{"line":3510,"column":null}},"479":{"start":{"line":3514,"column":4},"end":{"line":3517,"column":null}},"480":{"start":{"line":3521,"column":4},"end":{"line":3524,"column":null}},"481":{"start":{"line":3528,"column":4},"end":{"line":3530,"column":null}},"482":{"start":{"line":3534,"column":4},"end":{"line":3537,"column":null}},"483":{"start":{"line":3541,"column":4},"end":{"line":3543,"column":null}},"484":{"start":{"line":3547,"column":4},"end":{"line":3547,"column":null}},"485":{"start":{"line":3551,"column":4},"end":{"line":3554,"column":null}},"486":{"start":{"line":3558,"column":4},"end":{"line":3561,"column":null}},"487":{"start":{"line":3565,"column":4},"end":{"line":3568,"column":null}},"488":{"start":{"line":3572,"column":4},"end":{"line":3575,"column":null}},"489":{"start":{"line":3579,"column":4},"end":{"line":3581,"column":null}},"490":{"start":{"line":3585,"column":4},"end":{"line":3587,"column":null}},"491":{"start":{"line":3593,"column":22},"end":{"line":3593,"column":null}},"492":{"start":{"line":3594,"column":21},"end":{"line":3594,"column":null}},"493":{"start":{"line":3595,"column":4},"end":{"line":3597,"column":null}},"494":{"start":{"line":3596,"column":6},"end":{"line":3596,"column":null}},"495":{"start":{"line":3598,"column":4},"end":{"line":3598,"column":null}},"496":{"start":{"line":3602,"column":22},"end":{"line":3602,"column":null}},"497":{"start":{"line":3603,"column":21},"end":{"line":3603,"column":null}},"498":{"start":{"line":3604,"column":4},"end":{"line":3606,"column":null}},"499":{"start":{"line":3605,"column":6},"end":{"line":3605,"column":null}},"500":{"start":{"line":3607,"column":4},"end":{"line":3607,"column":null}},"501":{"start":{"line":3614,"column":4},"end":{"line":3614,"column":null}},"502":{"start":{"line":3618,"column":4},"end":{"line":3621,"column":null}},"503":{"start":{"line":3626,"column":4},"end":{"line":3626,"column":null}},"504":{"start":{"line":3630,"column":4},"end":{"line":3633,"column":null}},"505":{"start":{"line":3638,"column":4},"end":{"line":3638,"column":null}},"506":{"start":{"line":3642,"column":4},"end":{"line":3642,"column":null}},"507":{"start":{"line":3646,"column":4},"end":{"line":3649,"column":null}},"508":{"start":{"line":3653,"column":4},"end":{"line":3656,"column":null}},"509":{"start":{"line":3660,"column":4},"end":{"line":3662,"column":null}},"510":{"start":{"line":3666,"column":4},"end":{"line":3666,"column":null}},"511":{"start":{"line":3670,"column":4},"end":{"line":3673,"column":null}},"512":{"start":{"line":3677,"column":4},"end":{"line":3679,"column":null}},"513":{"start":{"line":3684,"column":4},"end":{"line":3684,"column":null}},"514":{"start":{"line":3688,"column":4},"end":{"line":3688,"column":null}},"515":{"start":{"line":3692,"column":4},"end":{"line":3695,"column":null}},"516":{"start":{"line":3699,"column":4},"end":{"line":3702,"column":null}},"517":{"start":{"line":3706,"column":4},"end":{"line":3708,"column":null}},"518":{"start":{"line":3713,"column":19},"end":{"line":3713,"column":null}},"519":{"start":{"line":3714,"column":4},"end":{"line":3714,"column":null}},"520":{"start":{"line":3714,"column":25},"end":{"line":3714,"column":null}},"521":{"start":{"line":3715,"column":4},"end":{"line":3715,"column":null}},"522":{"start":{"line":3715,"column":32},"end":{"line":3715,"column":null}},"523":{"start":{"line":3716,"column":4},"end":{"line":3716,"column":null}},"524":{"start":{"line":3716,"column":27},"end":{"line":3716,"column":null}},"525":{"start":{"line":3717,"column":4},"end":{"line":3717,"column":null}},"526":{"start":{"line":3717,"column":25},"end":{"line":3717,"column":null}},"527":{"start":{"line":3719,"column":18},"end":{"line":3719,"column":null}},"528":{"start":{"line":3720,"column":4},"end":{"line":3720,"column":null}},"529":{"start":{"line":3724,"column":4},"end":{"line":3724,"column":null}},"530":{"start":{"line":3728,"column":4},"end":{"line":3728,"column":null}},"531":{"start":{"line":3732,"column":4},"end":{"line":3734,"column":null}},"532":{"start":{"line":3738,"column":4},"end":{"line":3740,"column":null}},"533":{"start":{"line":3744,"column":4},"end":{"line":3747,"column":null}},"534":{"start":{"line":3751,"column":4},"end":{"line":3754,"column":null}},"535":{"start":{"line":3758,"column":4},"end":{"line":3760,"column":null}},"536":{"start":{"line":3764,"column":4},"end":{"line":3766,"column":null}},"537":{"start":{"line":3771,"column":4},"end":{"line":3774,"column":null}},"538":{"start":{"line":3778,"column":4},"end":{"line":3780,"column":null}},"539":{"start":{"line":3785,"column":4},"end":{"line":3788,"column":null}},"540":{"start":{"line":3792,"column":19},"end":{"line":3792,"column":null}},"541":{"start":{"line":3793,"column":4},"end":{"line":3793,"column":null}},"542":{"start":{"line":3793,"column":24},"end":{"line":3793,"column":null}},"543":{"start":{"line":3794,"column":4},"end":{"line":3794,"column":null}},"544":{"start":{"line":3794,"column":31},"end":{"line":3794,"column":null}},"545":{"start":{"line":3795,"column":4},"end":{"line":3795,"column":null}},"546":{"start":{"line":3799,"column":4},"end":{"line":3799,"column":null}},"547":{"start":{"line":3803,"column":4},"end":{"line":3805,"column":null}},"548":{"start":{"line":3809,"column":4},"end":{"line":3809,"column":null}},"549":{"start":{"line":3813,"column":4},"end":{"line":3816,"column":null}},"550":{"start":{"line":3822,"column":4},"end":{"line":3825,"column":null}},"551":{"start":{"line":3829,"column":4},"end":{"line":3832,"column":null}},"552":{"start":{"line":3836,"column":4},"end":{"line":3836,"column":null}},"553":{"start":{"line":3840,"column":4},"end":{"line":3840,"column":null}},"554":{"start":{"line":3844,"column":4},"end":{"line":3844,"column":null}},"555":{"start":{"line":3850,"column":4},"end":{"line":3850,"column":null}},"556":{"start":{"line":3854,"column":25},"end":{"line":3854,"column":null}},"557":{"start":{"line":3855,"column":4},"end":{"line":3855,"column":null}},"558":{"start":{"line":3855,"column":22},"end":{"line":3855,"column":null}},"559":{"start":{"line":3856,"column":4},"end":{"line":3856,"column":null}},"560":{"start":{"line":3856,"column":22},"end":{"line":3856,"column":null}},"561":{"start":{"line":3857,"column":4},"end":{"line":3857,"column":null}},"562":{"start":{"line":3857,"column":25},"end":{"line":3857,"column":null}},"563":{"start":{"line":3858,"column":4},"end":{"line":3858,"column":null}},"564":{"start":{"line":3858,"column":21},"end":{"line":3858,"column":null}},"565":{"start":{"line":3859,"column":4},"end":{"line":3859,"column":null}},"566":{"start":{"line":3859,"column":23},"end":{"line":3859,"column":null}},"567":{"start":{"line":3860,"column":4},"end":{"line":3860,"column":null}},"568":{"start":{"line":3860,"column":21},"end":{"line":3860,"column":null}},"569":{"start":{"line":3861,"column":4},"end":{"line":3861,"column":null}},"570":{"start":{"line":3861,"column":25},"end":{"line":3861,"column":null}},"571":{"start":{"line":3862,"column":4},"end":{"line":3862,"column":null}},"572":{"start":{"line":3866,"column":4},"end":{"line":3866,"column":null}},"573":{"start":{"line":3870,"column":4},"end":{"line":3870,"column":null}},"574":{"start":{"line":3874,"column":4},"end":{"line":3874,"column":null}},"575":{"start":{"line":3878,"column":4},"end":{"line":3878,"column":null}},"576":{"start":{"line":3882,"column":4},"end":{"line":3885,"column":null}},"577":{"start":{"line":3889,"column":4},"end":{"line":3891,"column":null}},"578":{"start":{"line":3895,"column":4},"end":{"line":3895,"column":null}},"579":{"start":{"line":3899,"column":4},"end":{"line":3902,"column":null}},"580":{"start":{"line":3906,"column":4},"end":{"line":3906,"column":null}},"581":{"start":{"line":3910,"column":4},"end":{"line":3913,"column":null}},"582":{"start":{"line":3917,"column":4},"end":{"line":3919,"column":null}},"583":{"start":{"line":3923,"column":19},"end":{"line":3923,"column":null}}},"fnMap":{"0":{"name":"formatErrorForLogging","decl":{"start":{"line":23,"column":16},"end":{"line":23,"column":38}},"loc":{"start":{"line":23,"column":62},"end":{"line":31,"column":null}},"line":23},"1":{"name":"(anonymous_1)","decl":{"start":{"line":1795,"column":10},"end":{"line":1795,"column":47}},"loc":{"start":{"line":1795,"column":47},"end":{"line":1797,"column":null}},"line":1795},"2":{"name":"(anonymous_2)","decl":{"start":{"line":1799,"column":10},"end":{"line":1799,"column":43}},"loc":{"start":{"line":1799,"column":43},"end":{"line":1801,"column":null}},"line":1799},"3":{"name":"(anonymous_3)","decl":{"start":{"line":1803,"column":10},"end":{"line":1803,"column":26}},"loc":{"start":{"line":1803,"column":47},"end":{"line":1805,"column":null}},"line":1803},"4":{"name":"(anonymous_4)","decl":{"start":{"line":1807,"column":10},"end":{"line":1807,"column":37}},"loc":{"start":{"line":1807,"column":37},"end":{"line":1809,"column":null}},"line":1807},"5":{"name":"(anonymous_5)","decl":{"start":{"line":1811,"column":16},"end":{"line":1811,"column":55}},"loc":{"start":{"line":1811,"column":55},"end":{"line":1857,"column":null}},"line":1811},"6":{"name":"(anonymous_6)","decl":{"start":{"line":1859,"column":16},"end":{"line":1859,"column":27}},"loc":{"start":{"line":1859,"column":84},"end":{"line":1924,"column":null}},"line":1859},"7":{"name":"(anonymous_7)","decl":{"start":{"line":1881,"column":64},"end":{"line":1881,"column":70}},"loc":{"start":{"line":1881,"column":70},"end":{"line":1883,"column":9}},"line":1881},"8":{"name":"(anonymous_8)","decl":{"start":{"line":1926,"column":10},"end":{"line":1926,"column":27}},"loc":{"start":{"line":1926,"column":83},"end":{"line":1957,"column":null}},"line":1926},"9":{"name":"(anonymous_9)","decl":{"start":{"line":1959,"column":10},"end":{"line":1959,"column":25}},"loc":{"start":{"line":1959,"column":68},"end":{"line":1973,"column":null}},"line":1959},"10":{"name":"(anonymous_10)","decl":{"start":{"line":1975,"column":8},"end":{"line":1975,"column":null}},"loc":{"start
[...]
line":209,"column":6},"end":{"line":209,"column":25}},{"start":{"line":209,"column":25},"end":{"line":209,"column":38}}],"line":209},"49":{"loc":{"start":{"line":215,"column":2},"end":{"line":215,"column":null}},"type":"if","locations":[{"start":{"line":215,"column":2},"end":{"line":215,"column":null}},{"start":{},"end":{}}],"line":215},"50":{"loc":{"start":{"line":216,"column":2},"end":{"line":216,"column":null}},"type":"if","locations":[{"start":{"line":216,"column":2},"end":{"line":216,"column":null}},{"start":{},"end":{}}],"line":216},"51":{"loc":{"start":{"line":216,"column":6},"end":{"line":216,"column":64}},"type":"binary-expr","locations":[{"start":{"line":216,"column":6},"end":{"line":216,"column":44}},{"start":{"line":216,"column":44},"end":{"line":216,"column":64}}],"line":216},"52":{"loc":{"start":{"line":223,"column":2},"end":{"line":223,"column":null}},"type":"default-arg","locations":[{"start":{"line":223,"column":12},"end":{"line":223,"column":null}}],"line":223},"53":{"loc":{"start":{"line":239,"column":18},"end":{"line":239,"column":null}},"type":"cond-expr","locations":[{"start":{"line":239,"column":49},"end":{"line":239,"column":70}},{"start":{"line":239,"column":70},"end":{"line":239,"column":null}}],"line":239}},"s":{"0":1,"1":1,"2":1,"3":115,"4":115,"5":0,"6":29,"7":29,"8":1,"9":28,"10":172,"11":0,"12":172,"13":86,"14":0,"15":86,"16":0,"17":86,"18":0,"19":86,"20":86,"21":0,"22":29,"23":0,"24":29,"25":29,"26":3,"27":24,"28":1,"29":0,"30":1,"31":108,"32":29,"33":29,"34":29,"35":29,"36":29,"37":28,"38":28,"39":28,"40":0,"41":29,"42":29,"43":29,"44":29,"45":29,"46":29,"47":29,"48":29,"49":29,"50":29,"51":29,"52":28,"53":1,"54":29,"55":29,"56":29,"57":29,"58":29,"59":29,"60":29,"61":0,"62":0,"63":29,"64":29,"65":29,"66":0,"67":29,"68":0,"69":29,"70":1,"71":29,"72":0,"73":29,"74":0,"75":29,"76":0,"77":29,"78":0,"79":29,"80":29,"81":2,"82":27,"83":27,"84":27,"85":27,"86":27,"87":27,"88":27,"89":27,"90":27,"91":27,"92":27,"93":27,"94":27,"95":27,"96":29,"97":2,"98":27,"99":26,"100":1,"101":29,"102":29,"103":29,"104":29,"105":29,"106":29,"107":29},"f":{"0":115,"1":29,"2":172,"3":86,"4":29,"5":29,"6":108,"7":29,"8":29,"9":29,"10":29,"11":29},"b":{"0":[115,0],"1":[1,28],"2":[0,172],"3":[172,172],"4":[0,86],"5":[86,86],"6":[0,86],"7":[0,86],"8":[86,0],"9":[0,29],"10":[3,24,1,0,1],"11":[29,0],"12":[29,29],"13":[0,29],"14":[28,1],"15":[28,0],"16":[28,28],"17":[0,28],"18":[29,0],"19":[29,29],"20":[0,29],"21":[29,0],"22":[29,0],"23":[29,0],"24":[29,28,28],"25":[28,1],"26":[27,2],"27":[1,1],"28":[29,0],"29":[29,29],"30":[0,0],"31":[29,0],"32":[0,29],"33":[0,29],"34":[29,0],"35":[1,28],"36":[0,29],"37":[0,29],"38":[0,29],"39":[0,29],"40":[2,27],"41":[27,0],"42":[27,27],"43":[27,0],"44":[27,27],"45":[27,0],"46":[27,27],"47":[27,0],"48":[27,27],"49":[2,27],"50":[26,1],"51":[27,26],"52":[29],"53":[1,28]},"meta":{"lastBranch":54,"lastFunction":12,"lastStatement":108,"seen":{"s:17:21:17:Infinity":0,"s:18:35:18:Infinity":1,"s:19:27:19:Infinity":2,"f:81:9:81:29":0,"b:82:2:82:Infinity:undefined:undefined:undefined:undefined":0,"s:82:2:82:Infinity":3,"s:82:31:82:Infinity":4,"s:83:2:83:Infinity":5,"f:86:9:86:25":1,"s:87:18:87:Infinity":6,"b:88:2:90:Infinity:undefined:undefined:undefined:undefined":1,"s:88:2:90:Infinity":7,"s:89:4:89:Infinity":8,"s:91:2:91:Infinity":9,"f:94:9:94:21":2,"b:95:2:95:Infinity:undefined:undefined:undefined:undefined":2,"s:95:2:95:Infinity":10,"s:95:21:95:Infinity":11,"s:96:2:96:Infinity":12,"b:96:9:96:40:96:40:96:Infinity":3,"f:99:9:99:26":3,"b:100:2:100:Infinity:undefined:undefined:undefined:undefined":4,"s:100:2:100:Infinity":13,"b:100:6:100:23:100:23:100:36":5,"s:100:36:100:Infinity":14,"b:101:2:101:Infinity:undefined:undefined:undefined:undefined":6,"s:101:2:101:Infinity":15,"s:101:26:101:Infinity":16,"b:102:2:102:Infinity:undefined:undefined:undefined:undefined":7,"s:102:2:102:Infinity":17,"s:102:26:102:Infinity":18,"b:103:2:103:Infinity:undefined:undefined:undefined:undefined":8,"s:103:2:103:Infinity":19,"s:103:22:103:Infinity":20,"s:104:2:104:Infinity":21,"f:107:9:107:28":4,"b:108:2:108:Infinity:undefined:undefined:undefined:undefined":9,"s:108:2:108:Infinity":22,"s:108:48:108:Infinity":23,"s:109:2:109:Infinity":24,"f:112:9:112:25":5,"b:114:4:115:Infinity:116:4:117:Infinity:118:4:119:Infinity:120:4:121:Infinity:122:4:123:Infinity":10,"s:113:2:124:Infinity":25,"s:115:6:115:Infinity":26,"s:117:6:117:Infinity":27,"s:119:6:119:Infinity":28,"s:121:6:121:Infinity":29,"s:123:6:123:Infinity":30,"f:127:9:127:25":6,"s:128:2:128:Infinity":31,"f:131:9:131:29":7,"s:132:27:132:Infinity":32,"s:134:21:134:Infinity":33,"b:135:2:137:Infinity:undefined:undefined:undefined:undefined":11,"s:135:2:137:Infinity":34,"b:135:6:135:28:135:28:135:44":12,"s:136:4:136:Infinity":35,"b:136:45:136:59:136:59:136:87":13,"b:139:2:146:Infinity:undefined:undefined:undefined:undefined":14,"s:139:2:146:Infinity":36,"s:140:24:140:Infinity":37,"b:141:4:145:Infinity:143:11:145:Infinity":15,"s:141:4:145:Infinity":38,"b:141:8:141:31:141:31:141:48":16,"s:142:6:142:Infinity":39,"b:142:48:142:62:142:62:142:91":17,"s:144:6:144:Infinity":40,"s:148:2:148:Infinity":41,"s:150:19:150:Infinity":42,"b:151:2:153:Infinity:undefined:undefined:undefined:undefined":18,"s:151:2:153:Infinity":43,"b:151:6:151:26:151:26:151:40":19,"s:152:4:152:Infinity":44,"b:152:43:152:57:152:57:152:83":20,"s:155:35:155:Infinity":45,"s:156:17:156:Infinity":46,"s:157:17:157:Infinity":47,"b:157:17:157:42:157:42:157:Infinity":21,"s:158:20:158:Infinity":48,"b:158:20:158:48:158:48:158:Infinity":22,"s:159:17:159:Infinity":49,"b:159:17:159:42:159:42:159:Infinity":23,"s:160:18:160:Infinity":50,"b:160:18:160:39:160:39:160:63:160:63:160:Infinity":24,"b:161:2:165:Infinity:163:9:165:Infinity":25,"s:161:2:165:Infinity":51,"s:162:4:162:Infinity":52,"s:164:4:164:Infinity":53,"s:166:2:166:Infinity":54,"s:168:2:168:Infinity":55,"b:168:41:168:64:168:64:168:129":26,"b:168:119:168:124:168:124:168:127":27,"s:169:2:169:Infinity":56,"s:171:2:171:Infinity":57,"f:174:9:174:31":8,"s:175:29:175:Infinity":58,"b:177:2:181:Infinity:179:2:181:Infinity":28,"s:177:2:181:Infinity":59,"b:177:6:177:33:177:33:177:69":29,"s:178:4:178:Infinity":60,"b:179:2:181:Infinity:undefined:undefined:undefined:undefined":30,"s:179:2:181:Infinity":61,"s:180:4:180:Infinity":62,"b:183:2:183:Infinity:undefined:undefined:undefined:undefined":31,"s:183:2:183:Infinity":63,"s:183:25:183:Infinity":64,"b:184:2:184:Infinity:undefined:undefined:undefined:undefined":32,"s:184:2:184:Infinity":65,"s:184:27:184:Infinity":66,"b:185:2:187:Infinity:undefined:undefined:undefined:undefined":33,"s:185:2:187:Infinity":67,"b:185:6:185:28:185:28:185:60":34,"s:186:4:186:Infinity":68,"b:188:2:188:Infinity:undefined:undefined:undefined:undefined":35,"s:188:2:188:Infinity":69,"s:188:24:188:Infinity":70,"b:189:2:189:Infinity:undefined:undefined:undefined:undefined":36,"s:189:2:189:Infinity":71,"s:189:24:189:Infinity":72,"b:190:2:190:Infinity:undefined:undefined:undefined:undefined":37,"s:190:2:190:Infinity":73,"s:190:35:190:Infinity":74,"b:191:2:191:Infinity:undefined:undefined:undefined:undefined":38,"s:191:2:191:Infinity":75,"s:191:23:191:Infinity":76,"b:192:2:192:Infinity:undefined:undefined:undefined:undefined":39,"s:192:2:192:Infinity":77,"s:192:35:192:Infinity":78,"s:194:2:194:Infinity":79,"f:197:9:197:23":9,"b:198:2:198:Infinity:undefined:undefined:undefined:undefined":40,"s:198:2:198:Infinity":80,"s:198:36:198:Infinity":81,"s:200:34:200:Infinity":82,"s:201:18:201:Infinity":83,"s:202:18:202:Infinity":84,"s:203:21:203:Infinity":85,"s:204:18:204:Infinity":86,"b:206:2:206:Infinity:undefined:undefined:undefined:undefined":41,"s:206:2:206:Infinity":87,"b:206:6:206:25:206:25:206:38":42,"s:206:38:206:Infinity":88,"b:207:2:207:Infinity:undefined:undefined:undefined:undefined":43,"s:207:2:207:Infinity":89,"b:207:6:207:28:207:28:207:44":44,"s:207:44:207:Infinity":90,"b:208:2:208:Infinity:undefined:undefined:undefined:undefined":45,"s:208:2:208:Infinity":91,"b:208:6:208:25:208:25:208:38":46,"s:208:38:208:Infinity":92,"b:209:2:209:Infinity:undefined:undefined:undefined:undefined":47,"s:209:2:209:Infinity":93,"b:209:6:209:25:209:25:209:38":48,"s:209:38:209:Infinity":94,"s:211:2:211:Infinity":95,"f:214:9:214:20":10,"b:215:2:215:Infinity:undefined:undefined:undefined:undefined":49,"s:215:2:215:Infinity":96,"s:215:36:215:Infinity":97,"b:216:2:216:Infinity:undefined:undefined:undefined:undefined":50,"s:216:2:216:Infinity":98,"b:216:6:216:44:216:44:216:64":51,"s:216:64:216:Infinity":99,"s:217:2:217:Infinity":100,"f:220:16:220:Infinity":11,"b:223:12:223:Infinity":52,"s:225:23:225:Infinity":101,"s:226:29:226:Infinity":102,"s:227:27:227:Infinity":103,"s:228:25:228:Infinity":104,"s:229:27:229:Infinity":105,"s:230:19:230:Infinity":106,"s:232:2:247:Infinity":107,"b:239:49:239:70:239:70:239:Infinity":53}}}
,"/Users/aelder/Projects/Moneat/dashboard/src/lib/project-colors.ts": {"path":"/Users/aelder/Projects/Moneat/dashboard/src/lib/project-colors.ts","statementMap":{"0":{"start":{"line":19,"column":22},"end":{"line":19,"column":null}},"1":{"start":{"line":22,"column":43},"end":{"line":49,"column":null}},"2":{"start":{"line":52,"column":2},"end":{"line":52,"column":null}},"3":{"start":{"line":56,"column":2},"end":{"line":56,"column":null}}},"fnMap":{"0":{"name":"getProjectColor","decl":{"start":{"line":18,"column":16},"end":{"line":18,"column":32}},"loc":{"start":{"line":18,"column":54},"end":{"line":53,"column":null}},"line":18},"1":{"name":"getProjectInitial","decl":{"start":{"line":55,"column":16},"end":{"line":55,"column":34}},"loc":{"start":{"line":55,"column":56},"end":{"line":57,"column":null}},"line":55}},"branchMap":{"0":{"loc":{"start":{"line":52,"column":9},"end":{"line":52,"column":null}},"type":"binary-expr","locations":[{"start":{"line":52,"column":9},"end":{"line":52,"column":34}},{"start":{"line":52,"column":34},"end":{"line":52,"column":null}}],"line":52}},"s":{"0":12,"1":12,"2":12,"3":4},"f":{"0":12,"1":4},"b":{"0":[12,3]},"meta":{"lastBranch":1,"lastFunction":2,"lastStatement":4,"seen":{"f:18:16:18:32":0,"s:19:22:19:Infinity":0,"s:22:43:49:Infinity":1,"s:52:2:52:Infinity":2,"b:52:9:52:34:52:34:52:Infinity":0,"f:55:16:55:34":1,"s:56:2:56:Infinity":3}}}
,"/Users/aelder/Projects/Moneat/dashboard/src/lib/sdk-versions.ts": {"path":"/Users/aelder/Projects/Moneat/dashboard/src/lib/sdk-versions.ts","statementMap":{"0":{"start":{"line":19,"column":48},"end":{"line":28,"column":null}},"1":{"start":{"line":34,"column":2},"end":{"line":34,"column":null}},"2":{"start":{"line":38,"column":13},"end":{"line":38,"column":null}},"3":{"start":{"line":40,"column":31},"end":{"line":40,"column":null}},"4":{"start":{"line":41,"column":2},"end":{"line":41,"column":null}},"5":{"start":{"line":43,"column":27},"end":{"line":43,"column":null}},"6":{"start":{"line":44,"column":2},"end":{"line":47,"column":null}},"7":{"start":{"line":49,"column":27},"end":{"line":49,"column":null}},"8":{"start":{"line":50,"column":2},"end":{"line":50,"column":null}},"9":{"start":{"line":52,"column":29},"end":{"line":52,"column":null}},"10":{"start":{"line":53,"column":2},"end":{"line":53,"column":null}},"11":{"start":{"line":55,"column":31},"end":{"line":55,"column":null}},"12":{"start":{"line":56,"column":2},"end":{"line":56,"column":null}},"13":{"start":{"line":58,"column":30},"end":{"line":58,"column":null}},"14":{"start":{"line":59,"column":2},"end":{"line":59,"column":null}},"15":{"start":{"line":61,"column":29},"end":{"line":61,"column":null}},"16":{"start":{"line":62,"column":2},"end":{"line":65,"column":null}},"17":{"start":{"line":67,"column":34},"end":{"line":67,"column":null}},"18":{"start":{"line":68,"column":2},"end":{"line":71,"column":null}},"19":{"start":{"line":73,"column":2},"end":{"line":73,"column":null}}},"fnMap":{"0":{"name":"resolveVersion","decl":{"start":{"line":30,"column":9},"end":{"line":30,"column":null}},"loc":{"start":{"line":33,"column":10},"end":{"line":35,"column":null}},"line":33},"1":{"name":"applySdkVersionsToSnippet","decl":{"start":{"line":37,"column":16},"end":{"line":37,"column":42}},"loc":{"start":{"line":37,"column":93},"end":{"line":74,"column":null}},"line":37}},"branchMap":{"0":{"loc":{"start":{"line":34,"column":9},"end":{"line":34,"column":null}},"type":"binary-expr","locations":[{"start":{"line":34,"column":9},"end":{"line":34,"column":31}},{"start":{"line":34,"column":31},"end":{"line":34,"column":null}}],"line":34}},"s":{"0":1,"1":96,"2":12,"3":12,"4":12,"5":12,"6":12,"7":12,"8":12,"9":12,"10":12,"11":12,"12":12,"13":12,"14":12,"15":12,"16":12,"17":12,"18":12,"19":12},"f":{"0":96,"1":12},"b":{"0":[96,94]},"meta":{"lastBranch":1,"lastFunction":2,"lastStatement":20,"seen":{"s:19:48:28:Infinity":0,"f:30:9:30:Infinity":0,"s:34:2:34:Infinity":1,"b:34:9:34:31:34:31:34:Infinity":0,"f:37:16:37:42":1,"s:38:13:38:Infinity":2,"s:40:31:40:Infinity":3,"s:41:2:41:Infinity":4,"s:43:27:43:Infinity":5,"s:44:2:47:Infinity":6,"s:49:27:49:Infinity":7,"s:50:2:50:Infinity":8,"s:52:29:52:Infinity":9,"s:53:2:53:Infinity":10,"s:55:31:55:Infinity":11,"s:56:2:56:Infinity":12,"s:58:30:58:Infinity":13,"s:59:2:59:Infinity":14,"s:61:29:61:Infinity":15,"s:62:2:65:Infinity":16,"s:67:34:67:Infinity":17,"s:68:2:71:Infinity":18,"s:73:2:73:Infinity":19}}}
,"/Users/aelder/Projects/Moneat/dashboard/src/lib/sidebar-config.ts": {"path":"/Users/aelder/Projects/Moneat/dashboard/src/lib/sidebar-config.ts","statementMap":{"0":{"start":{"line":32,"column":57},"end":{"line":44,"column":null}},"1":{"start":{"line":47,"column":36},"end":{"line":47,"column":null}},"2":{"start":{"line":54,"column":2},"end":{"line":56,"column":null}},"3":{"start":{"line":55,"column":4},"end":{"line":55,"column":null}},"4":{"start":{"line":59,"column":2},"end":{"line":59,"column":null}},"5":{"start":{"line":66,"column":2},"end":{"line":66,"column":null}},"6":{"start":{"line":66,"column":48},"end":{"line":66,"column":56}}},"fnMap":{"0":{"name":"isSidebarItemVisible","decl":{"start":{"line":52,"column":16},"end":{"line":52,"column":37}},"loc":{"start":{"line":52,"column":86},"end":{"line":60,"column":null}},"line":52},"1":{"name":"getAllSidebarItemKeys","decl":{"start":{"line":65,"column":16},"end":{"line":65,"column":50}},"loc":{"start":{"line":65,"column":50},"end":{"line":67,"column":null}},"line":65},"2":{"name":"(anonymous_2)","decl":{"start":{"line":66,"column":40},"end":{"line":66,"column":48}},"loc":{"start":{"line":66,"column":48},"end":{"line":66,"column":56}},"line":66}},"branchMap":{"0":{"loc":{"start":{"line":54,"column":2},"end":{"line":56,"column":null}},"type":"if","locations":[{"start":{"line":54,"column":2},"end":{"line":56,"column":null}},{"start":{},"end":{}}],"line":54}},"s":{"0":1,"1":1,"2":9,"3":3,"4":6,"5":2,"6":22},"f":{"0":9,"1":2,"2":22},"b":{"0":[3,6]},"meta":{"lastBranch":1,"lastFunction":3,"lastStatement":7,"seen":{"s:32:57:44:Infinity":0,"s:47:36:47:Infinity":1,"f:52:16:52:37":0,"b:54:2:56:Infinity:undefined:undefined:undefined:undefined":0,"s:54:2:56:Infinity":2,"s:55:4:55:Infinity":3,"s:59:2:59:Infinity":4,"f:65:16:65:50":1,"s:66:2:66:Infinity":5,"f:66:40:66:48":2,"s:66:48:66:56":6}}}
,"/Users/aelder/Projects/Moneat/dashboard/src/lib/timezones.ts": {"path":"/Users/aelder/Projects/Moneat/dashboard/src/lib/timezones.ts","statementMap":{"0":{"start":{"line":18,"column":25},"end":{"line":107,"column":null}}},"fnMap":{},"branchMap":{},"s":{"0":1},"f":{},"b":{},"meta":{"lastBranch":0,"lastFunction":0,"lastStatement":1,"seen":{"s:18:25:107:Infinity":0}}}
,"/Users/aelder/Projects/Moneat/dashboard/src/lib/utils.ts": {"path":"/Users/aelder/Projects/Moneat/dashboard/src/lib/utils.ts","statementMap":{"0":{"start":{"line":22,"column":2},"end":{"line":22,"column":null}},"1":{"start":{"line":26,"column":2},"end":{"line":26,"column":null}},"2":{"start":{"line":26,"column":18},"end":{"line":26,"column":null}},"3":{"start":{"line":30,"column":2},"end":{"line":36,"column":null}},"4":{"start":{"line":31,"column":4},"end":{"line":31,"column":null}},"5":{"start":{"line":32,"column":2},"end":{"line":36,"column":null}},"6":{"start":{"line":33,"column":4},"end":{"line":33,"column":null}},"7":{"start":{"line":35,"column":4},"end":{"line":35,"column":null}},"8":{"start":{"line":38,"column":8},"end":{"line":38,"column":null}},"9":{"start":{"line":39,"column":18},"end":{"line":39,"column":null}},"10":{"start":{"line":41,"column":2},"end":{"line":41,"column":null}},"11":{"start":{"line":41,"column":20},"end":{"line":41,"column":null}},"12":{"start":{"line":42,"column":2},"end":{"line":42,"column":null}},"13":{"start":{"line":42,"column":22},"end":{"line":42,"column":null}},"14":{"start":{"line":43,"column":2},"end":{"line":43,"column":null}},"15":{"start":{"line":43,"column":23},"end":{"line":43,"column":null}},"16":{"start":{"line":44,"column":2},"end":{"line":44,"column":null}},"17":{"start":{"line":44,"column":24},"end":{"line":44,"column":null}},"18":{"start":{"line":45,"column":2},"end":{"line":45,"column":null}}},"fnMap":{"0":{"name":"cn","decl":{"start":{"line":21,"column":16},"end":{"line":21,"column":22}},"loc":{"start":{"line":21,"column":44},"end":{"line":23,"column":null}},"line":21},"1":{"name":"formatRelativeTime","decl":{"start":{"line":25,"column":16},"end":{"line":25,"column":35}},"loc":{"start":{"line":25,"column":83},"end":{"line":46,"column":null}},"line":25}},"branchMap":{"0":{"loc":{"start":{"line":26,"column":2},"end":{"line":26,"column":null}},"type":"if","locations":[{"start":{"line":26,"column":2},"end":{"line":26,"column":null}},{"start":{},"end":{}}],"line":26},"1":{"loc":{"start":{"line":30,"column":2},"end":{"line":36,"column":null}},"type":"if","locations":[{"start":{"line":30,"column":2},"end":{"line":36,"column":null}},{"start":{"line":32,"column":2},"end":{"line":36,"column":null}}],"line":30},"2":{"loc":{"start":{"line":32,"column":2},"end":{"line":36,"column":null}},"type":"if","locations":[{"start":{"line":32,"column":2},"end":{"line":36,"column":null}},{"start":{"line":34,"column":9},"end":{"line":36,"column":null}}],"line":32},"3":{"loc":{"start":{"line":41,"column":2},"end":{"line":41,"column":null}},"type":"if","locations":[{"start":{"line":41,"column":2},"end":{"line":41,"column":null}},{"start":{},"end":{}}],"line":41},"4":{"loc":{"start":{"line":42,"column":2},"end":{"line":42,"column":null}},"type":"if","locations":[{"start":{"line":42,"column":2},"end":{"line":42,"column":null}},{"start":{},"end":{}}],"line":42},"5":{"loc":{"start":{"line":43,"column":2},"end":{"line":43,"column":null}},"type":"if","locations":[{"start":{"line":43,"column":2},"end":{"line":43,"column":null}},{"start":{},"end":{}}],"line":43},"6":{"loc":{"start":{"line":44,"column":2},"end":{"line":44,"column":null}},"type":"if","locations":[{"start":{"line":44,"column":2},"end":{"line":44,"column":null}},{"start":{},"end":{}}],"line":44}},"s":{"0":47,"1":9,"2":1,"3":8,"4":6,"5":2,"6":1,"7":1,"8":8,"9":8,"10":8,"11":1,"12":7,"13":7,"14":3,"15":3,"16":2,"17":2,"18":1},"f":{"0":47,"1":9},"b":{"0":[1,8],"1":[6,2],"2":[1,1],"3":[1,7],"4":[4,3],"5":[1,2],"6":[1,1]},"meta":{"lastBranch":7,"lastFunction":2,"lastStatement":19,"seen":{"f:21:16:21:22":0,"s:22:2:22:Infinity":0,"f:25:16:25:35":1,"b:26:2:26:Infinity:undefined:undefined:undefined:undefined":0,"s:26:2:26:Infinity":1,"s:26:18:26:Infinity":2,"b:30:2:36:Infinity:32:2:36:Infinity":1,"s:30:2:36:Infinity":3,"s:31:4:31:Infinity":4,"b:32:2:36:Infinity:34:9:36:Infinity":2,"s:32:2:36:Infinity":5,"s:33:4:33:Infinity":6,"s:35:4:35:Infinity":7,"s:38:8:38:Infinity":8,"s:39:18:39:Infinity":9,"b:41:2:41:Infinity:undefined:undefined:undefined:undefined":3,"s:41:2:41:Infinity":10,"s:41:20:41:Infinity":11,"b:42:2:42:Infinity:undefined:undefined:undefined:undefined":4,"s:42:2:42:Infinity":12,"s:42:22:42:Infinity":13,"b:43:2:43:Infinity:undefined:undefined:undefined:undefined":5,"s:43:2:43:Infinity":14,"s:43:23:43:Infinity":15,"b:44:2:44:Infinity:undefined:undefined:undefined:undefined":6,"s:44:2:44:Infinity":16,"s:44:24:44:Infinity":17,"s:45:2:45:Infinity":18}}}
}
