{"/Users/aelder/Projects/Moneat/dashboard/src/components/logo.tsx": {"path":"/Users/aelder/Projects/Moneat/dashboard/src/components/logo.tsx","statementMap":{"0":{"start":{"line":10,"column":2},"end":{"line":36,"column":null}},"1":{"start":{"line":11,"column":4},"end":{"line":34,"column":null}},"2":{"start":{"line":38,"column":2},"end":{"line":65,"column":null}}},"fnMap":{"0":{"name":"Logo","decl":{"start":{"line":9,"column":16},"end":{"line":9,"column":21}},"loc":{"start":{"line":9,"column":65},"end":{"line":67,"column":null}},"line":9}},"branchMap":{"0":{"loc":{"start":{"line":9,"column":34},"end":{"line":9,"column":51}},"type":"default-arg","locations":[{"start":{"line":9,"column":45},"end":{"line":9,"column":51}}],"line":9},"1":{"loc":{"start":{"line":10,"column":2},"end":{"line":36,"column":null}},"type":"if","locations":[{"start":{"line":10,"column":2},"end":{"line":36,"column":null}},{"start":{},"end":{}}],"line":10}},"s":{"0":2,"1":0,"2":2},"f":{"0":2},"b":{"0":[2],"1":[0,2]},"meta":{"lastBranch":2,"lastFunction":1,"lastStatement":3,"seen":{"f:9:16:9:21":0,"b:9:45:9:51":0,"b:10:2:36:Infinity:undefined:undefined:undefined:undefined":1,"s:10:2:36:Infinity":0,"s:11:4:34:Infinity":1,"s:38:2:65:Infinity":2}}}
,"/Users/aelder/Projects/Moneat/dashboard/src/components/ui/button.tsx": {"path":"/Users/aelder/Projects/Moneat/dashboard/src/components/ui/button.tsx","statementMap":{"0":{"start":{"line":7,"column":6},"end":{"line":35,"column":null}},"1":{"start":{"line":43,"column":15},"end":{"line":54,"column":null}},"2":{"start":{"line":45,"column":17},"end":{"line":45,"column":null}},"3":{"start":{"line":46,"column":4},"end":{"line":51,"column":null}},"4":{"start":{"line":55,"column":0},"end":{"line":55,"column":null}}},"fnMap":{"0":{"name":"(anonymous_0)","decl":{"start":{"line":44,"column":2},"end":{"line":44,"column":3}},"loc":{"start":{"line":44,"column":68},"end":{"line":53,"column":null}},"line":44}},"branchMap":{"0":{"loc":{"start":{"line":44,"column":31},"end":{"line":44,"column":48}},"type":"default-arg","locations":[{"start":{"line":44,"column":41},"end":{"line":44,"column":48}}],"line":44},"1":{"loc":{"start":{"line":45,"column":17},"end":{"line":45,"column":null}},"type":"cond-expr","locations":[{"start":{"line":45,"column":27},"end":{"line":45,"column":34}},{"start":{"line":45,"column":34},"end":{"line":45,"column":null}}],"line":45}},"s":{"0":1,"1":1,"2":4,"3":4,"4":1},"f":{"0":4},"b":{"0":[4],"1":[0,4]},"meta":{"lastBranch":2,"lastFunction":1,"lastStatement":5,"seen":{"s:7:6:35:Infinity":0,"s:43:15:54:Infinity":1,"f:44:2:44:3":0,"b:44:41:44:48":0,"s:45:17:45:Infinity":2,"b:45:27:45:34:45:34:45:Infinity":1,"s:46:4:51:Infinity":3,"s:55:0:55:Infinity":4}}}
,"/Users/aelder/Projects/Moneat/dashboard/src/components/ui/input.tsx": {"path":"/Users/aelder/Projects/Moneat/dashboard/src/components/ui/input.tsx","statementMap":{"0":{"start":{"line":5,"column":14},"end":{"line":19,"column":null}},"1":{"start":{"line":7,"column":4},"end":{"line":16,"column":null}},"2":{"start":{"line":20,"column":0},"end":{"line":20,"column":null}}},"fnMap":{"0":{"name":"(anonymous_0)","decl":{"start":{"line":6,"column":2},"end":{"line":6,"column":3}},"loc":{"start":{"line":6,"column":42},"end":{"line":18,"column":null}},"line":6}},"branchMap":{},"s":{"0":1,"1":5,"2":1},"f":{"0":5},"b":{},"meta":{"lastBranch":0,"lastFunction":1,"lastStatement":3,"seen":{"s:5:14:19:Infinity":0,"f:6:2:6:3":0,"s:7:4:16:Infinity":1,"s:20:0:20:Infinity":2}}}
,"/Users/aelder/Projects/Moneat/dashboard/src/components/ui/label.tsx": {"path":"/Users/aelder/Projects/Moneat/dashboard/src/components/ui/label.tsx","statementMap":{"0":{"start":{"line":7,"column":14},"end":{"line":18,"column":null}},"1":{"start":{"line":9,"column":4},"end":{"line":16,"column":null}},"2":{"start":{"line":19,"column":0},"end":{"line":19,"column":null}}},"fnMap":{"0":{"name":"(anonymous_0)","decl":{"start":{"line":8,"column":2},"end":{"line":8,"column":3}},"loc":{"start":{"line":9,"column":4},"end":{"line":16,"column":null}},"line":9}},"branchMap":{},"s":{"0":1,"1":2,"2":1},"f":{"0":2},"b":{},"meta":{"lastBranch":0,"lastFunction":1,"lastStatement":3,"seen":{"s:7:14:18:Infinity":0,"f:8:2:8:3":0,"s:9:4:16:Infinity":1,"s:19:0:19:Infinity":2}}}
,"/Users/aelder/Projects/Moneat/dashboard/src/lib/api.ts": {"path":"/Users/aelder/Projects/Moneat/dashboard/src/lib/api.ts","statementMap":{"0":{"start":{"line":1,"column":20},"end":{"line":1,"column":null}},"1":{"start":{"line":2,"column":24},"end":{"line":2,"column":null}},"2":{"start":{"line":6,"column":2},"end":{"line":11,"column":null}},"3":{"start":{"line":7,"column":4},"end":{"line":9,"column":null}},"4":{"start":{"line":8,"column":6},"end":{"line":8,"column":null}},"5":{"start":{"line":10,"column":4},"end":{"line":10,"column":null}},"6":{"start":{"line":12,"column":2},"end":{"line":12,"column":null}},"7":{"start":{"line":1062,"column":35},"end":{"line":1062,"column":null}},"8":{"start":{"line":1065,"column":4},"end":{"line":1065,"column":null}},"9":{"start":{"line":1069,"column":18},"end":{"line":1069,"column":null}},"10":{"start":{"line":1070,"column":44},"end":{"line":1073,"column":null}},"11":{"start":{"line":1074,"column":4},"end":{"line":1074,"column":null}},"12":{"start":{"line":1074,"column":15},"end":{"line":1074,"column":null}},"13":{"start":{"line":1077,"column":4},"end":{"line":1084,"column":null}},"14":{"start":{"line":1078,"column":6},"end":{"line":1078,"column":null}},"15":{"start":{"line":1081,"column":27},"end":{"line":1081,"column":null}},"16":{"start":{"line":1082,"column":6},"end":{"line":1082,"column":null}},"17":{"start":{"line":1083,"column":6},"end":{"line":1083,"column":null}},"18":{"start":{"line":1086,"column":4},"end":{"line":1099,"column":null}},"19":{"start":{"line":1087,"column":6},"end":{"line":1087,"column":null}},"20":{"start":{"line":1089,"column":6},"end":{"line":1096,"column":null}},"21":{"start":{"line":1094,"column":8},"end":{"line":1094,"column":null}},"22":{"start":{"line":1095,"column":8},"end":{"line":1095,"column":null}},"23":{"start":{"line":1098,"column":6},"end":{"line":1098,"column":null}},"24":{"start":{"line":1101,"column":4},"end":{"line":1114,"column":null}},"25":{"start":{"line":1102,"column":25},"end":{"line":1102,"column":null}},"26":{"start":{"line":1103,"column":6},"end":{"line":1110,"column":null}},"27":{"start":{"line":1104,"column":26},"end":{"line":1104,"column":null}},"28":{"start":{"line":1105,"column":8},"end":{"line":1107,"column":null}},"29":{"start":{"line":1106,"column":10},"end":{"line":1106,"column":null}},"30":{"start":{"line":1111,"column":20},"end":{"line":1111,"column":null}},"31":{"start":{"line":1112,"column":8},"end":{"line":1112,"column":null}},"32":{"start":{"line":1113,"column":6},"end":{"line":1113,"column":null}},"33":{"start":{"line":1115,"column":4},"end":{"line":1115,"column":null}},"34":{"start":{"line":1115,"column":33},"end":{"line":1115,"column":null}},"35":{"start":{"line":1116,"column":4},"end":{"line":1116,"column":null}},"36":{"start":{"line":1120,"column":19},"end":{"line":1120,"column":null}},"37":{"start":{"line":1121,"column":4},"end":{"line":1147,"column":null}},"38":{"start":{"line":1151,"column":4},"end":{"line":1163,"column":null}},"39":{"start":{"line":1167,"column":21},"end":{"line":1170,"column":null}},"40":{"start":{"line":1171,"column":4},"end":{"line":1171,"column":null}},"41":{"start":{"line":1172,"column":4},"end":{"line":1172,"column":null}},"42":{"start":{"line":1176,"column":21},"end":{"line":1179,"column":null}},"43":{"start":{"line":1180,"column":4},"end":{"line":1180,"column":null}},"44":{"start":{"line":1181,"column":4},"end":{"line":1181,"column":null}},"45":{"start":{"line":1185,"column":4},"end":{"line":1188,"column":null}},"46":{"start":{"line":1192,"column":4},"end":{"line":1195,"column":null}},"47":{"start":{"line":1199,"column":4},"end":{"line":1199,"column":null}},"48":{"start":{"line":1203,"column":4},"end":{"line":1206,"column":null}},"49":{"start":{"line":1210,"column":4},"end":{"line":1212,"column":null}},"50":{"start":{"line":1216,"column":4},"end":{"line":1216,"column":null}},"51":{"start":{"line":1220,"column":4},"end":{"line":1220,"column":null}},"52":{"start":{"line":1221,"column":4},"end":{"line":1221,"column":null}},"53":{"start":{"line":1225,"column":4},"end":{"line":1225,"column":null}},"54":{"start":{"line":1229,"column":4},"end":{"line":1229,"column":null}},"55":{"start":{"line":1233,"column":4},"end":{"line":1233,"column":null}},"56":{"start":{"line":1237,"column":4},"end":{"line":1237,"column":null}},"57":{"start":{"line":1241,"column":4},"end":{"line":1244,"column":null}},"58":{"start":{"line":1248,"column":4},"end":{"line":1251,"column":null}},"59":{"start":{"line":1258,"column":4},"end":{"line":1261,"column":null}},"60":{"start":{"line":1265,"column":4},"end":{"line":1267,"column":null}},"61":{"start":{"line":1271,"column":4},"end":{"line":1273,"column":null}},"62":{"start":{"line":1277,"column":4},"end":{"line":1277,"column":null}},"63":{"start":{"line":1281,"column":4},"end":{"line":1281,"column":null}},"64":{"start":{"line":1285,"column":4},"end":{"line":1287,"column":null}},"65":{"start":{"line":1291,"column":4},"end":{"line":1294,"column":null}},"66":{"start":{"line":1298,"column":4},"end":{"line":1301,"column":null}},"67":{"start":{"line":1305,"column":4},"end":{"line":1305,"column":null}},"68":{"start":{"line":1312,"column":4},"end":{"line":1312,"column":null}},"69":{"start":{"line":1316,"column":4},"end":{"line":1320,"column":null}},"70":{"start":{"line":1317,"column":6},"end":{"line":1317,"column":null}},"71":{"start":{"line":1319,"column":6},"end":{"line":1319,"column":null}},"72":{"start":{"line":1324,"column":4},"end":{"line":1327,"column":null}},"73":{"start":{"line":1331,"column":4},"end":{"line":1334,"column":null}},"74":{"start":{"line":1338,"column":4},"end":{"line":1341,"column":null}},"75":{"start":{"line":1345,"column":4},"end":{"line":1348,"column":null}},"76":{"start":{"line":1352,"column":4},"end":{"line":1352,"column":null}},"77":{"start":{"line":1369,"column":19},"end":{"line":1369,"column":null}},"78":{"start":{"line":1370,"column":4},"end":{"line":1370,"column":null}},"79":{"start":{"line":1370,"column":24},"end":{"line":1370,"column":null}},"80":{"start":{"line":1371,"column":4},"end":{"line":1371,"column":null}},"81":{"start":{"line":1372,"column":4},"end":{"line":1372,"column":null}},"82":{"start":{"line":1372,"column":23},"end":{"line":1372,"column":null}},"83":{"start":{"line":1373,"column":4},"end":{"line":1375,"column":null}},"84":{"start":{"line":1374,"column":6},"end":{"line":1374,"column":null}},"85":{"start":{"line":1374,"column":40},"end":{"line":1374,"column":69}},"86":{"start":{"line":1376,"column":4},"end":{"line":1376,"column":null}},"87":{"start":{"line":1376,"column":25},"end":{"line":1376,"column":null}},"88":{"start":{"line":1377,"column":4},"end":{"line":1377,"column":null}},"89":{"start":{"line":1377,"column":29},"end":{"line":1377,"column":null}},"90":{"start":{"line":1378,"column":4},"end":{"line":1378,"column":null}},"91":{"start":{"line":1378,"column":22},"end":{"line":1378,"column":null}},"92":{"start":{"line":1379,"column":4},"end":{"line":1379,"column":null}},"93":{"start":{"line":1379,"column":20},"end":{"line":1379,"column":null}},"94":{"start":{"line":1380,"column":4},"end":{"line":1384,"column":null}},"95":{"start":{"line":1381,"column":6},"end":{"line":1383,"column":null}},"96":{"start":{"line":1382,"column":8},"end":{"line":1382,"column":null}},"97":{"start":{"line":1382,"column":17},"end":{"line":1382,"column":null}},"98":{"start":{"line":1386,"column":21},"end":{"line":1386,"column":null}},"99":{"start":{"line":1387,"column":24},"end":{"line":1387,"column":null}},"100":{"start":{"line":1388,"column":17},"end":{"line":1405,"column":null}},"101":{"start":{"line":1388,"column":36},"end":{"line":1405,"column":6}},"102":{"start":{"line":1407,"column":4},"end":{"line":1411,"column":null}},"103":{"start":{"line":1418,"column":19},"end":{"line":1418,"column":null}},"104":{"start":{"line":1419,"column":4},"end":{"line":1419,"column":null}},"105":{"start":{"line":1419,"column":22},"end":{"line":1419,"column":null}},"106":{"start":{"line":1420,"column":4},"end":{"line":1420,"column":null}},"107":{"start":{"line":1420,"column":20},"end":{"line":1420,"column":null}},"108":{"start":{"line":1421,"column":18},"end":{"line":1421,"column":null}},"109":{"start":{"line":1422,"column":21},"end":{"line":1424,"column":null}},"110":{"start":{"line":1425,"column":4},"end":{"line":1430,"column":null}},"111":{"start":{"line":1438,"column":19},"end":{"line":1438,"column":null}},"112":{"start":{"line":1439,"column":4},"end":{"line":1439,"column":null}},"113":{"start":{"line":1440,"column":4},"end":{"line":1440,"column":null}},"114":{"start":{"line":1440,"column":22},"end":{"line":1440,"column":null}},"115":{"start":{"line":1441,"column":4},"end":{"line":1441,"column":null}},"116":{"start":{"line":1441,"column":20},"end":{"line":1441,"column":null}},"117":{"start":{"line":1442,"column":4},"end":{"line":1442,"column":null}},"118":{"start":{"line":1442,"column":23},"end":{"line":1442,"column":null}},"119":{"start":{"line":1443,"column":4},"end":{"line":1445,"column":null}},"120":{"start":{"line":1457,"column":18},"end":{"line":1457,"column":null}},"121":{"start":{"line":1458,"column":4},"end":{"line":1460,"column":null}},"122":{"start":{"line":1459,"column":6},"end":{"line":1459,"column":null}},"123":{"start":{"line":1462,"column":19},"end":{"line":1462,"column":null}},"124":{"start":{"line":1463,"column":4},"end":{"line":1463,"column":null}},"125":{"start":{"line":1464,"column":4},"end":{"line":1464,"column":null}},"126":{"start":{"line":1464,"column":23},"end":{"line":1464,"column":null}},"127":{"start":{"line":1465,"column":4},"end":{"line":1467,"column":null}},"128":{"start":{"line":1466,"column":6},"end":{"line":1466,"column":null}},"129":{"start":{"line":1466,"column":40},"end":{"line":1466,"column":69}},"130":{"start":{"line":1468,"column":4},"end":{"line":1468,"column":null}},"131":{"start":{"line":1468,"column":25},"end":{"line":1468,"column":null}},"132":{"start":{"line":1469,"column":4},"end":{"line":1469,"column":null}},"133":{"start":{"line":1469,"column":29},"end":{"line":1469,"column":null}},"134":{"start":{"line":1471,"column":4},"end":{"line":1471,"column":null}},"135":{"start":{"line":1478,"column":19},"end":{"line":1478,"column":null}},"136":{"start":{"line":1479,"column":4},"end":{"line":1479,"column":null}},"137":{"start":{"line":1480,"column":4},"end":{"line":1480,"column":null}},"138":{"start":{"line":1480,"column":29},"end":{"line":1480,"column":null}},"139":{"start":{"line":1481,"column":4},"end":{"line":1481,"column":null}},"140":{"start":{"line":1481,"column":27},"end":{"line":1481,"column":null}},"141":{"start":{"line":1482,"column":17},"end":{"line":1485,"column":null}},"142":{"start":{"line":1488,"column":4},"end":{"line":1492,"column":null}},"143":{"start":{"line":1488,"column":30},"end":{"line":1492,"column":6}},"144":{"start":{"line":1499,"column":19},"end":{"line":1499,"column":null}},"145":{"start":{"line":1500,"column":4},"end":{"line":1500,"column":null}},"146":{"start":{"line":1501,"column":4},"end":{"line":1501,"column":null}},"147":{"start":{"line":1501,"column":29},"end":{"line":1501,"column":null}},"148":{"start":{"line":1502,"column":4},"end":{"line":1502,"column":null}},"149":{"start":{"line":1502,"column":27},"end":{"line":1502,"column":null}},"150":{"start":{"line":1503,"column":4},"end":{"line":1505,"column":null}},"151":{"start":{"line":1509,"column":4},"end":{"line":1509,"column":null}},"152":{"start":{"line":1513,"column":4},"end":{"line":1515,"column":null}},"153":{"start":{"line":1519,"column":4},"end":{"line":1521,"column":null}},"154":{"start":{"line":1525,"column":4},"end":{"line":1525,"column":null}},"155":{"start":{"line":1529,"column":4},"end":{"line":1531,"column":null}},"156":{"start":{"line":1538,"column":19},"end":{"line":1538,"column":null}},"157":{"start":{"line":1539,"column":4},"end":{"line":1539,"column":null}},"158":{"start":{"line":1540,"column":4},"end":{"line":1540,"column":null}},"159":{"start":{"line":1541,"column":4},"end":{"line":1541,"column":null}},"160":{"start":{"line":1542,"column":4},"end":{"line":1542,"column":null}},"161":{"start":{"line":1542,"column":29},"end":{"line":1542,"column":null}},"162":{"start":{"line":1543,"column":4},"end":{"line":1543,"column":null}},"163":{"start":{"line":1547,"column":4},"end":{"line":1547,"column":null}},"164":{"start":{"line":1551,"column":4},"end":{"line":1553,"column":null}},"165":{"start":{"line":1557,"column":4},"end":{"line":1559,"column":null}},"166":{"start":{"line":1563,"column":4},"end":{"line":1569,"column":null}},"167":{"start":{"line":1564,"column":6},"end":{"line":1566,"column":null}},"168":{"start":{"line":1568,"column":6},"end":{"line":1568,"column":null}},"169":{"start":{"line":1573,"column":4},"end":{"line":1575,"column":null}},"170":{"start":{"line":1582,"column":19},"end":{"line":1582,"column":null}},"171":{"start":{"line":1583,"column":4},"end":{"line":1583,"column":null}},"172":{"start":{"line":1584,"column":4},"end":{"line":1584,"column":null}},"173":{"start":{"line":1585,"column":4},"end":{"line":1585,"column":null}},"174":{"start":{"line":1585,"column":24},"end":{"line":1585,"column":null}},"175":{"start":{"line":1586,"column":4},"end":{"line":1588,"column":null}},"176":{"start":{"line":1592,"column":4},"end":{"line":1594,"column":null}},"177":{"start":{"line":1598,"column":4},"end":{"line":1601,"column":null}},"178":{"start":{"line":1605,"column":4},"end":{"line":1605,"column":null}},"179":{"start":{"line":1613,"column":4},"end":{"line":1616,"column":null}},"180":{"start":{"line":1623,"column":4},"end":{"line":1626,"column":null}},"181":{"start":{"line":1630,"column":4},"end":{"line":1632,"column":null}},"182":{"start":{"line":1637,"column":4},"end":{"line":1637,"column":null}},"183":{"start":{"line":1641,"column":4},"end":{"line":1641,"column":null}},"184":{"start":{"line":1645,"column":4},"end":{"line":1648,"column":null}},"185":{"start":{"line":1652,"column":4},"end":{"line":1652,"column":null}},"186":{"start":{"line":1656,"column":4},"end":{"line":1656,"column":null}},"187":{"start":{"line":1660,"column":4},"end":{"line":1662,"column":null}},"188":{"start":{"line":1666,"column":4},"end":{"line":1670,"column":null}},"189":{"start":{"line":1674,"column":4},"end":{"line":1676,"column":null}},"190":{"start":{"line":1680,"column":4},"end":{"line":1683,"column":null}},"191":{"start":{"line":1688,"column":4},"end":{"line":1696,"column":null}},"192":{"start":{"line":1700,"column":4},"end":{"line":1710,"column":null}},"193":{"start":{"line":1714,"column":4},"end":{"line":1728,"column":null}},"194":{"start":{"line":1732,"column":4},"end":{"line":1734,"column":null}},"195":{"start":{"line":1738,"column":4},"end":{"line":1748,"column":null}},"196":{"start":{"line":1752,"column":4},"end":{"line":1757,"column":null}},"197":{"start":{"line":1761,"column":4},"end":{"line":1772,"column":null}},"198":{"start":{"line":1776,"column":4},"end":{"line":1783,"column":null}},"199":{"start":{"line":1787,"column":4},"end":{"line":1793,"column":null}},"200":{"start":{"line":1797,"column":4},"end":{"line":1805,"column":null}},"201":{"start":{"line":1809,"column":18},"end":{"line":1809,"column":null}},"202":{"start":{"line":1810,"column":4},"end":{"line":1810,"column":null}},"203":{"start":{"line":1814,"column":4},"end":{"line":1817,"column":null}},"204":{"start":{"line":1821,"column":4},"end":{"line":1824,"column":null}},"205":{"start":{"line":1828,"column":4},"end":{"line":1834,"column":null}},"206":{"start":{"line":1838,"column":4},"end":{"line":1838,"column":null}},"207":{"start":{"line":1843,"column":4},"end":{"line":1843,"column":null}},"208":{"start":{"line":1847,"column":4},"end":{"line":1850,"column":null}},"209":{"start":{"line":1857,"column":4},"end":{"line":1860,"column":null}},"210":{"start":{"line":1864,"column":4},"end":{"line":1866,"column":null}},"211":{"start":{"line":1871,"column":17},"end":{"line":1871,"column":null}},"212":{"start":{"line":1872,"column":4},"end":{"line":1872,"column":null}},"213":{"start":{"line":1872,"column":29},"end":{"line":1872,"column":55}},"214":{"start":{"line":1876,"column":16},"end":{"line":1876,"column":null}},"215":{"start":{"line":1877,"column":4},"end":{"line":1877,"column":null}},"216":{"start":{"line":1881,"column":4},"end":{"line":1884,"column":null}},"217":{"start":{"line":1888,"column":4},"end":{"line":1890,"column":null}},"218":{"start":{"line":1894,"column":19},"end":{"line":1894,"column":null}},"219":{"start":{"line":1895,"column":4},"end":{"line":1895,"column":null}},"220":{"start":{"line":1895,"column":14},"end":{"line":1895,"column":null}},"221":{"start":{"line":1896,"column":4},"end":{"line":1896,"column":null}},"222":{"start":{"line":1896,"column":12},"end":{"line":1896,"column":null}},"223":{"start":{"line":1897,"column":4},"end":{"line":1897,"column":null}},"224":{"start":{"line":1897,"column":18},"end":{"line":1897,"column":null}},"225":{"start":{"line":1898,"column":18},"end":{"line":1898,"column":null}},"226":{"start":{"line":1899,"column":4},"end":{"line":1901,"column":null}},"227":{"start":{"line":1905,"column":21},"end":{"line":1907,"column":null}},"228":{"start":{"line":1908,"column":4},"end":{"line":1918,"column":null}},"229":{"start":{"line":1908,"column":45},"end":{"line":1918,"column":6}},"230":{"start":{"line":1928,"column":19},"end":{"line":1928,"column":null}},"231":{"start":{"line":1929,"column":4},"end":{"line":1929,"column":null}},"232":{"start":{"line":1929,"column":14},"end":{"line":1929,"column":null}},"233":{"start":{"line":1930,"column":4},"end":{"line":1930,"column":null}},"234":{"start":{"line":1930,"column":12},"end":{"line":1930,"column":null}},"235":{"start":{"line":1931,"column":4},"end":{"line":1931,"column":null}},"236":{"start":{"line":1931,"column":18},"end":{"line":1931,"column":null}},"237":{"start":{"line":1932,"column":18},"end":{"line":1932,"column":null}},"238":{"start":{"line":1933,"column":4},"end":{"line":1935,"column":null}},"239":{"start":{"line":1939,"column":19},"end":{"line":1939,"column":null}},"240":{"start":{"line":1940,"column":4},"end":{"line":1940,"column":null}},"241":{"start":{"line":1944,"column":21},"end":{"line":1944,"column":null}},"242":{"start":{"line":1945,"column":4},"end":{"line":1950,"column":null}},"243":{"start":{"line":1947,"column":94},"end":{"line":1947,"column":118}},"244":{"start":{"line":1948,"column":94},"end":{"line":1948,"column":118}},"245":{"start":{"line":1949,"column":103},"end":{"line":1949,"column":127}},"246":{"start":{"line":1954,"column":4},"end":{"line":1957,"column":null}},"247":{"start":{"line":1971,"column":4},"end":{"line":1974,"column":null}},"248":{"start":{"line":1983,"column":4},"end":{"line":1986,"column":null}},"249":{"start":{"line":1990,"column":4},"end":{"line":1992,"column":null}},"250":{"start":{"line":1998,"column":4},"end":{"line":1998,"column":null}},"251":{"start":{"line":2002,"column":4},"end":{"line":2002,"column":null}},"252":{"start":{"line":2006,"column":4},"end":{"line":2009,"column":null}},"253":{"start":{"line":2013,"column":4},"end":{"line":2016,"column":null}},"254":{"start":{"line":2020,"column":4},"end":{"line":2022,"column":null}},"255":{"start":{"line":2026,"column":4},"end":{"line":2028,"column":null}},"256":{"start":{"line":2032,"column":4},"end":{"line":2034,"column":null}},"257":{"start":{"line":2038,"column":19},"end":{"line":2038,"column":null}},"258":{"start":{"line":2039,"column":4},"end":{"line":2039,"column":null}},"259":{"start":{"line":2039,"column":14},"end":{"line":2039,"column":null}},"260":{"start":{"line":2040,"column":4},"end":{"line":2040,"column":null}},"261":{"start":{"line":2040,"column":12},"end":{"line":2040,"column":null}},"262":{"start":{"line":2041,"column":18},"end":{"line":2041,"column":null}},"263":{"start":{"line":2042,"column":4},"end":{"line":2044,"column":null}},"264":{"start":{"line":2050,"column":4},"end":{"line":2050,"column":null}},"265":{"start":{"line":2054,"column":4},"end":{"line":2054,"column":null}},"266":{"start":{"line":2058,"column":4},"end":{"line":2058,"column":null}},"267":{"start":{"line":2062,"column":4},"end":{"line":2065,"column":null}},"268":{"start":{"line":2069,"column":4},"end":{"line":2071,"column":null}},"269":{"start":{"line":2075,"column":4},"end":{"line":2077,"column":null}},"270":{"start":{"line":2081,"column":4},"end":{"line":2083,"column":null}},"271":{"start":{"line":2089,"column":4},"end":{"line":2089,"column":null}},"272":{"start":{"line":2093,"column":4},"end":{"line":2096,"column":null}},"273":{"start":{"line":2100,"column":4},"end":{"line":2103,"column":null}},"274":{"start":{"line":2107,"column":4},"end":{"line":2109,"column":null}},"275":{"start":{"line":2113,"column":4},"end":{"line":2115,"column":null}},"276":{"start":{"line":2119,"column":4},"end":{"line":2119,"column":null}},"277":{"start":{"line":2123,"column":4},"end":{"line":2126,"column":null}},"278":{"start":{"line":2130,"column":4},"end":{"line":2130,"column":null}},"279":{"start":{"line":2136,"column":4},"end":{"line":2136,"column":null}},"280":{"start":{"line":2140,"column":4},"end":{"line":2140,"column":null}},"281":{"start":{"line":2144,"column":4},"end":{"line":2147,"column":null}},"282":{"start":{"line":2151,"column":4},"end":{"line":2154,"column":null}},"283":{"start":{"line":2158,"column":4},"end":{"line":2160,"column":null}},"284":{"start":{"line":2164,"column":4},"end":{"line":2167,"column":null}},"285":{"start":{"line":2171,"column":4},"end":{"line":2173,"column":null}},"286":{"start":{"line":2177,"column":4},"end":{"line":2177,"column":null}},"287":{"start":{"line":2181,"column":4},"end":{"line":2184,"column":null}},"288":{"start":{"line":2188,"column":4},"end":{"line":2191,"column":null}},"289":{"start":{"line":2195,"column":4},"end":{"line":2198,"column":null}},"290":{"start":{"line":2202,"column":4},"end":{"line":2205,"column":null}},"291":{"start":{"line":2209,"column":4},"end":{"line":2211,"column":null}},"292":{"start":{"line":2215,"column":4},"end":{"line":2217,"column":null}},"293":{"start":{"line":2223,"column":22},"end":{"line":2223,"column":null}},"294":{"start":{"line":2224,"column":21},"end":{"line":2224,"column":null}},"295":{"start":{"line":2225,"column":4},"end":{"line":2227,"column":null}},"296":{"start":{"line":2226,"column":6},"end":{"line":2226,"column":null}},"297":{"start":{"line":2228,"column":4},"end":{"line":2228,"column":null}},"298":{"start":{"line":2232,"column":22},"end":{"line":2232,"column":null}},"299":{"start":{"line":2233,"column":21},"end":{"line":2233,"column":null}},"300":{"start":{"line":2234,"column":4},"end":{"line":2236,"column":null}},"301":{"start":{"line":2235,"column":6},"end":{"line":2235,"column":null}},"302":{"start":{"line":2237,"column":4},"end":{"line":2237,"column":null}},"303":{"start":{"line":2241,"column":19},"end":{"line":2241,"column":null}}},"fnMap":{"0":{"name":"formatErrorForLogging","decl":{"start":{"line":5,"column":16},"end":{"line":5,"column":38}},"loc":{"start":{"line":5,"column":62},"end":{"line":13,"column":null}},"line":5},"1":{"name":"(anonymous_1)","decl":{"start":{"line":1064,"column":10},"end":{"line":1064,"column":36}},"loc":{"start":{"line":1064,"column":36},"end":{"line":1066,"column":null}},"line":1064},"2":{"name":"(anonymous_2)","decl":{"start":{"line":1068,"column":16},"end":{"line":1068,"column":27}},"loc":{"start":{"line":1068,"column":84},"end":{"line":1117,"column":null}},"line":1068},"3":{"name":"(anonymous_3)","decl":{"start":{"line":1119,"column":10},"end":{"line":1119,"column":27}},"loc":{"start":{"line":1119,"column":63},"end":{"line":1148,"column":null}},"line":1119},"4":{"name":"(anonymous_4)","decl":{"start":{"line":1150,"column":10},"end":{"line":1150,"column":25}},"loc":{"start":{"line":1150,"column":48},"end":{"line":1164,"column":null}},"line":1150},"5":{"name":"(anonymous_5)","decl":{"start":{"line":1166,"column":8},"end":{"line":1166,"column":15}},"loc":{"start":{"line":1166,"column":131},"end":{"line":1173,"column":null}},"line":1166},"6":{"name":"(anonymous_6)","decl":{"start":{"line":1175,"column":8},"end":{"line":1175,"column":14}},"loc":{"start":{"line":1175,"column":70},"end":{"line":1182,"column":null}},"line":1175},"7":{"name":"(anonymous_7)","decl":{"start":{"line":1184,"column":8},"end":{"line":1184,"column":16}},"loc":{"start":{"line":1184,"column":122},"end":{"line":1189,"column":null}},"line":1184},"8":{"name":"(anonymous_8)","decl":{"start":{"line":1191,"column":8},"end":{"line":1191,"column":25}},"loc":{"start":{"line":1191,"column":72},"end":{"line":1196,"column":null}},"line":1191},"9":{"name":"(anonymous_9)","decl":{"start":{"line":1198,"column":8},"end":{"line":1198,"column":21}},"loc":{"start":{"line":1198,"column":59},"end":{"line":1200,"column":null}},"line":1198},"10":{"name":"(anonymous_10)","decl":{"start":{"line":1202,"column":8},"end":{"line":1202,"column":21}},"loc":{"start":{"line":1202,"column":72},"end":{"line":1207,"column":null}},"line":1202},"11":{"name":"(anonymous_11)","decl":{"start":{"line":1209,"column":8},"end":{"line":1209,"column":24}},"loc":{"start":{"line":1209,"column":63},"end":{"line":1213,"column":null}},"line":1209},"12":{"name":"(anonymous_12)","decl":{"start":{"line":1215,"column":8},"end":{"line":1215,"column":24}},"loc":{"start":{"line":1215,"column":68},"end":{"line":1217,"column":null}},"line":1215},"13":{"name":"(anonymous_13)","decl":{"start":{"line":1219,"column":2},"end":{"line":1219,"column":11}},"loc":{"start":{"line":1219,"column":11},"end":{"line":1222,"column":null}},"line":1219},"14":{"name":"(anonymous_14)","decl":{"start":{"line":1224,"column":2},"end":{"line":1224,"column":29}},"loc":{"start":{"line":1224,"column":29},"end":{"line":1226,"column":null}},"line":1224},"15":{"name":"(anonymous_15)","decl":{"start":{"line":1228,"column":8},"end":{"line":1228,"column":42}},"loc":{"start":{"line":1228,"column":42},"end":{"line":1230,"column":null}},"line":1228},"16":{"name":"(anonymous_16)","decl":{"start":{"line":1232,"column":8},"end":{"line":1232,"column":19}},"loc":{"start":{"line":1232,"column":56},"end":{"line":1234,"column":null}},"line":1232},"17":{"name":"(anonymous_17)","decl":{"start":{"line":1236,"column":8},"end":{"line":1236,"column":55}},"loc":{"start":{"line":1236,"column":55},"end":{"line":1238,"column":null}},"line":1236},"18":{"name":"(anonymous_18)","decl":{"start":{"line":1240,"column":8},"end":{"line":1240,"column":22}},"loc":{"start":{"line":1240,"column":94},"end":{"line":1245,"column":null}},"line":1240},"19":{"name":"(anonymous_19)","decl":{"start":{"line":1247,"column":8},"end":{"line":1247,"column":25}},"loc":{"start":{"line":1247,"column":81},"end":{"line":1252,"column":null}},"line":1247},"20":{"name":"(anonymous_20)","decl":{"start":{"line":1254,"column":8},"end":{"line":1254,"column":null}},"loc":{"start":{"line":1257,"column":19},"end":{"line":1262,"column":null}},"line":1257},"21":{"name":"(anonymous_21)","decl":{"start":{"line":1264,"column":8},"end":{"line":1264,"column":22}},"loc":{"start":{"line":1264,"column":56},"end":{"line":1268,"column":null}},"line":1264},"22":{"name":"(anonymous_22)","decl":{"start":{"line":1270,"column":8},"end":{"line":1270,"column":18}},"loc":{"start":{"line":1270,"column":77},"end":{"line":1274,"column":null}},"line":1270},"23":{"name":"(anonymous_23)","decl":{"start":{"line":1276,"column":8},"end":{"line":1276,"column":17}},"loc":{"start":{"line":1276,"column":56},"end":{"line":1278,"column":null}},"line":1276},"24":{"name":"(anonymous_24)","decl":{"start":{"line":1280,"column":8},"end":{"line":1280,"column":23}},"loc":{"start":{"line":1280,"column":70},"end":{"line":1282,"column":null}},"line":1280},"25":{"name":"(anonymous_25)","decl":{"start":{"line":1284,"column":8},"end":{"line":1284,"column":29}},"loc":{"start":{"line":1284,"column":87},"end":{"line":1288,"column":null}},"line":1284},"26":{"name":"(anonymous_26)","decl":{"start":{"line":1290,"column":8},"end":{"line":1290,"column":20}},"loc":{"start":{"line":1290,"column":82},"end":{"line":1295,"column":null}},"line":1290},"27":{"name":"(anonymous_27)","decl":{"start":{"line":1297,"column":8},"end":{"line":1297,"column":27}},"loc":{"start":{"line":1297,"column":183},"end":{"line":1302,"column":null}},"line":1297},"28":{"name":"(anonymous_28)","decl":{"start":{"line":1304,"column":8},"end":{"line":1304,"column":153}},"loc":{"start":{"line":1304,"column":153},"end":{"line":1306,"column":null}},"line":1304},"29":{"name":"(anonymous_29)","decl":{"start":{"line":1308,"column":8},"end":{"line":1308,"column":87}},"loc":{"start":{"line":1308,"column":87},"end":{"line":1313,"column":null}},"line":1308},"30":{"name":"(anonymous_30)","decl":{"start":{"line":1315,"column":8},"end":{"line":1315,"column":74}},"loc":{"start":{"line":1315,"column":74},"end":{"line":1321,"column":null}},"line":1315},"31":{"name":"(anonymous_31)","decl":{"start":{"line":1323,"column":8},"end":{"line":1323,"column":32}},"loc":{"start":{"line":1323,"column":77},"end":{"line":1328,"column":null}},"line":1323},"32":{"name":"(anonymous_32)","decl":{"start":{"line":1330,"column":8},"end":{"line":1330,"column":20}},"loc":{"start":{"line":1330,"column":65},"end":{"line":1335,"column":null}},"line":1330},"33":{"name":"(anonymous_33)","decl":{"start":{"line":1337,"column":8},"end":{"line":1337,"column":23}},"loc":{"start":{"line":1337,"column":68},"end":{"line":1342,"column":null}},"line":1337},"34":{"name":"(anonymous_34)","decl":{"start":{"line":1344,"column":8},"end":{"line":1344,"column":22}},"loc":{"start":{"line":1344,"column":88},"end":{"line":1349,"column":null}},"line":1344},"35":{"name":"(anonymous_35)","decl":{"start":{"line":1351,"column":8},"end":{"line":1351,"column":24}},"loc":{"start":{"line":1351,"column":111},"end":{"line":1353,"column":null}},"line":1351},"36":{"name":"(anonymous_36)","decl":{"start":{"line":1355,"column":8},"end":{"line":1355,"column":null}},"loc":{"start":{"line":1368,"column":31},"end":{"line":1412,"column":null}},"line":1368},"37":{"name":"(anonymous_37)","decl":{"start":{"line":1374,"column":29},"end":{"line":1374,"column":30}},"loc":{"start":{"line":1374,"column":40},"end":{"line":1374,"column":69}},"line":1374},"38":{"name":"(anonymous_38)","decl":{"start":{"line":1381,"column":43},"end":{"line":1381,"column":44}},"loc":{"start":{"line":1381,"column":61},"end":{"line":1383,"column":7}},"line":1381},"39":{"name":"(anonymous_39)","decl":{"start":{"line":1388,"column":26},"end":{"line":1388,"column":27}},"loc":{"start":{"line":1388,"column":36},"end":{"line":1405,"column":6}},"line":1388},"40":{"name":"(anonymous_40)","decl":{"start":{"line":1414,"column":8},"end":{"line":1414,"column":null}},"loc":{"start":{"line":1417,"column":31},"end":{"line":1431,"column":null}},"line":1417},"41":{"name":"(anonymous_41)","decl":{"start":{"line":1433,"column":8},"end":{"line":1433,"column":null}},"loc":{"start":{"line":1437,"column":48},"end":{"line":1446,"column":null}},"line":1437},"42":{"name":"(anonymous_42)","decl":{"start":{"line":1448,"column":2},"end":{"line":1448,"column":null}},"loc":{"start":{"line":1456,"column":17},"end":{"line":1472,"column":null}},"line":1456},"43":{"name":"(anonymous_43)","decl":{"start":{"line":1466,"column":29},"end":{"line":1466,"column":30}},"loc":{"start":{"line":1466,"column":40},"end":{"line":1466,"column":69}},"line":1466},"44":{"name":"(anonymous_44)","decl":{"start":{"line":1474,"column":8},"end":{"line":1474,"column":null}},"loc":{"start":{"line":1477,"column":35},"end":{"line":1493,"column":null}},"line":1477},"45":{"name":"(anonymous_45)","decl":{"start":{"line":1488,"column":20},"end":{"line":1488,"column":21}},"loc":{"start":{"line":1488,"column":30},"end":{"line":1492,"column":6}},"line":1488},"46":{"name":"(anonymous_46)","decl":{"start":{"line":1495,"column":8},"end":{"line":1495,"column":null}},"loc":{"start":{"line":1498,"column":31},"end":{"line":1506,"column":null}},"line":1498},"47":{"name":"(anonymous_47)","decl":{"start":{"line":1508,"column":8},"end":{"line":1508,"column":23}},"loc":{"start":{"line":1508,"column":68},"end":{"line":1510,"column":null}},"line":1508},"48":{"name":"(anonymous_48)","decl":{"start":{"line":1512,"column":8},"end":{"line":1512,"column":28}},"loc":{"start":{"line":1512,"column":76},"end":{"line":1516,"column":null}},"line":1512},"49":{"name":"(anonymous_49)","decl":{"start":{"line":1518,"column":8},"end":{"line":1518,"column":25}},"loc":{"start":{"line":1518,"column":72},"end":{"line":1522,"column":null}},"line":1518},"50":{"name":"(anonymous_50)","decl":{"start":{"line":1524,"column":8},"end":{"line":1524,"column":20}},"loc":{"start":{"line":1524,"column":59},"end":{"line":1526,"column":null}},"line":1524},"51":{"name":"(anonymous_51)","decl":{"start":{"line":1528,"column":8},"end":{"line":1528,"column":24}},"loc":{"start":{"line":1528,"column":83},"end":{"line":1532,"column":null}},"line":1528},"52":{"name":"(anonymous_52)","decl":{"start":{"line":1534,"column":8},"end":{"line":1534,"column":null}},"loc":{"start":{"line":1537,"column":23},"end":{"line":1544,"column":null}},"line":1537},"53":{"name":"(anonymous_53)","decl":{"start":{"line":1546,"column":8},"end":{"line":1546,"column":18}},"loc":{"start":{"line":1546,"column":59},"end":{"line":1548,"column":null}},"line":1546},"54":{"name":"(anonymous_54)","decl":{"start":{"line":1550,"column":8},"end":{"line":1550,"column":27}},"loc":{"start":{"line":1550,"column":79},"end":{"line":1554,"column":null}},"line":1550},"55":{"name":"(anonymous_55)","decl":{"start":{"line":1556,"column":8},"end":{"line":1556,"column":26}},"loc":{"start":{"line":1556,"column":77},"end":{"line":1560,"column":null}},"line":1556},"56":{"name":"(anonymous_56)","decl":{"start":{"line":1562,"column":8},"end":{"line":1562,"column":27}},"loc":{"start":{"line":1562,"column":81},"end":{"line":1570,"column":null}},"line":1562},"57":{"name":"(anonymous_57)","decl":{"start":{"line":1572,"column":8},"end":{"line":1572,"column":27}},"loc":{"start":{"line":1572,"column":75},"end":{"line":1576,"column":null}},"line":1572},"58":{"name":"(anonymous_58)","decl":{"start":{"line":1578,"column":8},"end":{"line":1578,"column":null}},"loc":{"start":{"line":1581,"column":25},"end":{"line":1589,"column":null}},"line":1581},"59":{"name":"(anonymous_59)","decl":{"start":{"line":1591,"column":8},"end":{"line":1591,"column":26}},"loc":{"start":{"line":1591,"column":71},"end":{"line":1595,"column":null}},"line":1591},"60":{"name":"(anonymous_60)","decl":{"start":{"line":1597,"column":8},"end":{"line":1597,"column":23}},"loc":{"start":{"line":1597,"column":88},"end":{"line":1602,"column":null}},"line":1597},"61":{"name":"(anonymous_61)","decl":{"start":{"line":1604,"column":8},"end":{"line":1604,"column":46}},"loc":{"start":{"line":1604,"column":46},"end":{"line":1606,"column":null}},"line":1604},"62":{"name":"(anonymous_62)","decl":{"start":{"line":1608,"column":8},"end":{"line":1608,"column":null}},"loc":{"start":{"line":1612,"column":24},"end":{"line":1617,"column":null}},"line":1612},"63":{"name":"(anonymous_63)","decl":{"start":{"line":1619,"column":8},"end":{"line":1619,"column":null}},"loc":{"start":{"line":1622,"column":19},"end":{"line":1627,"column":null}},"line":1622},"64":{"name":"(anonymous_64)","decl":{"start":{"line":1629,"column":8},"end":{"line":1629,"column":24}},"loc":{"start":{"line":1629,"column":56},"end":{"line":1633,"column":null}},"line":1629},"65":{"name":"(anonymous_65)","decl":{"start":{"line":1636,"column":8},"end":{"line":1636,"column":26}},"loc":{"start":{"line":1636,"column":26},"end":{"line":1638,"column":null}},"line":1636},"66":{"name":"(anonymous_66)","decl":{"start":{"line":1640,"column":8},"end":{"line":1640,"column":26}},"loc":{"start":{"line":1640,"column":26},"end":{"line":1642,"column":null}},"line":1640},"67":{"name":"(anonymous_67)","decl":{"start":{"line":1644,"column":8},"end":{"line":1644,"column":37}},"loc":{"start":{"line":1644,"column":67},"end":{"line":1649,"column":null}},"line":1644},"68":{"name":"(anonymous_68)","decl":{"start":{"line":1651,"column":8},"end":{"line":1651,"column":29}},"loc":{"start":{"line":1651,"column":29},"end":{"line":1653,"column":null}},"line":1651},"69":{"name":"(anonymous_69)","decl":{"start":{"line":1655,"column":8},"end":{"line":1655,"column":34}},"loc":{"start":{"line":1655,"column":34},"end":{"line":1657,"column":null}},"line":1655},"70":{"name":"(anonymous_70)","decl":{"start":{"line":1659,"column":8},"end":{"line":1659,"column":35}},"loc":{"start":{"line":1659,"column":35},"end":{"line":1663,"column":null}},"line":1659},"71":{"name":"(anonymous_71)","decl":{"start":{"line":1665,"column":8},"end":{"line":1665,"column":34}},"loc":{"start":{"line":1665,"column":57},"end":{"line":1671,"column":null}},"line":1665},"72":{"name":"(anonymous_72)","decl":{"start":{"line":1673,"column":8},"end":{"line":1673,"column":36}},"loc":{"start":{"line":1673,"column":36},"end":{"line":1677,"column":null}},"line":1673},"73":{"name":"(anonymous_73)","decl":{"start":{"line":1679,"column":8},"end":{"line":1679,"column":25}},"loc":{"start":{"line":1679,"column":50},"end":{"line":1684,"column":null}},"line":1679},"74":{"name":"(anonymous_74)","decl":{"start":{"line":1687,"column":8},"end":{"line":1687,"column":27}},"loc":{"start":{"line":1687,"column":27},"end":{"line":1697,"column":null}},"line":1687},"75":{"name":"(anonymous_75)","decl":{"start":{"line":1699,"column":8},"end":{"line":1699,"column":30}},"loc":{"start":{"line":1699,"column":52},"end":{"line":1711,"column":null}},"line":1699},"76":{"name":"(anonymous_76)","decl":{"start":{"line":1713,"column":8},"end":{"line":1713,"column":26}},"loc":{"start":{"line":1713,"column":41},"end":{"line":1729,"column":null}},"line":1713},"77":{"name":"(anonymous_77)","decl":{"start":{"line":1731,"column":8},"end":{"line":1731,"column":25}},"loc":{"start":{"line":1731,"column":55},"end":{"line":1735,"column":null}},"line":1731},"78":{"name":"(anonymous_78)","decl":{"start":{"line":1737,"column":8},"end":{"line":1737,"column":22}},"loc":{"start":{"line":1737,"column":37},"end":{"line":1749,"column":null}},"line":1737},"79":{"name":"(anonymous_79)","decl":{"start":{"line":1751,"column":8},"end":{"line":1751,"column":26}},"loc":{"start":{"line":1751,"column":26},"end":{"line":1758,"column":null}},"line":1751},"80":{"name":"(anonymous_80)","decl":{"start":{"line":1760,"column":8},"end":{"line":1760,"column":33}},"loc":{"start":{"line":1760,"column":33},"end":{"line":1773,"column":null}},"line":1760},"81":{"name":"(anonymous_81)","decl":{"start":{"line":1775,"column":8},"end":{"line":1775,"column":29}},"loc":{"start":{"line":1775,"column":41},"end":{"line":1784,"column":null}},"line":1775},"82":{"name":"(anonymous_82)","decl":{"start":{"line":1786,"column":8},"end":{"line":1786,"column":27}},"loc":{"start":{"line":1786,"column":43},"end":{"line":1794,"column":null}},"line":1786},"83":{"name":"(anonymous_83)","decl":{"start":{"line":1796,"column":8},"end":{"line":1796,"column":25}},"loc":{"start":{"line":1796,"column":76},"end":{"line":1806,"column":null}},"line":1796},"84":{"name":"(anonymous_84)","decl":{"start":{"line":1808,"column":8},"end":{"line":1808,"column":29}},"loc":{"start":{"line":1808,"column":44},"end":{"line":1811,"column":null}},"line":1808},"85":{"name":"(anonymous_85)","decl":{"start":{"line":1813,"column":8},"end":{"line":1813,"column":38}},"loc":{"start":{"line":1813,"column":88},"end":{"line":1818,"column":null}},"line":1813},"86":{"name":"(anonymous_86)","decl":{"start":{"line":1820,"column":8},"end":{"line":1820,"column":32}},"loc":{"start":{"line":1820,"column":88},"end":{"line":1825,"column":null}},"line":1820},"87":{"name":"(anonymous_87)","decl":{"start":{"line":1827,"column":8},"end":{"line":1827,"column":39}},"loc":{"start":{"line":1827,"column":109},"end":{"line":1835,"column":null}},"line":1827},"88":{"name":"(anonymous_88)","decl":{"start":{"line":1837,"column":8},"end":{"line":1837,"column":37}},"loc":{"start":{"line":1837,"column":50},"end":{"line":1839,"column":null}},"line":1837},"89":{"name":"(anonymous_89)","decl":{"start":{"line":1842,"column":8},"end":{"line":1842,"column":37}},"loc":{"start":{"line":1842,"column":37},"end":{"line":1844,"column":null}},"line":1842},"90":{"name":"(anonymous_90)","decl":{"start":{"line":1846,"column":8},"end":{"line":1846,"column":38}},"loc":{"start":{"line":1846,"column":84},"end":{"line":1851,"column":null}},"line":1846},"91":{"name":"(anonymous_91)","decl":{"start":{"line":1853,"column":8},"end":{"line":1853,"column":null}},"loc":{"start":{"line":1856,"column":4},"end":{"line":1861,"column":null}},"line":1856},"92":{"name":"(anonymous_92)","decl":{"start":{"line":1863,"column":8},"end":{"line":1863,"column":45}},"loc":{"start":{"line":1863,"column":64},"end":{"line":1867,"column":null}},"line":1863},"93":{"name":"(anonymous_93)","decl":{"start":{"line":1870,"column":8},"end":{"line":1870,"column":28}},"loc":{"start":{"line":1870,"column":28},"end":{"line":1873,"column":null}},"line":1870},"94":{"name":"(anonymous_94)","decl":{"start":{"line":1872,"column":20},"end":{"line":1872,"column":21}},"loc":{"start":{"line":1872,"column":29},"end":{"line":1872,"column":55}},"line":1872},"95":{"name":"(anonymous_95)","decl":{"start":{"line":1875,"column":8},"end":{"line":1875,"column":25}},"loc":{"start":{"line":1875,"column":43},"end":{"line":1878,"column":null}},"line":1875},"96":{"name":"(anonymous_96)","decl":{"start":{"line":1880,"column":8},"end":{"line":1880,"column":28}},"loc":{"start":{"line":1880,"column":42},"end":{"line":1885,"column":null}},"line":1880},"97":{"name":"(anonymous_97)","decl":{"start":{"line":1887,"column":8},"end":{"line":1887,"column":28}},"loc":{"start":{"line":1887,"column":46},"end":{"line":1891,"column":null}},"line":1887},"98":{"name":"(anonymous_98)","decl":{"start":{"line":1893,"column":8},"end":{"line":1893,"column":25}},"loc":{"start":{"line":1893,"column":90},"end":{"line":1902,"column":null}},"line":1893},"99":{"name":"(anonymous_99)","decl":{"start":{"line":1904,"column":8},"end":{"line":1904,"column":28}},"loc":{"start":{"line":1904,"column":46},"end":{"line":1919,"column":null}},"line":1904},"100":{"name":"(anonymous_100)","decl":{"start":{"line":1908,"column":35},"end":{"line":1908,"column":36}},"loc":{"start":{"line":1908,"column":45},"end":{"line":1918,"column":6}},"line":1908},"101":{"name":"(anonymous_101)","decl":{"start":{"line":1921,"column":8},"end":{"line":1921,"column":null}},"loc":{"start":{"line":1927,"column":4},"end":{"line":1936,"column":null}},"line":1927},"102":{"name":"(anonymous_102)","decl":{"start":{"line":1938,"column":8},"end":{"line":1938,"column":24}},"loc":{"start":{"line":1938,"column":42},"end":{"line":1941,"column":null}},"line":1938},"103":{"name":"(anonymous_103)","decl":{"start":{"line":1943,"column":8},"end":{"line":1943,"column":29}},"loc":{"start":{"line":1943,"column":47},"end":{"line":1951,"column":null}},"line":1943},"104":{"name":"(anonymous_104)","decl":{"start":{"line":1947,"column":80},"end":{"line":1947,"column":81}},"loc":{"start":{"line":1947,"column":94},"end":{"line":1947,"column":118}},"line":1947},"105":{"name":"(anonymous_105)","decl":{"start":{"line":1948,"column":80},"end":{"line":1948,"column":81}},"loc":{"start":{"line":1948,"column":94},"end":{"line":1948,"column":118}},"line":1948},"106":{"name":"(anonymous_106)","decl":{"start":{"line":1949,"column":89},"end":{"line":1949,"column":90}},"loc":{"start":{"line":1949,"column":103},"end":{"line":1949,"column":127}},"line":1949},"107":{"name":"(anonymous_107)","decl":{"start":{"line":1953,"column":8},"end":{"line":1953,"column":31}},"loc":{"start":{"line":1953,"column":77},"end":{"line":1958,"column":null}},"line":1953},"108":{"name":"(anonymous_108)","decl":{"start":{"line":1960,"column":8},"end":{"line":1960,"column":null}},"loc":{"start":{"line":1970,"column":4},"end":{"line":1975,"column":null}},"line":1970},"109":{"name":"(anonymous_109)","decl":{"start":{"line":1977,"column":8},"end":{"line":1977,"column":null}},"loc":{"start":{"line":1982,"column":4},"end":{"line":1987,"column":null}},"line":1982},"110":{"name":"(anonymous_110)","decl":{"start":{"line":1989,"column":8},"end":{"line":1989,"column":26}},"loc":{"start":{"line":1989,"column":100},"end":{"line":1993,"column":null}},"line":1989},"111":{"name":"(anonymous_111)","decl":{"start":{"line":1997,"column":8},"end":{"line":1997,"column":28}},"loc":{"start":{"line":1997,"column":28},"end":{"line":1999,"column":null}},"line":1997},"112":{"name":"(anonymous_112)","decl":{"start":{"line":2001,"column":8},"end":{"line":2001,"column":25}},"loc":{"start":{"line":2001,"column":44},"end":{"line":2003,"column":null}},"line":2001},"113":{"name":"(anonymous_113)","decl":{"start":{"line":2005,"column":8},"end":{"line":2005,"column":28}},"loc":{"start":{"line":2005,"column":62},"end":{"line":2010,"column":null}},"line":2005},"114":{"name":"(anonymous_114)","decl":{"start":{"line":2012,"column":8},"end":{"line":2012,"column":28}},"loc":{"start":{"line":2012,"column":81},"end":{"line":2017,"column":null}},"line":2012},"115":{"name":"(anonymous_115)","decl":{"start":{"line":2019,"column":8},"end":{"line":2019,"column":28}},"loc":{"start":{"line":2019,"column":47},"end":{"line":2023,"column":null}},"line":2019},"116":{"name":"(anonymous_116)","decl":{"start":{"line":2025,"column":8},"end":{"line":2025,"column":27}},"loc":{"start":{"line":2025,"column":46},"end":{"line":2029,"column":null}},"line":2025},"117":{"name":"(anonymous_117)","decl":{"start":{"line":2031,"column":8},"end":{"line":2031,"column":28}},"loc":{"start":{"line":2031,"column":47},"end":{"line":2035,"column":null}},"line":2031},"118":{"name":"(anonymous_118)","decl":{"start":{"line":2037,"column":8},"end":{"line":2037,"column":28}},"loc":{"start":{"line":2037,"column":75},"end":{"line":2045,"column":null}},"line":2037},"119":{"name":"(anonymous_119)","decl":{"start":{"line":2049,"column":8},"end":{"line":2049,"column":26}},"loc":{"start":{"line":2049,"column":26},"end":{"line":2051,"column":null}},"line":2049},"120":{"name":"(anonymous_120)","decl":{"start":{"line":2053,"column":8},"end":{"line":2053,"column":26}},"loc":{"start":{"line":2053,"column":26},"end":{"line":2055,"column":null}},"line":2053},"121":{"name":"(anonymous_121)","decl":{"start":{"line":2057,"column":8},"end":{"line":2057,"column":27}},"loc":{"start":{"line":2057,"column":27},"end":{"line":2059,"column":null}},"line":2057},"122":{"name":"(anonymous_122)","decl":{"start":{"line":2061,"column":8},"end":{"line":2061,"column":27}},"loc":{"start":{"line":2061,"column":67},"end":{"line":2066,"column":null}},"line":2061},"123":{"name":"(anonymous_123)","decl":{"start":{"line":2068,"column":8},"end":{"line":2068,"column":33}},"loc":{"start":{"line":2068,"column":33},"end":{"line":2072,"column":null}},"line":2068},"124":{"name":"(anonymous_124)","decl":{"start":{"line":2074,"column":8},"end":{"line":2074,"column":33}},"loc":{"start":{"line":2074,"column":33},"end":{"line":2078,"column":null}},"line":2074},"125":{"name":"(anonymous_125)","decl":{"start":{"line":2080,"column":8},"end":{"line":2080,"column":31}},"loc":{"start":{"line":2080,"column":31},"end":{"line":2084,"column":null}},"line":2080},"126":{"name":"(anonymous_126)","decl":{"start":{"line":2088,"column":8},"end":{"line":2088,"column":66}},"loc":{"start":{"line":2088,"column":66},"end":{"line":2090,"column":null}},"line":2088},"127":{"name":"(anonymous_127)","decl":{"start":{"line":2092,"column":8},"end":{"line":2092,"column":31}},"loc":{"start":{"line":2092,"column":93},"end":{"line":2097,"column":null}},"line":2092},"128":{"name":"(anonymous_128)","decl":{"start":{"line":2099,"column":8},"end":{"line":2099,"column":31}},"loc":{"start":{"line":2099,"column":95},"end":{"line":2104,"column":null}},"line":2099},"129":{"name":"(anonymous_129)","decl":{"start":{"line":2106,"column":8},"end":{"line":2106,"column":31}},"loc":{"start":{"line":2106,"column":58},"end":{"line":2110,"column":null}},"line":2106},"130":{"name":"(anonymous_130)","decl":{"start":{"line":2112,"column":8},"end":{"line":2112,"column":29}},"loc":{"start":{"line":2112,"column":88},"end":{"line":2116,"column":null}},"line":2112},"131":{"name":"(anonymous_131)","decl":{"start":{"line":2118,"column":8},"end":{"line":2118,"column":33}},"loc":{"start":{"line":2118,"column":77},"end":{"line":2120,"column":null}},"line":2118},"132":{"name":"(anonymous_132)","decl":{"start":{"line":2122,"column":8},"end":{"line":2122,"column":36}},"loc":{"start":{"line":2122,"column":98},"end":{"line":2127,"column":null}},"line":2122},"133":{"name":"(anonymous_133)","decl":{"start":{"line":2129,"column":8},"end":{"line":2129,"column":34}},"loc":{"start":{"line":2129,"column":92},"end":{"line":2131,"column":null}},"line":2129},"134":{"name":"(anonymous_134)","decl":{"start":{"line":2135,"column":8},"end":{"line":2135,"column":25}},"loc":{"start":{"line":2135,"column":25},"end":{"line":2137,"column":null}},"line":2135},"135":{"name":"(anonymous_135)","decl":{"start":{"line":2139,"column":8},"end":{"line":2139,"column":22}},"loc":{"start":{"line":2139,"column":38},"end":{"line":2141,"column":null}},"line":2139},"136":{"name":"(anonymous_136)","decl":{"start":{"line":2143,"column":8},"end":{"line":2143,"column":25}},"loc":{"start":{"line":2143,"column":56},"end":{"line":2148,"column":null}},"line":2143},"137":{"name":"(anonymous_137)","decl":{"start":{"line":2150,"column":8},"end":{"line":2150,"column":25}},"loc":{"start":{"line":2150,"column":72},"end":{"line":2155,"column":null}},"line":2150},"138":{"name":"(anonymous_138)","decl":{"start":{"line":2157,"column":8},"end":{"line":2157,"column":25}},"loc":{"start":{"line":2157,"column":41},"end":{"line":2161,"column":null}},"line":2157},"139":{"name":"(anonymous_139)","decl":{"start":{"line":2163,"column":8},"end":{"line":2163,"column":32}},"loc":{"start":{"line":2163,"column":79},"end":{"line":2168,"column":null}},"line":2163},"140":{"name":"(anonymous_140)","decl":{"start":{"line":2170,"column":8},"end":{"line":2170,"column":36}},"loc":{"start":{"line":2170,"column":71},"end":{"line":2174,"column":null}},"line":2170},"141":{"name":"(anonymous_141)","decl":{"start":{"line":2176,"column":8},"end":{"line":2176,"column":31}},"loc":{"start":{"line":2176,"column":47},"end":{"line":2178,"column":null}},"line":2176},"142":{"name":"(anonymous_142)","decl":{"start":{"line":2180,"column":8},"end":{"line":2180,"column":23}},"loc":{"start":{"line":2180,"column":68},"end":{"line":2185,"column":null}},"line":2180},"143":{"name":"(anonymous_143)","decl":{"start":{"line":2187,"column":8},"end":{"line":2187,"column":23}},"loc":{"start":{"line":2187,"column":88},"end":{"line":2192,"column":null}},"line":2187},"144":{"name":"(anonymous_144)","decl":{"start":{"line":2194,"column":8},"end":{"line":2194,"column":29}},"loc":{"start":{"line":2194,"column":100},"end":{"line":2199,"column":null}},"line":2194},"145":{"name":"(anonymous_145)","decl":{"start":{"line":2201,"column":8},"end":{"line":2201,"column":24}},"loc":{"start":{"line":2201,"column":56},"end":{"line":2206,"column":null}},"line":2201},"146":{"name":"(anonymous_146)","decl":{"start":{"line":2208,"column":8},"end":{"line":2208,"column":27}},"loc":{"start":{"line":2208,"column":61},"end":{"line":2212,"column":null}},"line":2208},"147":{"name":"(anonymous_147)","decl":{"start":{"line":2214,"column":8},"end":{"line":2214,"column":27}},"loc":{"start":{"line":2214,"column":61},"end":{"line":2218,"column":null}},"line":2214},"148":{"name":"(anonymous_148)","decl":{"start":{"line":2222,"column":8},"end":{"line":2222,"column":28}},"loc":{"start":{"line":2222,"column":42},"end":{"line":2229,"column":null}},"line":2222},"149":{"name":"(anonymous_149)","decl":{"start":{"line":2231,"column":8},"end":{"line":2231,"column":36}},"loc":{"start":{"line":2231,"column":52},"end":{"line":2238,"column":null}},"line":2231}},"branchMap":{"0":{"loc":{"start":{"line":1,"column":20},"end":{"line":1,"column":79}},"type":"binary-expr","locations":[{"start":{"line":1,"column":20},"end":{"line":1,"column":56}},{"start":{"line":1,"column":56},"end":{"line":1,"column":79}}],"line":1},"1":{"loc":{"start":{"line":6,"column":2},"end":{"line":11,"column":null}},"type":"if","locations":[{"start":{"line":6,"column":2},"end":{"line":11,"column":null}},{"start":{},"end":{}}],"line":6},"2":{"loc":{"start":{"line":7,"column":4},"end":{"line":9,"column":null}},"type":"if","locations":[{"start":{"line":7,"column":4},"end":{"line":9,"column":null}},{"start":{},"end":{}}],"line":7},"3":{"loc":{"start":{"line":1065,"column":11},"end":{"line":1065,"column":null}},"type":"binary-expr","locations":[{"start":{"line":1065,"column":11},"end":{"line":1065,"column":58}},{"start":{"line":1065,"column":58},"end":{"line":1065,"column":null}}],"line":1065},"4":{"loc":{"start":{"line":1068,"column":45},"end":{"line":1068,"column":84}},"type":"default-arg","locations":[{"start":{"line":1068,"column":68},"end":{"line":1068,"column":84}}],"line":1068},"5":{"loc":{"start":{"line":1074,"column":4},"end":{"line":1074,"column":null}},"type":"if","locations":[{"start":{"line":1074,"column":4},"end":{"line":1074,"column":null}},{"start":{},"end":{}}],"line":1074},"6":{"loc":{"start":{"line":1086,"column":4},"end":{"line":1099,"column":null}},"type":"if","locations":[{"start":{"line":1086,"column":4},"end":{"line":1099,"column":null}},{"start":{},"end":{}}],"line":1086},"7":{"loc":{"start":{"line":1086,"column":8},"end":{"line":1086,"column":42}},"type":"binary-expr","locations":[{"start":{"line":1086,"column":8},"end":{"line":1086,"column":35}},{"start":{"line":1086,"column":35},"end":{"line":1086,"column":42}}],"line":1086},"8":{"loc":{"start":{"line":1089,"column":6},"end":{"line":1096,"column":null}},"type":"if","locations":[{"start":{"line":1089,"column":6},"end":{"line":1096,"column":null}},{"start":{},"end":{}}],"line":1089},"9":{"loc":{"start":{"line":1090,"column":8},"end":{"line":1092,"column":null}},"type":"binary-expr","locations":[{"start":{"line":1090,"column":8},"end":{"line":1090,"column":null}},{"start":{"line":1091,"column":8},"end":{"line":1091,"column":null}},{"start":{"line":1092,"column":8},"end":{"line":1092,"column":null}}],"line":1090},"10":{"loc":{"start":{"line":1101,"column":4},"end":{"line":1114,"column":null}},"type":"if","locations":[{"start":{"line":1101,"column":4},"end":{"line":1114,"column":null}},{"start":{},"end":{}}],"line":1101},"11":{"loc":{"start":{"line":1105,"column":8},"end":{"line":1107,"column":null}},"type":"if","locations":[{"start":{"line":1105,"column":8},"end":{"line":1107,"column":null}},{"start":{},"end":{}}],"line":1105},"12":{"loc":{"start":{"line":1115,"column":4},"end":{"line":1115,"column":null}},"type":"if","locations":[{"start":{"line":1115,"column":4},"end":{"line":1115,"column":null}},{"start":{},"end":{}}],"line":1115},"13":{"loc":{"start":{"line":1120,"column":19},"end":{"line":1120,"column":null}},"type":"binary-expr","locations":[{"start":{"line":1120,"column":19},"end":{"line":1120,"column":41}},{"start":{"line":1120,"column":41},"end":{"line":1120,"column":null}}],"line":1120},"14":{"loc":{"start":{"line":1126,"column":18},"end":{"line":1126,"column":null}},"type":"binary-expr","locations":[{"start":{"line":1126,"column":18},"end":{"line":1126,"column":36}},{"start":{"line":1126,"column":36},"end":{"line":1126,"column":null}}],"line":1126},"15":{"loc":{"start":{"line":1127,"column":20},"end":{"line":1127,"column":null}},"type":"binary-expr","locations":[{"start":{"line":1127,"column":20},"end":{"line":1127,"column":40}},{"start":{"line":1127,"column":40},"end":{"line":1127,"column":null}}],"line":1127},"16":{"loc":{"start":{"line":1130,"column":17},"end":{"line":1130,"column":null}},"type":"binary-expr","locations":[{"start":{"line":1130,"column":17},"end":{"line":1130,"column":34}},{"start":{"line":1130,"column":34},"end":{"line":1130,"column":null}}],"line":1130},"17":{"loc":{"start":{"line":1131,"column":17},"end":{"line":1131,"column":null}},"type":"binary-expr","locations":[{"start":{"line":1131,"column":17},"end":{"line":1131,"column":34}},{"start":{"line":1131,"column":34},"end":{"line":1131,"column":null}}],"line":1131},"18":{"loc":{"start":{"line":1132,"column":18},"end":{"line":1132,"column":null}},"type":"binary-expr","locations":[{"start":{"line":1132,"column":18},"end":{"line":1132,"column":36}},{"start":{"line":1132,"column":36},"end":{"line":1132,"column":null}}],"line":1132},"19":{"loc":{"start":{"line":1133,"column":16},"end":{"line":1133,"column":null}},"type":"binary-expr","locations":[{"start":{"line":1133,"column":16},"end":{"line":1133,"column":32}},{"start":{"line":1133,"column":32},"end":{"line":1133,"column":null}}],"line":1133},"20":{"loc":{"start":{"line":1134,"column":15},"end":{"line":1134,"column":null}},"type":"binary-expr","locations":[{"start":{"line":1134,"column":15},"end":{"line":1134,"column":30}},{"start":{"line":1134,"column":30},"end":{"line":1134,"column":null}}],"line":1134},"21":{"loc":{"start":{"line":1135,"column":20},"end":{"line":1135,"column":null}},"type":"binary-expr","locations":[{"start":{"line":1135,"column":20},"end":{"line":1135,"column":40}},{"start":{"line":1135,"column":40},"end":{"line":1135,"column":null}}],"line":1135},"22":{"loc":{"start":{"line":1136,"column":17},"end":{"line":1136,"column":null}},"type":"binary-expr","locations":[{"start":{"line":1136,"column":17},"end":{"line":1136,"column":34}},{"start":{"line":1136,"column":34},"end":{"line":1136,"column":null}}],"line":1136},"23":{"loc":{"start":{"line":1137,"column":16},"end":{"line":1137,"column":null}},"type":"binary-expr","locations":[{"start":{"line":1137,"column":16},"end":{"line":1137,"column":32}},{"start":{"line":1137,"column":32},"end":{"line":1137,"column":null}}],"line":1137},"24":{"loc":{"start":{"line":1138,"column":13},"end":{"line":1138,"column":null}},"type":"binary-expr","locations":[{"start":{"line":1138,"column":13},"end":{"line":1138,"column":26}},{"start":{"line":1138,"column":26},"end":{"line":1138,"column":null}}],"line":1138},"25":{"loc":{"start":{"line":1139,"column":13},"end":{"line":1139,"column":null}},"type":"binary-expr","locations":[{"start":{"line":1139,"column":13},"end":{"line":1139,"column":26}},{"start":{"line":1139,"column":26},"end":{"line":1139,"column":null}}],"line":1139},"26":{"loc":{"start":{"line":1140,"column":14},"end":{"line":1140,"column":null}},"type":"binary-expr","locations":[{"start":{"line":1140,"column":14},"end":{"line":1140,"column":28}},{"start":{"line":1140,"column":28},"end":{"line":1140,"column":null}}],"line":1140},"27":{"loc":{"start":{"line":1141,"column":20},"end":{"line":1141,"column":null}},"type":"binary-expr","locations":[{"start":{"line":1141,"column":20},"end":{"line":1141,"column":40}},{"start":{"line":1141,"column":40},"end":{"line":1141,"column":null}}],"line":1141},"28":{"loc":{"start":{"line":1142,"column":20},"end":{"line":1142,"column":null}},"type":"binary-expr","locations":[{"start":{"line":1142,"column":20},"end":{"line":1142,"column":40}},{"start":{"line":1142,"column":40},"end":{"line":1142,"column":null}}],"line":1142},"29":{"loc":{"start":{"line":1143,"column":15},"end":{"line":1143,"column":null}},"type":"binary-expr","locations":[{"start":{"line":1143,"column":15},"end":{"line":1143,"column":30}},{"start":{"line":1143,"column":30},"end":{"line":1143,"column":null}}],"line":1143},"30":{"loc":{"start":{"line":1144,"column":18},"end":{"line":1144,"column":null}},"type":"binary-expr","locations":[{"start":{"line":1144,"column":18},"end":{"line":1144,"column":36}},{"start":{"line":1144,"column":36},"end":{"line":1144,"column":null}}],"line":1144},"31":{"loc":{"start":{"line":1145,"column":22},"end":{"line":1145,"column":null}},"type":"binary-expr","locations":[{"start":{"line":1145,"column":22},"end":{"line":1145,"column":44}},{"start":{"line":1145,"column":44},"end":{"line":1145,"column":null}}],"line":1145},"32":{"loc":{"start":{"line":1153,"column":16},"end":{"line":1153,"column":null}},"type":"binary-expr","locations":[{"start":{"line":1153,"column":16},"end":{"line":1153,"column":32}},{"start":{"line":1153,"column":32},"end":{"line":1153,"column":null}}],"line":1153},"33":{"loc":{"start":{"line":1154,"column":14},"end":{"line":1154,"column":null}},"type":"binary-expr","locations":[{"start":{"line":1154,"column":14},"end":{"line":1154,"column":27}},{"start":{"line":1154,"column":27},"end":{"line":1154,"column":null}}],"line":1154},"34":{"loc":{"start":{"line":1158,"column":23},"end":{"line":1158,"column":null}},"type":"binary-expr","locations":[{"start":{"line":1158,"column":23},"end":{"line":1158,"column":46}},{"start":{"line":1158,"column":46},"end":{"line":1158,"column":70}},{"start":{"line":1158,"column":70},"end":{"line":1158,"column":null}}],"line":1158},"35":{"loc":{"start":{"line":1160,"column":24},"end":{"line":1160,"column":null}},"type":"binary-expr","locations":[{"start":{"line":1160,"column":24},"end":{"line":1160,"column":48}},{"start":{"line":1160,"column":48},"end":{"line":1160,"column":73}},{"start":{"line":1160,"column":73},"end":{"line":1160,"column":null}}],"line":1160},"36":{"loc":{"start":{"line":1161,"column":23},"end":{"line":1161,"column":null}},"type":"binary-expr","locations":[{"start":{"line":1161,"column":23},"end":{"line":1161,"column":46}},{"start":{"line":1161,"column":46},"end":{"line":1161,"column":null}}],"line":1161},"37":{"loc":{"start":{"line":1162,"column":17},"end":{"line":1162,"column":null}},"type":"binary-expr","locations":[{"start":{"line":1162,"column":17},"end":{"line":1162,"column":34}},{"start":{"line":1162,"column":34},"end":{"line":1162,"column":null}}],"line":1162},"38":{"loc":{"start":{"line":1270,"column":37},"end":{"line":1270,"column":47}},"type":"default-arg","locations":[{"start":{"line":1270,"column":44},"end":{"line":1270,"column":47}}],"line":1270},"39":{"loc":{"start":{"line":1270,"column":47},"end":{"line":1270,"column":77}},"type":"default-arg","locations":[{"start":{"line":1270,"column":55},"end":{"line":1270,"column":77}}],"line":1270},"40":{"loc":{"start":{"line":1280,"column":40},"end":{"line":1280,"column":70}},"type":"default-arg","locations":[{"start":{"line":1280,"column":48},"end":{"line":1280,"column":70}}],"line":1280},"41":{"loc":{"start":{"line":1284,"column":46},"end":{"line":1284,"column":87}},"type":"default-arg","locations":[{"start":{"line":1284,"column":54},"end":{"line":1284,"column":87}}],"line":1284},"42":{"loc":{"start":{"line":1351,"column":43},"end":{"line":1351,"column":111}},"type":"default-arg","locations":[{"start":{"line":1351,"column":82},"end":{"line":1351,"column":111}}],"line":1351},"43":{"loc":{"start":{"line":1357,"column":4},"end":{"line":1367,"column":null}},"type":"default-arg","locations":[{"start":{"line":1367,"column":8},"end":{"line":1367,"column":null}}],"line":1357},"44":{"loc":{"start":{"line":1370,"column":4},"end":{"line":1370,"column":null}},"type":"if","locations":[{"start":{"line":1370,"column":4},"end":{"line":1370,"column":null}},{"start":{},"end":{}}],"line":1370},"45":{"loc":{"start":{"line":1371,"column":31},"end":{"line":1371,"column":51}},"type":"binary-expr","locations":[{"start":{"line":1371,"column":31},"end":{"line":1371,"column":48}},{"start":{"line":1371,"column":48},"end":{"line":1371,"column":51}}],"line":1371},"46":{"loc":{"start":{"line":1372,"column":4},"end":{"line":1372,"column":null}},"type":"if","locations":[{"start":{"line":1372,"column":4},"end":{"line":1372,"column":null}},{"start":{},"end":{}}],"line":1372},"47":{"loc":{"start":{"line":1373,"column":4},"end":{"line":1375,"column":null}},"type":"if","locations":[{"start":{"line":1373,"column":4},"end":{"line":1375,"column":null}},{"start":{},"end":{}}],"line":1373},"48":{"loc":{"start":{"line":1373,"column":8},"end":{"line":1373,"column":53}},"type":"binary-expr","locations":[{"start":{"line":1373,"column":8},"end":{"line":1373,"column":26}},{"start":{"line":1373,"column":26},"end":{"line":1373,"column":53}}],"line":1373},"49":{"loc":{"start":{"line":1376,"column":4},"end":{"line":1376,"column":null}},"type":"if","locations":[{"start":{"line":1376,"column":4},"end":{"line":1376,"column":null}},{"start":{},"end":{}}],"line":1376},"50":{"loc":{"start":{"line":1377,"column":4},"end":{"line":1377,"column":null}},"type":"if","locations":[{"start":{"line":1377,"column":4},"end":{"line":1377,"column":null}},{"start":{},"end":{}}],"line":1377},"51":{"loc":{"start":{"line":1378,"column":4},"end":{"line":1378,"column":null}},"type":"if","locations":[{"start":{"line":1378,"column":4},"end":{"line":1378,"column":null}},{"start":{},"end":{}}],"line":1378},"52":{"loc":{"start":{"line":1379,"column":4},"end":{"line":1379,"column":null}},"type":"if","locations":[{"start":{"line":1379,"column":4},"end":{"line":1379,"column":null}},{"start":{},"end":{}}],"line":1379},"53":{"loc":{"start":{"line":1380,"column":4},"end":{"line":1384,"column":null}},"type":"if","locations":[{"start":{"line":1380,"column":4},"end":{"line":1384,"column":null}},{"start":{},"end":{}}],"line":1380},"54":{"loc":{"start":{"line":1382,"column":8},"end":{"line":1382,"column":null}},"type":"if","locations":[{"start":{"line":1382,"column":8},"end":{"line":1382,"column":null}},{"start":{},"end":{}}],"line":1382},"55":{"loc":{"start":{"line":1387,"column":24},"end":{"line":1387,"column":null}},"type":"binary-expr","locations":[{"start":{"line":1387,"column":24},"end":{"line":1387,"column":41}},{"start":{"line":1387,"column":41},"end":{"line":1387,"column":null}}],"line":1387},"56":{"loc":{"start":{"line":1389,"column":13},"end":{"line":1389,"column":null}},"type":"binary-expr","locations":[{"start":{"line":1389,"column":13},"end":{"line":1389,"column":26}},{"start":{"line":1389,"column":26},"end":{"line":1389,"column":null}}],"line":1389},"57":{"loc":{"start":{"line":1393,"column":12},"end":{"line":1393,"column":null}},"type":"binary-expr","locations":[{"start":{"line":1393,"column":12},"end":{"line":1393,"column":24}},{"start":{"line":1393,"column":24},"end":{"line":1393,"column":null}}],"line":1393},"58":{"loc":{"start":{"line":1394,"column":15},"end":{"line":1394,"column":null}},"type":"binary-expr","locations":[{"start":{"line":1394,"column":15},"end":{"line":1394,"column":30}},{"start":{"line":1394,"column":30},"end":{"line":1394,"column":null}}],"line":1394},"59":{"loc":{"start":{"line":1395,"column":19},"end":{"line":1395,"column":null}},"type":"binary-expr","locations":[{"start":{"line":1395,"column":19},"end":{"line":1395,"column":38}},{"start":{"line":1395,"column":38},"end":{"line":1395,"column":null}}],"line":1395},"60":{"loc":{"start":{"line":1396,"column":12},"end":{"line":1396,"column":null}},"type":"binary-expr","locations":[{"start":{"line":1396,"column":12},"end":{"line":1396,"column":24}},{"start":{"line":1396,"column":24},"end":{"line":1396,"column":null}}],"line":1396},"61":{"loc":{"start":{"line":1397,"column":14},"end":{"line":1397,"column":null}},"type":"binary-expr","locations":[{"start":{"line":1397,"column":14},"end":{"line":1397,"column":28}},{"start":{"line":1397,"column":28},"end":{"line":1397,"column":null}}],"line":1397},"62":{"loc":{"start":{"line":1398,"column":21},"end":{"line":1398,"column":null}},"type":"binary-expr","locations":[{"start":{"line":1398,"column":21},"end":{"line":1398,"column":42}},{"start":{"line":1398,"column":42},"end":{"line":1398,"column":64}},{"start":{"line":1398,"column":64},"end":{"line":1398,"column":null}}],"line":1398},"63":{"loc":{"start":{"line":1399,"column":19},"end":{"line":1399,"column":null}},"type":"binary-expr","locations":[{"start":{"line":1399,"column":19},"end":{"line":1399,"column":38}},{"start":{"line":1399,"column":38},"end":{"line":1399,"column":58}},{"start":{"line":1399,"column":58},"end":{"line":1399,"column":null}}],"line":1399},"64":{"loc":{"start":{"line":1400,"column":22},"end":{"line":1400,"column":null}},"type":"binary-expr","locations":[{"start":{"line":1400,"column":22},"end":{"line":1400,"column":44}},{"start":{"line":1400,"column":44},"end":{"line":1400,"column":67}},{"start":{"line":1400,"column":67},"end":{"line":1400,"column":null}}],"line":1400},"65":{"loc":{"start":{"line":1401,"column":15},"end":{"line":1401,"column":null}},"type":"binary-expr","locations":[{"start":{"line":1401,"column":15},"end":{"line":1401,"column":30}},{"start":{"line":1401,"column":30},"end":{"line":1401,"column":46}},{"start":{"line":1401,"column":46},"end":{"line":1401,"column":null}}],"line":1401},"66":{"loc":{"start":{"line":1402,"column":14},"end":{"line":1402,"column":null}},"type":"binary-expr","locations":[{"start":{"line":1402,"column":14},"end":{"line":1402,"column":28}},{"start":{"line":1402,"column":28},"end":{"line":1402,"column":43}},{"start":{"line":1402,"column":43},"end":{"line":1402,"column":null}}],"line":1402},"67":{"loc":{"start":{"line":1403,"column":12},"end":{"line":1403,"column":null}},"type":"binary-expr","locations":[{"start":{"line":1403,"column":12},"end":{"line":1403,"column":24}},{"start":{"line":1403,"column":24},"end":{"line":1403,"column":null}}],"line":1403},"68":{"loc":{"start":{"line":1404,"column":26},"end":{"line":1404,"column":null}},"type":"binary-expr","locations":[{"start":{"line":1404,"column":26},"end":{"line":1404,"column":52}},{"start":{"line":1404,"column":52},"end":{"line":1404,"column":79}},{"start":{"line":1404,"column":79},"end":{"line":1404,"column":null}}],"line":1404},"69":{"loc":{"start":{"line":1409,"column":18},"end":{"line":1409,"column":null}},"type":"binary-expr","locations":[{"start":{"line":1409,"column":18},"end":{"line":1409,"column":41}},{"start":{"line":1409,"column":41},"end":{"line":1409,"column":65}},{"start":{"line":1409,"column":65},"end":{"line":1409,"column":null}}],"line":1409},"70":{"loc":{"start":{"line":1410,"column":15},"end":{"line":1410,"column":null}},"type":"binary-expr","locations":[{"start":{"line":1410,"column":15},"end":{"line":1410,"column":35}},{"start":{"line":1410,"column":35},"end":{"line":1410,"column":56}},{"start":{"line":1410,"column":56},"end":{"line":1410,"column":null}}],"line":1410},"71":{"loc":{"start":{"line":1416,"column":4},"end":{"line":1416,"column":null}},"type":"default-arg","locations":[{"start":{"line":1416,"column":46},"end":{"line":1416,"column":null}}],"line":1416},"72":{"loc":{"start":{"line":1419,"column":4},"end":{"line":1419,"column":null}},"type":"if","locations":[{"start":{"line":1419,"column":4},"end":{"line":1419,"column":null}},{"start":{},"end":{}}],"line":1419},"73":{"loc":{"start":{"line":1420,"column":4},"end":{"line":1420,"column":null}},"type":"if","locations":[{"start":{"line":1420,"column":4},"end":{"line":1420,"column":null}},{"start":{},"end":{}}],"line":1420},"74":{"loc":{"start":{"line":1423,"column":55},"end":{"line":1423,"column":79}},"type":"cond-expr","locations":[{"start":{"line":1423,"column":63},"end":{"line":1423,"column":77}},{"start":{"line":1423,"column":77},"end":{"line":1423,"column":79}}],"line":1423},"75":{"loc":{"start":{"line":1426,"column":16},"end":{"line":1426,"column":null}},"type":"binary-expr","locations":[{"start":{"line":1426,"column":16},"end":{"line":1426,"column":37}},{"start":{"line":1426,"column":37},"end":{"line":1426,"column":null}}],"line":1426},"76":{"loc":{"start":{"line":1427,"column":20},"end":{"line":1427,"column":null}},"type":"binary-expr","locations":[{"start":{"line":1427,"column":20},"end":{"line":1427,"column":45}},{"start":{"line":1427,"column":45},"end":{"line":1427,"column":null}}],"line":1427},"77":{"loc":{"start":{"line":1428,"column":14},"end":{"line":1428,"column":null}},"type":"binary-expr","locations":[{"start":{"line":1428,"column":14},"end":{"line":1428,"column":33}},{"start":{"line":1428,"column":33},"end":{"line":1428,"column":null}}],"line":1428},"78":{"loc":{"start":{"line":1429,"column":15},"end":{"line":1429,"column":null}},"type":"binary-expr","locations":[{"start":{"line":1429,"column":15},"end":{"line":1429,"column":35}},{"start":{"line":1429,"column":35},"end":{"line":1429,"column":56}},{"start":{"line":1429,"column":56},"end":{"line":1429,"column":null}}],"line":1429},"79":{"loc":{"start":{"line":1436,"column":4},"end":{"line":1436,"column":null}},"type":"default-arg","locations":[{"start":{"line":1436,"column":62},"end":{"line":1436,"column":null}}],"line":1436},"80":{"loc":{"start":{"line":1440,"column":4},"end":{"line":1440,"column":null}},"type":"if","locations":[{"start":{"line":1440,"column":4},"end":{"line":1440,"column":null}},{"start":{},"end":{}}],"line":1440},"81":{"loc":{"start":{"line":1441,"column":4},"end":{"line":1441,"column":null}},"type":"if","locations":[{"start":{"line":1441,"column":4},"end":{"line":1441,"column":null}},{"start":{},"end":{}}],"line":1441},"82":{"loc":{"start":{"line":1442,"column":4},"end":{"line":1442,"column":null}},"type":"if","locations":[{"start":{"line":1442,"column":4},"end":{"line":1442,"column":null}},{"start":{},"end":{}}],"line":1442},"83":{"loc":{"start":{"line":1450,"column":4},"end":{"line":1455,"column":null}},"type":"default-arg","locations":[{"start":{"line":1455,"column":8},"end":{"line":1455,"column":null}}],"line":1450},"84":{"loc":{"start":{"line":1458,"column":4},"end":{"line":1460,"column":null}},"type":"if","locations":[{"start":{"line":1458,"column":4},"end":{"line":1460,"column":null}},{"start":{},"end":{}}],"line":1458},"85":{"loc":{"start":{"line":1464,"column":4},"end":{"line":1464,"column":null}},"type":"if","locations":[{"start":{"line":1464,"column":4},"end":{"line":1464,"column":null}},{"start":{},"end":{}}],"line":1464},"86":{"loc":{"start":{"line":1465,"column":4},"end":{"line":1467,"column":null}},"type":"if","locations":[{"start":{"line":1465,"column":4},"end":{"line":1467,"column":null}},{"start":{},"end":{}}],"line":1465},"87":{"loc":{"start":{"line":1465,"column":8},"end":{"line":1465,"column":53}},"type":"binary-expr","locations":[{"start":{"line":1465,"column":8},"end":{"line":1465,"column":26}},{"start":{"line":1465,"column":26},"end":{"line":1465,"column":53}}],"line":1465},"88":{"loc":{"start":{"line":1468,"column":4},"end":{"line":1468,"column":null}},"type":"if","locations":[{"start":{"line":1468,"column":4},"end":{"line":1468,"column":null}},{"start":{},"end":{}}],"line":1468},"89":{"loc":{"start":{"line":1469,"column":4},"end":{"line":1469,"column":null}},"type":"if","locations":[{"start":{"line":1469,"column":4},"end":{"line":1469,"column":null}},{"start":{},"end":{}}],"line":1469},"90":{"loc":{"start":{"line":1476,"column":4},"end":{"line":1476,"column":null}},"type":"default-arg","locations":[{"start":{"line":1476,"column":99},"end":{"line":1476,"column":null}}],"line":1476},"91":{"loc":{"start":{"line":1479,"column":25},"end":{"line":1479,"column":47}},"type":"binary-expr","locations":[{"start":{"line":1479,"column":25},"end":{"line":1479,"column":43}},{"start":{"line":1479,"column":43},"end":{"line":1479,"column":47}}],"line":1479},"92":{"loc":{"start":{"line":1480,"column":4},"end":{"line":1480,"column":null}},"type":"if","locations":[{"start":{"line":1480,"column":4},"end":{"line":1480,"column":null}},{"start":{},"end":{}}],"line":1480},"93":{"loc":{"start":{"line":1481,"column":4},"end":{"line":1481,"column":null}},"type":"if","locations":[{"start":{"line":1481,"column":4},"end":{"line":1481,"column":null}},{"start":{},"end":{}}],"line":1481},"94":{"loc":{"start":{"line":1490,"column":21},"end":{"line":1490,"column":null}},"type":"binary-expr","locations":[{"start":{"line":1490,"column":21},"end":{"line":1490,"column":42}},{"start":{"line":1490,"column":42},"end":{"line":1490,"column":null}}],"line":1490},"95":{"loc":{"start":{"line":1491,"column":19},"end":{"line":
[...]
142,"s:2040:4:2040:Infinity":260,"s:2040:12:2040:Infinity":261,"s:2041:18:2041:Infinity":262,"s:2042:4:2044:Infinity":263,"b:2043:68:2043:82:2043:82:2043:84":143,"f:2049:8:2049:26":119,"s:2050:4:2050:Infinity":264,"f:2053:8:2053:26":120,"s:2054:4:2054:Infinity":265,"f:2057:8:2057:27":121,"s:2058:4:2058:Infinity":266,"f:2061:8:2061:27":122,"s:2062:4:2065:Infinity":267,"f:2068:8:2068:33":123,"s:2069:4:2071:Infinity":268,"f:2074:8:2074:33":124,"s:2075:4:2077:Infinity":269,"f:2080:8:2080:31":125,"s:2081:4:2083:Infinity":270,"f:2088:8:2088:66":126,"s:2089:4:2089:Infinity":271,"f:2092:8:2092:31":127,"s:2093:4:2096:Infinity":272,"f:2099:8:2099:31":128,"s:2100:4:2103:Infinity":273,"f:2106:8:2106:31":129,"s:2107:4:2109:Infinity":274,"f:2112:8:2112:29":130,"s:2113:4:2115:Infinity":275,"f:2118:8:2118:33":131,"s:2119:4:2119:Infinity":276,"f:2122:8:2122:36":132,"s:2123:4:2126:Infinity":277,"f:2129:8:2129:34":133,"b:2129:54:2129:92":144,"s:2130:4:2130:Infinity":278,"f:2135:8:2135:25":134,"s:2136:4:2136:Infinity":279,"f:2139:8:2139:22":135,"s:2140:4:2140:Infinity":280,"f:2143:8:2143:25":136,"s:2144:4:2147:Infinity":281,"f:2150:8:2150:25":137,"s:2151:4:2154:Infinity":282,"f:2157:8:2157:25":138,"s:2158:4:2160:Infinity":283,"f:2163:8:2163:32":139,"s:2164:4:2167:Infinity":284,"f:2170:8:2170:36":140,"s:2171:4:2173:Infinity":285,"f:2176:8:2176:31":141,"s:2177:4:2177:Infinity":286,"f:2180:8:2180:23":142,"s:2181:4:2184:Infinity":287,"f:2187:8:2187:23":143,"s:2188:4:2191:Infinity":288,"f:2194:8:2194:29":144,"s:2195:4:2198:Infinity":289,"f:2201:8:2201:24":145,"s:2202:4:2205:Infinity":290,"f:2208:8:2208:27":146,"s:2209:4:2211:Infinity":291,"f:2214:8:2214:27":147,"s:2215:4:2217:Infinity":292,"f:2222:8:2222:28":148,"s:2223:22:2223:Infinity":293,"b:2223:25:2223:61:2223:61:2223:84":145,"s:2224:21:2224:Infinity":294,"b:2225:4:2227:Infinity:undefined:undefined:undefined:undefined":146,"s:2225:4:2227:Infinity":295,"s:2226:6:2226:Infinity":296,"s:2228:4:2228:Infinity":297,"f:2231:8:2231:36":149,"s:2232:22:2232:Infinity":298,"b:2232:25:2232:61:2232:61:2232:84":147,"s:2233:21:2233:Infinity":299,"b:2234:4:2236:Infinity:undefined:undefined:undefined:undefined":148,"s:2234:4:2236:Infinity":300,"s:2235:6:2235:Infinity":301,"s:2237:4:2237:Infinity":302,"s:2241:19:2241:Infinity":303}}}
,"/Users/aelder/Projects/Moneat/dashboard/src/lib/pricing-display.ts": {"path":"/Users/aelder/Projects/Moneat/dashboard/src/lib/pricing-display.ts","statementMap":{"0":{"start":{"line":1,"column":21},"end":{"line":1,"column":null}},"1":{"start":{"line":2,"column":35},"end":{"line":2,"column":null}},"2":{"start":{"line":43,"column":2},"end":{"line":43,"column":null}},"3":{"start":{"line":43,"column":31},"end":{"line":43,"column":null}},"4":{"start":{"line":44,"column":2},"end":{"line":44,"column":null}},"5":{"start":{"line":48,"column":18},"end":{"line":48,"column":null}},"6":{"start":{"line":49,"column":2},"end":{"line":51,"column":null}},"7":{"start":{"line":50,"column":4},"end":{"line":50,"column":null}},"8":{"start":{"line":52,"column":2},"end":{"line":52,"column":null}},"9":{"start":{"line":56,"column":2},"end":{"line":56,"column":null}},"10":{"start":{"line":56,"column":48},"end":{"line":56,"column":null}},"11":{"start":{"line":57,"column":2},"end":{"line":57,"column":null}},"12":{"start":{"line":61,"column":2},"end":{"line":72,"column":null}},"13":{"start":{"line":63,"column":6},"end":{"line":63,"column":null}},"14":{"start":{"line":65,"column":6},"end":{"line":65,"column":null}},"15":{"start":{"line":67,"column":6},"end":{"line":67,"column":null}},"16":{"start":{"line":69,"column":6},"end":{"line":69,"column":null}},"17":{"start":{"line":71,"column":6},"end":{"line":71,"column":null}},"18":{"start":{"line":76,"column":19},"end":{"line":81,"column":null}},"19":{"start":{"line":83,"column":2},"end":{"line":83,"column":null}},"20":{"start":{"line":83,"column":33},"end":{"line":83,"column":null}},"21":{"start":{"line":85,"column":2},"end":{"line":89,"column":null}},"22":{"start":{"line":86,"column":4},"end":{"line":86,"column":null}},"23":{"start":{"line":87,"column":2},"end":{"line":89,"column":null}},"24":{"start":{"line":88,"column":4},"end":{"line":88,"column":null}},"25":{"start":{"line":91,"column":2},"end":{"line":91,"column":null}},"26":{"start":{"line":91,"column":25},"end":{"line":91,"column":null}},"27":{"start":{"line":92,"column":2},"end":{"line":92,"column":null}},"28":{"start":{"line":92,"column":30},"end":{"line":92,"column":null}},"29":{"start":{"line":93,"column":2},"end":{"line":93,"column":null}},"30":{"start":{"line":93,"column":24},"end":{"line":93,"column":null}},"31":{"start":{"line":94,"column":2},"end":{"line":94,"column":null}},"32":{"start":{"line":94,"column":24},"end":{"line":94,"column":null}},"33":{"start":{"line":95,"column":2},"end":{"line":95,"column":null}},"34":{"start":{"line":95,"column":35},"end":{"line":95,"column":null}},"35":{"start":{"line":96,"column":2},"end":{"line":96,"column":null}},"36":{"start":{"line":96,"column":23},"end":{"line":96,"column":null}},"37":{"start":{"line":97,"column":2},"end":{"line":97,"column":null}},"38":{"start":{"line":97,"column":35},"end":{"line":97,"column":null}},"39":{"start":{"line":99,"column":2},"end":{"line":99,"column":null}},"40":{"start":{"line":103,"column":2},"end":{"line":103,"column":null}},"41":{"start":{"line":103,"column":36},"end":{"line":103,"column":null}},"42":{"start":{"line":104,"column":2},"end":{"line":104,"column":null}},"43":{"start":{"line":104,"column":64},"end":{"line":104,"column":null}},"44":{"start":{"line":105,"column":2},"end":{"line":105,"column":null}},"45":{"start":{"line":113,"column":23},"end":{"line":113,"column":null}},"46":{"start":{"line":114,"column":29},"end":{"line":114,"column":null}},"47":{"start":{"line":115,"column":27},"end":{"line":115,"column":null}},"48":{"start":{"line":117,"column":2},"end":{"line":129,"column":null}}},"fnMap":{"0":{"name":"formatCompactNumber","decl":{"start":{"line":42,"column":9},"end":{"line":42,"column":29}},"loc":{"start":{"line":42,"column":52},"end":{"line":45,"column":null}},"line":42},"1":{"name":"formatDataLimit","decl":{"start":{"line":47,"column":9},"end":{"line":47,"column":25}},"loc":{"start":{"line":47,"column":53},"end":{"line":53,"column":null}},"line":47},"2":{"name":"formatMonitorLimit","decl":{"start":{"line":55,"column":9},"end":{"line":55,"column":28}},"loc":{"start":{"line":55,"column":56},"end":{"line":58,"column":null}},"line":55},"3":{"name":"tierDescription","decl":{"start":{"line":60,"column":9},"end":{"line":60,"column":25}},"loc":{"start":{"line":60,"column":51},"end":{"line":73,"column":null}},"line":60},"4":{"name":"buildTierFeatures","decl":{"start":{"line":75,"column":9},"end":{"line":75,"column":27}},"loc":{"start":{"line":75,"column":65},"end":{"line":100,"column":null}},"line":75},"5":{"name":"ctaForTier","decl":{"start":{"line":102,"column":9},"end":{"line":102,"column":20}},"loc":{"start":{"line":102,"column":56},"end":{"line":106,"column":null}},"line":102},"6":{"name":"buildPricingCardModel","decl":{"start":{"line":108,"column":16},"end":{"line":108,"column":null}},"loc":{"start":{"line":112,"column":20},"end":{"line":130,"column":null}},"line":112}},"branchMap":{"0":{"loc":{"start":{"line":43,"column":2},"end":{"line":43,"column":null}},"type":"if","locations":[{"start":{"line":43,"column":2},"end":{"line":43,"column":null}},{"start":{},"end":{}}],"line":43},"1":{"loc":{"start":{"line":49,"column":2},"end":{"line":51,"column":null}},"type":"if","locations":[{"start":{"line":49,"column":2},"end":{"line":51,"column":null}},{"start":{},"end":{}}],"line":49},"2":{"loc":{"start":{"line":56,"column":2},"end":{"line":56,"column":null}},"type":"if","locations":[{"start":{"line":56,"column":2},"end":{"line":56,"column":null}},{"start":{},"end":{}}],"line":56},"3":{"loc":{"start":{"line":61,"column":2},"end":{"line":72,"column":null}},"type":"switch","locations":[{"start":{"line":62,"column":4},"end":{"line":63,"column":null}},{"start":{"line":64,"column":4},"end":{"line":65,"column":null}},{"start":{"line":66,"column":4},"end":{"line":67,"column":null}},{"start":{"line":68,"column":4},"end":{"line":69,"column":null}},{"start":{"line":70,"column":4},"end":{"line":71,"column":null}}],"line":61},"4":{"loc":{"start":{"line":79,"column":4},"end":{"line":79,"column":null}},"type":"cond-expr","locations":[{"start":{"line":79,"column":31},"end":{"line":79,"column":54}},{"start":{"line":79,"column":54},"end":{"line":79,"column":null}}],"line":79},"5":{"loc":{"start":{"line":79,"column":84},"end":{"line":79,"column":117}},"type":"cond-expr","locations":[{"start":{"line":79,"column":109},"end":{"line":79,"column":114}},{"start":{"line":79,"column":114},"end":{"line":79,"column":117}}],"line":79},"6":{"loc":{"start":{"line":83,"column":2},"end":{"line":83,"column":null}},"type":"if","locations":[{"start":{"line":83,"column":2},"end":{"line":83,"column":null}},{"start":{},"end":{}}],"line":83},"7":{"loc":{"start":{"line":85,"column":2},"end":{"line":89,"column":null}},"type":"if","locations":[{"start":{"line":85,"column":2},"end":{"line":89,"column":null}},{"start":{"line":87,"column":2},"end":{"line":89,"column":null}}],"line":85},"8":{"loc":{"start":{"line":85,"column":6},"end":{"line":85,"column":69}},"type":"binary-expr","locations":[{"start":{"line":85,"column":6},"end":{"line":85,"column":33}},{"start":{"line":85,"column":33},"end":{"line":85,"column":69}}],"line":85},"9":{"loc":{"start":{"line":87,"column":2},"end":{"line":89,"column":null}},"type":"if","locations":[{"start":{"line":87,"column":2},"end":{"line":89,"column":null}},{"start":{},"end":{}}],"line":87},"10":{"loc":{"start":{"line":91,"column":2},"end":{"line":91,"column":null}},"type":"if","locations":[{"start":{"line":91,"column":2},"end":{"line":91,"column":null}},{"start":{},"end":{}}],"line":91},"11":{"loc":{"start":{"line":92,"column":2},"end":{"line":92,"column":null}},"type":"if","locations":[{"start":{"line":92,"column":2},"end":{"line":92,"column":null}},{"start":{},"end":{}}],"line":92},"12":{"loc":{"start":{"line":93,"column":2},"end":{"line":93,"column":null}},"type":"if","locations":[{"start":{"line":93,"column":2},"end":{"line":93,"column":null}},{"start":{},"end":{}}],"line":93},"13":{"loc":{"start":{"line":94,"column":2},"end":{"line":94,"column":null}},"type":"if","locations":[{"start":{"line":94,"column":2},"end":{"line":94,"column":null}},{"start":{},"end":{}}],"line":94},"14":{"loc":{"start":{"line":95,"column":2},"end":{"line":95,"column":null}},"type":"if","locations":[{"start":{"line":95,"column":2},"end":{"line":95,"column":null}},{"start":{},"end":{}}],"line":95},"15":{"loc":{"start":{"line":96,"column":2},"end":{"line":96,"column":null}},"type":"if","locations":[{"start":{"line":96,"column":2},"end":{"line":96,"column":null}},{"start":{},"end":{}}],"line":96},"16":{"loc":{"start":{"line":97,"column":2},"end":{"line":97,"column":null}},"type":"if","locations":[{"start":{"line":97,"column":2},"end":{"line":97,"column":null}},{"start":{},"end":{}}],"line":97},"17":{"loc":{"start":{"line":103,"column":2},"end":{"line":103,"column":null}},"type":"if","locations":[{"start":{"line":103,"column":2},"end":{"line":103,"column":null}},{"start":{},"end":{}}],"line":103},"18":{"loc":{"start":{"line":104,"column":2},"end":{"line":104,"column":null}},"type":"if","locations":[{"start":{"line":104,"column":2},"end":{"line":104,"column":null}},{"start":{},"end":{}}],"line":104},"19":{"loc":{"start":{"line":104,"column":6},"end":{"line":104,"column":64}},"type":"binary-expr","locations":[{"start":{"line":104,"column":6},"end":{"line":104,"column":44}},{"start":{"line":104,"column":44},"end":{"line":104,"column":64}}],"line":104},"20":{"loc":{"start":{"line":111,"column":2},"end":{"line":111,"column":null}},"type":"default-arg","locations":[{"start":{"line":111,"column":12},"end":{"line":111,"column":null}}],"line":111},"21":{"loc":{"start":{"line":124,"column":18},"end":{"line":124,"column":null}},"type":"cond-expr","locations":[{"start":{"line":124,"column":49},"end":{"line":124,"column":70}},{"start":{"line":124,"column":70},"end":{"line":124,"column":null}}],"line":124}},"s":{"0":1,"1":1,"2":33,"3":31,"4":2,"5":33,"6":33,"7":2,"8":31,"9":33,"10":1,"11":32,"12":33,"13":2,"14":29,"15":1,"16":1,"17":0,"18":33,"19":33,"20":32,"21":33,"22":1,"23":32,"24":32,"25":33,"26":33,"27":33,"28":1,"29":33,"30":1,"31":33,"32":1,"33":33,"34":1,"35":33,"36":1,"37":33,"38":1,"39":33,"40":33,"41":1,"42":32,"43":30,"44":2,"45":33,"46":33,"47":33,"48":33},"f":{"0":33,"1":33,"2":33,"3":33,"4":33,"5":33,"6":33},"b":{"0":[31,2],"1":[2,31],"2":[1,32],"3":[2,29,1,1,0],"4":[1,32],"5":[1,31],"6":[32,1],"7":[1,32],"8":[33,33],"9":[32,0],"10":[33,0],"11":[1,32],"12":[1,32],"13":[1,32],"14":[1,32],"15":[1,32],"16":[1,32],"17":[1,32],"18":[30,2],"19":[32,31],"20":[33],"21":[2,31]},"meta":{"lastBranch":22,"lastFunction":7,"lastStatement":49,"seen":{"s:1:21:1:Infinity":0,"s:2:35:2:Infinity":1,"f:42:9:42:29":0,"b:43:2:43:Infinity:undefined:undefined:undefined:undefined":0,"s:43:2:43:Infinity":2,"s:43:31:43:Infinity":3,"s:44:2:44:Infinity":4,"f:47:9:47:25":1,"s:48:18:48:Infinity":5,"b:49:2:51:Infinity:undefined:undefined:undefined:undefined":1,"s:49:2:51:Infinity":6,"s:50:4:50:Infinity":7,"s:52:2:52:Infinity":8,"f:55:9:55:28":2,"b:56:2:56:Infinity:undefined:undefined:undefined:undefined":2,"s:56:2:56:Infinity":9,"s:56:48:56:Infinity":10,"s:57:2:57:Infinity":11,"f:60:9:60:25":3,"b:62:4:63:Infinity:64:4:65:Infinity:66:4:67:Infinity:68:4:69:Infinity:70:4:71:Infinity":3,"s:61:2:72:Infinity":12,"s:63:6:63:Infinity":13,"s:65:6:65:Infinity":14,"s:67:6:67:Infinity":15,"s:69:6:69:Infinity":16,"s:71:6:71:Infinity":17,"f:75:9:75:27":4,"s:76:19:81:Infinity":18,"b:79:31:79:54:79:54:79:Infinity":4,"b:79:109:79:114:79:114:79:117":5,"b:83:2:83:Infinity:undefined:undefined:undefined:undefined":6,"s:83:2:83:Infinity":19,"s:83:33:83:Infinity":20,"b:85:2:89:Infinity:87:2:89:Infinity":7,"s:85:2:89:Infinity":21,"b:85:6:85:33:85:33:85:69":8,"s:86:4:86:Infinity":22,"b:87:2:89:Infinity:undefined:undefined:undefined:undefined":9,"s:87:2:89:Infinity":23,"s:88:4:88:Infinity":24,"b:91:2:91:Infinity:undefined:undefined:undefined:undefined":10,"s:91:2:91:Infinity":25,"s:91:25:91:Infinity":26,"b:92:2:92:Infinity:undefined:undefined:undefined:undefined":11,"s:92:2:92:Infinity":27,"s:92:30:92:Infinity":28,"b:93:2:93:Infinity:undefined:undefined:undefined:undefined":12,"s:93:2:93:Infinity":29,"s:93:24:93:Infinity":30,"b:94:2:94:Infinity:undefined:undefined:undefined:undefined":13,"s:94:2:94:Infinity":31,"s:94:24:94:Infinity":32,"b:95:2:95:Infinity:undefined:undefined:undefined:undefined":14,"s:95:2:95:Infinity":33,"s:95:35:95:Infinity":34,"b:96:2:96:Infinity:undefined:undefined:undefined:undefined":15,"s:96:2:96:Infinity":35,"s:96:23:96:Infinity":36,"b:97:2:97:Infinity:undefined:undefined:undefined:undefined":16,"s:97:2:97:Infinity":37,"s:97:35:97:Infinity":38,"s:99:2:99:Infinity":39,"f:102:9:102:20":5,"b:103:2:103:Infinity:undefined:undefined:undefined:undefined":17,"s:103:2:103:Infinity":40,"s:103:36:103:Infinity":41,"b:104:2:104:Infinity:undefined:undefined:undefined:undefined":18,"s:104:2:104:Infinity":42,"b:104:6:104:44:104:44:104:64":19,"s:104:64:104:Infinity":43,"s:105:2:105:Infinity":44,"f:108:16:108:Infinity":6,"b:111:12:111:Infinity":20,"s:113:23:113:Infinity":45,"s:114:29:114:Infinity":46,"s:115:27:115:Infinity":47,"s:117:2:129:Infinity":48,"b:124:49:124:70:124:70:124:Infinity":21}}}
,"/Users/aelder/Projects/Moneat/dashboard/src/lib/utils.ts": {"path":"/Users/aelder/Projects/Moneat/dashboard/src/lib/utils.ts","statementMap":{"0":{"start":{"line":5,"column":2},"end":{"line":5,"column":null}},"1":{"start":{"line":9,"column":2},"end":{"line":9,"column":null}},"2":{"start":{"line":9,"column":18},"end":{"line":9,"column":null}},"3":{"start":{"line":13,"column":2},"end":{"line":19,"column":null}},"4":{"start":{"line":14,"column":4},"end":{"line":14,"column":null}},"5":{"start":{"line":15,"column":2},"end":{"line":19,"column":null}},"6":{"start":{"line":16,"column":4},"end":{"line":16,"column":null}},"7":{"start":{"line":18,"column":4},"end":{"line":18,"column":null}},"8":{"start":{"line":21,"column":14},"end":{"line":21,"column":null}},"9":{"start":{"line":22,"column":18},"end":{"line":22,"column":null}},"10":{"start":{"line":24,"column":2},"end":{"line":24,"column":null}},"11":{"start":{"line":24,"column":20},"end":{"line":24,"column":null}},"12":{"start":{"line":25,"column":2},"end":{"line":25,"column":null}},"13":{"start":{"line":25,"column":22},"end":{"line":25,"column":null}},"14":{"start":{"line":26,"column":2},"end":{"line":26,"column":null}},"15":{"start":{"line":26,"column":23},"end":{"line":26,"column":null}},"16":{"start":{"line":27,"column":2},"end":{"line":27,"column":null}},"17":{"start":{"line":27,"column":24},"end":{"line":27,"column":null}},"18":{"start":{"line":28,"column":2},"end":{"line":28,"column":null}}},"fnMap":{"0":{"name":"cn","decl":{"start":{"line":4,"column":16},"end":{"line":4,"column":22}},"loc":{"start":{"line":4,"column":44},"end":{"line":6,"column":null}},"line":4},"1":{"name":"formatRelativeTime","decl":{"start":{"line":8,"column":16},"end":{"line":8,"column":35}},"loc":{"start":{"line":8,"column":83},"end":{"line":29,"column":null}},"line":8}},"branchMap":{"0":{"loc":{"start":{"line":9,"column":2},"end":{"line":9,"column":null}},"type":"if","locations":[{"start":{"line":9,"column":2},"end":{"line":9,"column":null}},{"start":{},"end":{}}],"line":9},"1":{"loc":{"start":{"line":13,"column":2},"end":{"line":19,"column":null}},"type":"if","locations":[{"start":{"line":13,"column":2},"end":{"line":19,"column":null}},{"start":{"line":15,"column":2},"end":{"line":19,"column":null}}],"line":13},"2":{"loc":{"start":{"line":15,"column":2},"end":{"line":19,"column":null}},"type":"if","locations":[{"start":{"line":15,"column":2},"end":{"line":19,"column":null}},{"start":{"line":17,"column":9},"end":{"line":19,"column":null}}],"line":15},"3":{"loc":{"start":{"line":24,"column":2},"end":{"line":24,"column":null}},"type":"if","locations":[{"start":{"line":24,"column":2},"end":{"line":24,"column":null}},{"start":{},"end":{}}],"line":24},"4":{"loc":{"start":{"line":25,"column":2},"end":{"line":25,"column":null}},"type":"if","locations":[{"start":{"line":25,"column":2},"end":{"line":25,"column":null}},{"start":{},"end":{}}],"line":25},"5":{"loc":{"start":{"line":26,"column":2},"end":{"line":26,"column":null}},"type":"if","locations":[{"start":{"line":26,"column":2},"end":{"line":26,"column":null}},{"start":{},"end":{}}],"line":26},"6":{"loc":{"start":{"line":27,"column":2},"end":{"line":27,"column":null}},"type":"if","locations":[{"start":{"line":27,"column":2},"end":{"line":27,"column":null}},{"start":{},"end":{}}],"line":27}},"s":{"0":17,"1":9,"2":1,"3":8,"4":6,"5":2,"6":1,"7":1,"8":8,"9":8,"10":8,"11":1,"12":7,"13":7,"14":3,"15":3,"16":2,"17":2,"18":1},"f":{"0":17,"1":9},"b":{"0":[1,8],"1":[6,2],"2":[1,1],"3":[1,7],"4":[4,3],"5":[1,2],"6":[1,1]},"meta":{"lastBranch":7,"lastFunction":2,"lastStatement":19,"seen":{"f:4:16:4:22":0,"s:5:2:5:Infinity":0,"f:8:16:8:35":1,"b:9:2:9:Infinity:undefined:undefined:undefined:undefined":0,"s:9:2:9:Infinity":1,"s:9:18:9:Infinity":2,"b:13:2:19:Infinity:15:2:19:Infinity":1,"s:13:2:19:Infinity":3,"s:14:4:14:Infinity":4,"b:15:2:19:Infinity:17:9:19:Infinity":2,"s:15:2:19:Infinity":5,"s:16:4:16:Infinity":6,"s:18:4:18:Infinity":7,"s:21:14:21:Infinity":8,"s:22:18:22:Infinity":9,"b:24:2:24:Infinity:undefined:undefined:undefined:undefined":3,"s:24:2:24:Infinity":10,"s:24:20:24:Infinity":11,"b:25:2:25:Infinity:undefined:undefined:undefined:undefined":4,"s:25:2:25:Infinity":12,"s:25:22:25:Infinity":13,"b:26:2:26:Infinity:undefined:undefined:undefined:undefined":5,"s:26:2:26:Infinity":14,"s:26:23:26:Infinity":15,"b:27:2:27:Infinity:undefined:undefined:undefined:undefined":6,"s:27:2:27:Infinity":16,"s:27:24:27:Infinity":17,"s:28:2:28:Infinity":18}}}
}
