TN:
SF:src/components/ConsentBanner.tsx
FN:24,updateGtagConsent
FN:34,ConsentBanner
FN:37,(anonymous_2)
FN:47,handleAccept
FN:53,handleDecline
FNF:5
FNH:5
FNDA:6,updateGtagConsent
FNDA:18,ConsentBanner
FNDA:8,(anonymous_2)
FNDA:2,handleAccept
FNDA:2,handleDecline
DA:20,1
DA:25,6
DA:26,6
DA:35,18
DA:37,18
DA:38,8
DA:39,8
DA:40,6
DA:43,2
DA:48,2
DA:49,2
DA:50,2
DA:54,2
DA:55,2
DA:56,2
DA:59,18
DA:61,6
LF:17
LH:17
BRDA:25,0,0,0
BRDA:25,0,1,6
BRDA:39,1,0,6
BRDA:39,1,1,2
BRDA:59,2,0,12
BRDA:59,2,1,6
BRF:6
BRH:5
end_of_record
TN:
SF:src/components/login-logo.tsx
FN:24,LoginLogo
FNF:1
FNH:1
FNDA:2,LoginLogo
DA:25,2
LF:1
LH:1
BRF:0
BRH:0
end_of_record
TN:
SF:src/components/logo.tsx
FN:25,Logo
FNF:1
FNH:1
FNDA:9,Logo
DA:26,9
DA:27,2
DA:54,7
LF:3
LH:3
BRDA:25,0,0,9
BRDA:26,1,0,2
BRDA:26,1,1,7
BRF:3
BRH:3
end_of_record
TN:
SF:src/components/theme-toggle.tsx
FN:21,ThemeToggle
FN:24,(anonymous_1)
FN:39,(anonymous_2)
FNF:3
FNH:3
FNDA:10,ThemeToggle
FNDA:5,(anonymous_1)
FNDA:2,(anonymous_2)
DA:22,10
DA:24,10
DA:25,5
DA:26,5
DA:28,5
DA:29,2
DA:30,2
DA:33,3
DA:34,3
DA:35,3
DA:39,10
DA:40,2
DA:41,2
DA:43,2
DA:44,2
DA:45,2
DA:48,10
LF:17
LH:17
BRDA:28,0,0,2
BRDA:28,0,1,3
BRDA:40,1,0,1
BRDA:40,1,1,1
BRDA:55,2,0,6
BRDA:55,2,1,4
BRF:6
BRH:6
end_of_record
TN:
SF:src/components/ui/button.tsx
FN:60,(anonymous_0)
FNF:1
FNH:1
FNDA:25,(anonymous_0)
DA:23,3
DA:59,3
DA:61,25
DA:62,25
DA:71,3
LF:5
LH:5
BRDA:60,0,0,25
BRDA:61,1,0,0
BRDA:61,1,1,25
BRF:3
BRH:2
end_of_record
TN:
SF:src/components/ui/input.tsx
FN:22,(anonymous_0)
FNF:1
FNH:1
FNDA:5,(anonymous_0)
DA:21,1
DA:23,5
DA:36,1
LF:3
LH:3
BRF:0
BRH:0
end_of_record
TN:
SF:src/components/ui/label.tsx
FN:24,(anonymous_0)
FNF:1
FNH:1
FNDA:2,(anonymous_0)
DA:23,1
DA:25,2
DA:35,1
LF:3
LH:3
BRF:0
BRH:0
end_of_record
TN:
SF:src/contexts/project-context.tsx
FN:26,ProjectProvider
FN:27,(anonymous_1)
FN:32,(anonymous_2)
FN:48,useProject
FNF:4
FNH:4
FNDA:8,ProjectProvider
FNDA:5,(anonymous_1)
FNDA:8,(anonymous_2)
FNDA:12,useProject
DA:24,1
DA:27,8
DA:28,5
DA:29,5
DA:32,8
DA:33,8
DA:34,4
DA:36,4
DA:40,8
DA:49,12
DA:50,12
DA:51,4
DA:53,8
LF:13
LH:13
BRDA:29,0,0,2
BRDA:29,0,1,3
BRDA:33,1,0,4
BRDA:33,1,1,4
BRDA:50,2,0,4
BRDA:50,2,1,8
BRF:6
BRH:6
end_of_record
TN:
SF:src/hooks/use-toast.ts
FN:40,genId
FN:71,(anonymous_1)
FN:76,(anonymous_2)
FN:87,(anonymous_3)
FN:98,(anonymous_4)
FN:109,(anonymous_5)
FN:116,(anonymous_6)
FN:135,(anonymous_7)
FN:144,dispatch
FN:146,(anonymous_9)
FN:153,toast
FN:156,(anonymous_11)
FN:161,(anonymous_12)
FN:169,(anonymous_13)
FN:182,useToast
FN:185,(anonymous_15)
FN:187,(anonymous_16)
FN:198,(anonymous_17)
FNF:18
FNH:6
FNDA:0,genId
FNDA:2,(anonymous_1)
FNDA:0,(anonymous_2)
FNDA:10,(anonymous_3)
FNDA:2,(anonymous_4)
FNDA:1,(anonymous_5)
FNDA:2,(anonymous_6)
FNDA:2,(anonymous_7)
FNDA:0,dispatch
FNDA:0,(anonymous_9)
FNDA:0,toast
FNDA:0,(anonymous_11)
FNDA:0,(anonymous_12)
FNDA:0,(anonymous_13)
FNDA:0,useToast
FNDA:0,(anonymous_15)
FNDA:0,(anonymous_16)
FNDA:0,(anonymous_17)
DA:21,1
DA:22,1
DA:31,1
DA:38,1
DA:41,0
DA:42,0
DA:69,1
DA:71,1
DA:72,2
DA:73,1
DA:76,1
DA:77,0
DA:78,0
DA:84,1
DA:87,1
DA:88,10
DA:90,3
DA:96,2
DA:99,2
DA:104,2
DA:106,2
DA:107,1
DA:109,1
DA:110,1
DA:114,2
DA:117,2
DA:127,3
DA:128,1
DA:133,2
DA:135,2
DA:140,1
DA:142,1
DA:145,0
DA:146,0
DA:147,0
DA:154,0
DA:156,0
DA:157,0
DA:161,0
DA:163,0
DA:170,0
DA:175,0
DA:183,0
DA:185,0
DA:186,0
DA:187,0
DA:188,0
DA:189,0
DA:190,0
DA:195,0
DA:198,0
LF:51
LH:28
BRDA:72,0,0,1
BRDA:72,0,1,1
BRDA:88,1,0,3
BRDA:88,1,1,2
BRDA:88,1,2,2
BRDA:88,1,3,3
BRDA:99,2,0,1
BRDA:99,2,1,1
BRDA:106,3,0,1
BRDA:106,3,1,1
BRDA:117,4,0,2
BRDA:117,4,1,0
BRDA:117,5,0,2
BRDA:117,5,1,1
BRDA:127,6,0,1
BRDA:127,6,1,2
BRDA:170,7,0,0
BRDA:170,7,1,0
BRDA:189,8,0,0
BRDA:189,8,1,0
BRF:20
BRH:15
end_of_record
TN:
SF:src/hooks/useAuth.ts
FN:30,useAuth
FN:34,(anonymous_1)
FN:37,(anonymous_2)
FN:48,(anonymous_3)
FN:52,(anonymous_4)
FNF:5
FNH:5
FNDA:5,useAuth
FNDA:3,(anonymous_1)
FNDA:1,(anonymous_2)
FNDA:2,(anonymous_3)
FNDA:3,(anonymous_4)
DA:31,5
DA:32,5
DA:34,5
DA:36,3
DA:38,1
DA:46,1
DA:49,2
DA:50,2
DA:53,3
DA:57,5
LF:10
LH:10
BRF:0
BRH:0
end_of_record
TN:
SF:src/hooks/useEnterpriseFeatures.ts
FN:10,useEnterpriseFeatures
FN:13,(anonymous_1)
FN:23,useHasModule
FNF:3
FNH:3
FNDA:7,useEnterpriseFeatures
FNDA:4,(anonymous_1)
FNDA:3,useHasModule
DA:8,1
DA:11,7
DA:14,4
DA:15,4
DA:16,3
DA:24,3
DA:25,3
LF:7
LH:7
BRDA:8,0,0,1
BRDA:8,0,1,1
BRDA:15,1,0,1
BRDA:15,1,1,3
BRDA:25,2,0,3
BRDA:25,2,1,2
BRF:6
BRH:6
end_of_record
TN:
SF:src/lib/ansi.ts
FN:21,stripAnsi
FNF:1
FNH:1
FNDA:11,stripAnsi
DA:22,11
DA:26,8
DA:28,8
LF:3
LH:3
BRDA:22,0,0,3
BRDA:22,0,1,8
BRF:2
BRH:2
end_of_record
TN:
SF:src/lib/api.ts
FN:23,formatErrorForLogging
FN:1795,(anonymous_1)
FN:1799,(anonymous_2)
FN:1803,(anonymous_3)
FN:1807,(anonymous_4)
FN:1811,(anonymous_5)
FN:1859,(anonymous_6)
FN:1881,(anonymous_7)
FN:1926,(anonymous_8)
FN:1959,(anonymous_9)
FN:1975,(anonymous_10)
FN:1998,(anonymous_11)
FN:2012,(anonymous_12)
FN:2019,(anonymous_13)
FN:2026,(anonymous_14)
FN:2030,(anonymous_15)
FN:2037,(anonymous_16)
FN:2043,(anonymous_17)
FN:2047,(anonymous_18)
FN:2064,(anonymous_19)
FN:2070,(anonymous_20)
FN:2081,(anonymous_21)
FN:2085,(anonymous_22)
FN:2089,(anonymous_23)
FN:2093,(anonymous_24)
FN:2100,(anonymous_25)
FN:2107,(anonymous_26)
FN:2117,(anonymous_27)
FN:2123,(anonymous_28)
FN:2129,(anonymous_29)
FN:2133,(anonymous_30)
FN:2137,(anonymous_31)
FN:2143,(anonymous_32)
FN:2150,(anonymous_33)
FN:2179,(anonymous_34)
FN:2183,(anonymous_35)
FN:2190,(anonymous_36)
FN:2199,(anonymous_37)
FN:2203,(anonymous_38)
FN:2210,(anonymous_39)
FN:2214,(anonymous_40)
FN:2218,(anonymous_41)
FN:2222,(anonymous_42)
FN:2229,(anonymous_43)
FN:2237,(anonymous_44)
FN:2241,(anonymous_45)
FN:2248,(anonymous_46)
FN:2255,(anonymous_47)
FN:2262,(anonymous_48)
FN:2268,(anonymous_49)
FN:2274,(anonymous_50)
FN:2280,(anonymous_51)
FN:2284,(anonymous_52)
FN:2291,(anonymous_53)
FN:2299,(anonymous_54)
FN:2306,(anonymous_55)
FN:2313,(anonymous_56)
FN:2320,(anonymous_57)
FN:2327,(anonymous_58)
FN:2331,(anonymous_59)
FN:2355,(anonymous_60)
FN:2363,(anonymous_61)
FN:2371,(anonymous_62)
FN:2378,(anonymous_63)
FN:2404,(anonymous_64)
FN:2424,(anonymous_65)
FN:2432,(anonymous_66)
FN:2439,(anonymous_67)
FN:2465,(anonymous_68)
FN:2477,(anonymous_69)
FN:2478,(anonymous_70)
FN:2489,(anonymous_71)
FN:2504,(anonymous_72)
FN:2516,(anonymous_73)
FN:2525,(anonymous_74)
FN:2541,(anonymous_75)
FN:2548,(anonymous_76)
FN:2556,(anonymous_77)
FN:2563,(anonymous_78)
FN:2588,(anonymous_79)
FN:2598,(anonymous_80)
FN:2624,(anonymous_81)
FN:2632,(anonymous_82)
FN:2669,(anonymous_83)
FN:2683,(anonymous_84)
FN:2690,(anonymous_85)
FN:2703,(anonymous_86)
FN:2707,(anonymous_87)
FN:2713,(anonymous_88)
FN:2719,(anonymous_89)
FN:2725,(anonymous_90)
FN:2731,(anonymous_91)
FN:2735,(anonymous_92)
FN:2741,(anonymous_93)
FN:2753,(anonymous_94)
FN:2757,(anonymous_95)
FN:2763,(anonymous_96)
FN:2769,(anonymous_97)
FN:2779,(anonymous_98)
FN:2785,(anonymous_99)
FN:2798,(anonymous_100)
FN:2804,(anonymous_101)
FN:2811,(anonymous_102)
FN:2815,(anonymous_103)
FN:2826,(anonymous_104)
FN:2836,(anonymous_105)
FN:2843,(anonymous_106)
FN:2847,(anonymous_107)
FN:2851,(anonymous_108)
FN:2858,(anonymous_109)
FN:2862,(anonymous_110)
FN:2866,(anonymous_111)
FN:2872,(anonymous_112)
FN:2880,(anonymous_113)
FN:2886,(anonymous_114)
FN:2893,(anonymous_115)
FN:2901,(anonymous_116)
FN:2913,(anonymous_117)
FN:2927,(anonymous_118)
FN:2945,(anonymous_119)
FN:2951,(anonymous_120)
FN:2966,(anonymous_121)
FN:2975,(anonymous_122)
FN:2990,(anonymous_123)
FN:3001,(anonymous_124)
FN:3011,(anonymous_125)
FN:3032,(anonymous_126)
FN:3039,(anonymous_127)
FN:3046,(anonymous_128)
FN:3059,(anonymous_129)
FN:3071,(anonymous_130)
FN:3075,(anonymous_131)
FN:3080,(anonymous_132)
FN:3087,(anonymous_133)
FN:3094,(anonymous_134)
FN:3104,(anonymous_135)
FN:3109,(anonymous_136)
FN:3113,(anonymous_137)
FN:3120,(anonymous_138)
FN:3130,(anonymous_139)
FN:3137,(anonymous_140)
FN:3144,(anonymous_141)
FN:3155,(anonymous_142)
FN:3157,(anonymous_143)
FN:3160,(anonymous_144)
FN:3165,(anonymous_145)
FN:3172,(anonymous_146)
FN:3178,(anonymous_147)
FN:3189,(anonymous_148)
FN:3193,(anonymous_149)
FN:3206,(anonymous_150)
FN:3223,(anonymous_151)
FN:3228,(anonymous_152)
FN:3232,(anonymous_153)
FN:3233,(anonymous_154)
FN:3234,(anonymous_155)
FN:3238,(anonymous_156)
FN:3245,(anonymous_157)
FN:3262,(anonymous_158)
FN:3274,(anonymous_159)
FN:3282,(anonymous_160)
FN:3294,(anonymous_161)
FN:3296,(anonymous_162)
FN:3299,(anonymous_163)
FN:3307,(anonymous_164)
FN:3315,(anonymous_165)
FN:3319,(anonymous_166)
FN:3323,(anonymous_167)
FN:3330,(anonymous_168)
FN:3337,(anonymous_169)
FN:3343,(anonymous_170)
FN:3349,(anonymous_171)
FN:3355,(anonymous_172)
FN:3367,(anonymous_173)
FN:3371,(anonymous_174)
FN:3375,(anonymous_175)
FN:3379,(anonymous_176)
FN:3386,(anonymous_177)
FN:3392,(anonymous_178)
FN:3398,(anonymous_179)
FN:3404,(anonymous_180)
FN:3408,(anonymous_181)
FN:3415,(anonymous_182)
FN:3423,(anonymous_183)
FN:3427,(anonymous_184)
FN:3431,(anonymous_185)
FN:3438,(anonymous_186)
FN:3444,(anonymous_187)
FN:3450,(anonymous_188)
FN:3458,(anonymous_189)
FN:3462,(anonymous_190)
FN:3469,(anonymous_191)
FN:3476,(anonymous_192)
FN:3482,(anonymous_193)
FN:3488,(anonymous_194)
FN:3492,(anonymous_195)
FN:3499,(anonymous_196)
FN:3505,(anonymous_197)
FN:3509,(anonymous_198)
FN:3513,(anonymous_199)
FN:3520,(anonymous_200)
FN:3527,(anonymous_201)
FN:3533,(anonymous_202)
FN:3540,(anonymous_203)
FN:3546,(anonymous_204)
FN:3550,(anonymous_205)
FN:3557,(anonymous_206)
FN:3564,(anonymous_207)
FN:3571,(anonymous_208)
FN:3578,(anonymous_209)
FN:3584,(anonymous_210)
FN:3592,(anonymous_211)
FN:3601,(anonymous_212)
FN:3613,(anonymous_213)
FN:3617,(anonymous_214)
FN:3625,(anonymous_215)
FN:3629,(anonymous_216)
FN:3637,(anonymous_217)
FN:3641,(anonymous_218)
FN:3645,(anonymous_219)
FN:3652,(anonymous_220)
FN:3659,(anonymous_221)
FN:3665,(anonymous_222)
FN:3669,(anonymous_223)
FN:3676,(anonymous_224)
FN:3683,(anonymous_225)
FN:3687,(anonymous_226)
FN:3691,(anonymous_227)
FN:3698,(anonymous_228)
FN:3705,(anonymous_229)
FN:3712,(anonymous_230)
FN:3723,(anonymous_231)
FN:3727,(anonymous_232)
FN:3731,(anonymous_233)
FN:3737,(anonymous_234)
FN:3743,(anonymous_235)
FN:3750,(anonymous_236)
FN:3757,(anonymous_237)
FN:3763,(anonymous_238)
FN:3770,(anonymous_239)
FN:3777,(anonymous_240)
FN:3784,(anonymous_241)
FN:3791,(anonymous_242)
FN:3798,(anonymous_243)
FN:3802,(anonymous_244)
FN:3808,(anonymous_245)
FN:3812,(anonymous_246)
FN:3821,(anonymous_247)
FN:3828,(anonymous_248)
FN:3835,(anonymous_249)
FN:3839,(anonymous_250)
FN:3843,(anonymous_251)
FN:3849,(anonymous_252)
FN:3853,(anonymous_253)
FN:3865,(anonymous_254)
FN:3869,(anonymous_255)
FN:3873,(anonymous_256)
FN:3877,(anonymous_257)
FN:3881,(anonymous_258)
FN:3888,(anonymous_259)
FN:3894,(anonymous_260)
FN:3898,(anonymous_261)
FN:3905,(anonymous_262)
FN:3909,(anonymous_263)
FN:3916,(anonymous_264)
FNF:265
FNH:8
FNDA:0,formatErrorForLogging
FNDA:3,(anonymous_1)
FNDA:1,(anonymous_2)
FNDA:0,(anonymous_3)
FNDA:1,(anonymous_4)
FNDA:1,(anonymous_5)
FNDA:3,(anonymous_6)
FNDA:1,(anonymous_7)
FNDA:0,(anonymous_8)
FNDA:0,(anonymous_9)
FNDA:0,(anonymous_10)
FNDA:0,(anonymous_11)
FNDA:0,(anonymous_12)
FNDA:0,(anonymous_13)
FNDA:0,(anonymous_14)
FNDA:0,(anonymous_15)
FNDA:0,(anonymous_16)
FNDA:0,(anonymous_17)
FNDA:1,(anonymous_18)
FNDA:0,(anonymous_19)
FNDA:0,(anonymous_20)
FNDA:0,(anonymous_21)
FNDA:0,(anonymous_22)
FNDA:0,(anonymous_23)
FNDA:0,(anonymous_24)
FNDA:0,(anonymous_25)
FNDA:0,(anonymous_26)
FNDA:0,(anonymous_27)
FNDA:0,(anonymous_28)
FNDA:0,(anonymous_29)
FNDA:0,(anonymous_30)
FNDA:0,(anonymous_31)
FNDA:0,(anonymous_32)
FNDA:0,(anonymous_33)
FNDA:3,(anonymous_34)
FNDA:0,(anonymous_35)
FNDA:0,(anonymous_36)
FNDA:0,(anonymous_37)
FNDA:0,(anonymous_38)
FNDA:0,(anonymous_39)
FNDA:0,(anonymous_40)
FNDA:0,(anonymous_41)
FNDA:0,(anonymous_42)
FNDA:0,(anonymous_43)
FNDA:0,(anonymous_44)
FNDA:0,(anonymous_45)
FNDA:0,(anonymous_46)
FNDA:0,(anonymous_47)
FNDA:0,(anonymous_48)
FNDA:0,(anonymous_49)
FNDA:0,(anonymous_50)
FNDA:0,(anonymous_51)
FNDA:0,(anonymous_52)
FNDA:0,(anonymous_53)
FNDA:0,(anonymous_54)
FNDA:0,(anonymous_55)
FNDA:0,(anonymous_56)
FNDA:0,(anonymous_57)
FNDA:0,(anonymous_58)
FNDA:0,(anonymous_59)
FNDA:0,(anonymous_60)
FNDA:0,(anonymous_61)
FNDA:0,(anonymous_62)
FNDA:0,(anonymous_63)
FNDA:0,(anonymous_64)
FNDA:0,(anonymous_65)
FNDA:0,(anonymous_66)
FNDA:0,(anonymous_67)
FNDA:0,(anonymous_68)
FNDA:0,(anonymous_69)
FNDA:0,(anonymous_70)
FNDA:0,(anonymous_71)
FNDA:0,(anonymous_72)
FNDA:0,(anonymous_73)
FNDA:0,(anonymous_74)
FNDA:0,(anonymous_75)
FNDA:0,(anonymous_76)
FNDA:0,(anonymous_77)
FNDA:0,(anonymous_78)
FNDA:0,(anonymous_79)
FNDA:0,(anonymous_80)
FNDA:0,(anonymous_81)
FNDA:0,(anonymous_82)
FNDA:0,(anonymous_83)
FNDA:0,(anonymous_84)
FNDA:0,(anonymous_85)
FNDA:0,(anonymous_86)
FNDA:0,(anonymous_87)
FNDA:0,(anonymous_88)
FNDA:0,(anonymous_89)
FNDA:0,(anonymous_90)
FNDA:0,(anonymous_91)
FNDA:0,(anonymous_92)
FNDA:0,(anonymous_93)
FNDA:0,(anonymous_94)
FNDA:0,(anonymous_95)
FNDA:0,(anonymous_96)
FNDA:0,(anonymous_97)
FNDA:0,(anonymous_98)
FNDA:0,(anonymous_99)
FNDA:0,(anonymous_100)
FNDA:0,(anonymous_101)
FNDA:0,(anonymous_102)
FNDA:0,(anonymous_103)
FNDA:0,(anonymous_104)
FNDA:0,(anonymous_105)
FNDA:0,(anonymous_106)
FNDA:0,(anonymous_107)
FNDA:0,(anonymous_108)
FNDA:0,(anonymous_109)
FNDA:0,(anonymous_110)
FNDA:0,(anonymous_111)
FNDA:0,(anonymous_112)
FNDA:0,(anonymous_113)
FNDA:0,(anonymous_114)
FNDA:0,(anonymous_115)
FNDA:0,(anonymous_116)
FNDA:0,(anonymous_117)
FNDA:0,(anonymous_118)
FNDA:0,(anonymous_119)
FNDA:0,(anonymous_120)
FNDA:0,(anonymous_121)
FNDA:0,(anonymous_122)
FNDA:0,(anonymous_123)
FNDA:0,(anonymous_124)
FNDA:0,(anonymous_125)
FNDA:0,(anonymous_126)
FNDA:0,(anonymous_127)
FNDA:0,(anonymous_128)
FNDA:0,(anonymous_129)
FNDA:0,(anonymous_130)
FNDA:0,(anonymous_131)
FNDA:0,(anonymous_132)
FNDA:0,(anonymous_133)
FNDA:0,(anonymous_134)
FNDA:0,(anonymous_135)
FNDA:0,(anonymous_136)
FNDA:0,(anonymous_137)
FNDA:0,(anonymous_138)
FNDA:0,(anonymous_139)
FNDA:0,(anonymous_140)
FNDA:0,(anonymous_141)
FNDA:0,(anonymous_142)
FNDA:0,(anonymous_143)
FNDA:0,(anonymous_144)
FNDA:0,(anonymous_145)
FNDA:0,(anonymous_146)
FNDA:0,(anonymous_147)
FNDA:0,(anonymous_148)
FNDA:0,(anonymous_149)
FNDA:0,(anonymous_150)
FNDA:0,(anonymous_151)
FNDA:0,(anonymous_152)
FNDA:0,(anonymous_153)
FNDA:0,(anonymous_154)
FNDA:0,(anonymous_155)
FNDA:0,(anonymous_156)
FNDA:0,(anonymous_157)
FNDA:0,(anonymous_158)
FNDA:0,(anonymous_159)
FNDA:0,(anonymous_160)
FNDA:0,(anonymous_161)
FNDA:0,(anonymous_162)
FNDA:0,(anonymous_163)
FNDA:0,(anonymous_164)
FNDA:0,(anonymous_165)
FNDA:0,(anonymous_166)
FNDA:0,(anonymous_167)
FNDA:0,(anonymous_168)
FNDA:0,(anonymous_169)
FNDA:0,(anonymous_170)
FNDA:0,(anonymous_171)
FNDA:0,(anonymous_172)
FNDA:0,(anonymous_173)
FNDA:0,(anonymous_174)
FNDA:0,(anonymous_175)
FNDA:0,(anonymous_176)
FNDA:0,(anonymous_177)
FNDA:0,(anonymous_178)
FNDA:0,(anonymous_179)
FNDA:0,(anonymous_180)
FNDA:0,(anonymous_181)
FNDA:0,(anonymous_182)
FNDA:0,(anonymous_183)
FNDA:0,(anonymous_184)
FNDA:0,(anonymous_185)
FNDA:0,(anonymous_186)
FNDA:0,(anonymous_187)
FNDA:0,(anonymous_188)
FNDA:0,(anonymous_189)
FNDA:0,(anonymous_190)
FNDA:0,(anonymous_191)
FNDA:0,(anonymous_192)
FNDA:0,(anonymous_193)
FNDA:0,(anonymous_194)
FNDA:0,(anonymous_195)
FNDA:0,(anonymous_196)
FNDA:0,(anonymous_197)
FNDA:0,(anonymous_198)
FNDA:0,(anonymous_199)
FNDA:0,(anonymous_200)
FNDA:0,(anonymous_201)
FNDA:0,(anonymous_202)
FNDA:0,(anonymous_203)
FNDA:0,(anonymous_204)
FNDA:0,(anonymous_205)
FNDA:0,(anonymous_206)
FNDA:0,(anonymous_207)
FNDA:0,(anonymous_208)
FNDA:0,(anonymous_209)
FNDA:0,(anonymous_210)
FNDA:0,(anonymous_211)
FNDA:0,(anonymous_212)
FNDA:0,(anonymous_213)
FNDA:0,(anonymous_214)
FNDA:0,(anonymous_215)
FNDA:0,(anonymous_216)
FNDA:0,(anonymous_217)
FNDA:0,(anonymous_218)
FNDA:0,(anonymous_219)
FNDA:0,(anonymous_220)
FNDA:0,(anonymous_221)
FNDA:0,(anonymous_222)
FNDA:0,(anonymous_223)
FNDA:0,(anonymous_224)
FNDA:0,(anonymous_225)
FNDA:0,(anonymous_226)
FNDA:0,(anonymous_227)
FNDA:0,(anonymous_228)
FNDA:0,(anonymous_229)
FNDA:0,(anonymous_230)
FNDA:0,(anonymous_231)
FNDA:0,(anonymous_232)
FNDA:0,(anonymous_233)
FNDA:0,(anonymous_234)
FNDA:0,(anonymous_235)
FNDA:0,(anonymous_236)
FNDA:0,(anonymous_237)
FNDA:0,(anonymous_238)
FNDA:0,(anonymous_239)
FNDA:0,(anonymous_240)
FNDA:0,(anonymous_241)
FNDA:0,(anonymous_242)
FNDA:0,(anonymous_243)
FNDA:0,(anonymous_244)
FNDA:0,(anonymous_245)
FNDA:0,(anonymous_246)
FNDA:0,(anonymous_247)
FNDA:0,(anonymous_248)
FNDA:0,(anonymous_249)
FNDA:0,(anonymous_250)
FNDA:0,(anonymous_251)
FNDA:0,(anonymous_252)
FNDA:0,(anonymous_253)
FNDA:0,(anonymous_254)
FNDA:0,(anonymous_255)
FNDA:0,(anonymous_256)
FNDA:0,(anonymous_257)
FNDA:0,(anonymous_258)
FNDA:0,(anonymous_259)
FNDA:0,(anonymous_260)
FNDA:0,(anonymous_261)
FNDA:0,(anonymous_262)
FNDA:0,(anonymous_263)
FNDA:0,(anonymous_264)
DA:19,1
DA:20,1
DA:24,0
DA:25,0
DA:26,0
DA:28,0
DA:30,0
DA:1792,1
DA:1793,1
DA:1796,3
DA:1800,1
DA:1804,0
DA:1808,1
DA:1812,1
DA:1815,1
DA:1816,0
DA:1817,0
DA:1822,0
DA:1823,0
DA:1824,0
DA:1825,0
DA:1826,0
DA:1828,0
DA:1832,1
DA:1834,0
DA:1835,0
DA:1842,0
DA:1843,0
DA:1844,0
DA:1847,0
DA:1848,0
DA:1849,0
DA:1851,0
DA:1852,0
DA:1854,0
DA:1855,0
DA:1860,3
DA:1861,3
DA:1866,3
DA:1869,3
DA:1870,3
DA:1873,1
DA:1874,1
DA:1875,1
DA:1878,2
DA:1880,1
DA:1881,1
DA:1882,1
DA:1886,1
DA:1888,1
DA:1890,0
DA:1894,1
DA:1896,1
DA:1901,0
DA:1902,0
DA:1905,1
DA:1908,1
DA:1909,0
DA:1910,0
DA:1911,0
DA:1912,0
DA:1913,0
DA:1918,0
DA:1919,0
DA:1920,0
DA:1922,1
DA:1923,1
DA:1927,0
DA:1929,0
DA:1960,0
DA:1982,0
DA:1985,0
DA:1991,0
DA:1992,0
DA:1994,0
DA:1995,0
DA:1999,0
DA:2005,0
DA:2006,0
DA:2008,0
DA:2009,0
DA:2013,0
DA:2020,0
DA:2027,0
DA:2031,0
DA:2038,0
DA:2044,0
DA:2048,1
DA:2049,1
DA:2050,1
DA:2052,1
DA:2054,1
DA:2055,1
DA:2067,0
DA:2071,0
DA:2072,0
DA:2073,0
DA:2074,0
DA:2076,0
DA:2077,0
DA:2082,0
DA:2086,0
DA:2090,0
DA:2094,0
DA:2101,0
DA:2111,0
DA:2118,0
DA:2124,0
DA:2130,0
DA:2134,0
DA:2138,0
DA:2144,0
DA:2162,0
DA:2180,3
DA:2184,0
DA:2191,0
DA:2195,0
DA:2196,0
DA:2200,0
DA:2207,0
DA:2211,0
DA:2215,0
DA:2219,0
DA:2223,0
DA:2230,0
DA:2238,0
DA:2242,0
DA:2249,0
DA:2256,0
DA:2263,0
DA:2269,0
DA:2275,0
DA:2281,0
DA:2285,0
DA:2292,0
DA:2293,0
DA:2295,0
DA:2300,0
DA:2307,0
DA:2314,0
DA:2321,0
DA:2328,0
DA:2350,0
DA:2351,0
DA:2352,0
DA:2353,0
DA:2354,0
DA:2355,0
DA:2357,0
DA:2358,0
DA:2359,0
DA:2360,0
DA:2361,0
DA:2362,0
DA:2363,0
DA:2364,0
DA:2367,0
DA:2368,0
DA:2369,0
DA:2370,0
DA:2371,0
DA:2372,0
DA:2376,0
DA:2377,0
DA:2378,0
DA:2397,0
DA:2419,0
DA:2420,0
DA:2421,0
DA:2422,0
DA:2423,0
DA:2424,0
DA:2426,0
DA:2427,0
DA:2428,0
DA:2429,0
DA:2430,0
DA:2431,0
DA:2432,0
DA:2433,0
DA:2437,0
DA:2438,0
DA:2439,0
DA:2458,0
DA:2469,0
DA:2470,0
DA:2471,0
DA:2472,0
DA:2473,0
DA:2477,0
DA:2478,0
DA:2479,0
DA:2481,0
DA:2494,0
DA:2495,0
DA:2496,0
DA:2497,0
DA:2498,0
DA:2499,0
DA:2513,0
DA:2514,0
DA:2515,0
DA:2516,0
DA:2518,0
DA:2519,0
DA:2522,0
DA:2538,0
DA:2539,0
DA:2540,0
DA:2541,0
DA:2543,0
DA:2544,0
DA:2545,0
DA:2546,0
DA:2547,0
DA:2548,0
DA:2549,0
DA:2552,0
DA:2553,0
DA:2554,0
DA:2555,0
DA:2556,0
DA:2557,0
DA:2560,0
DA:2581,0
DA:2582,0
DA:2583,0
DA:2584,0
DA:2587,0
DA:2588,0
DA:2616,0
DA:2617,0
DA:2618,0
DA:2619,0
DA:2622,0
DA:2624,0
DA:2649,0
DA:2650,0
DA:2652,0
DA:2656,0
DA:2658,0
DA:2659,0
DA:2660,0
DA:2661,0
DA:2662,0
DA:2663,0
DA:2664,0
DA:2665,0
DA:2666,0
DA:2673,0
DA:2674,0
DA:2675,0
DA:2676,0
DA:2677,0
DA:2683,0
DA:2694,0
DA:2695,0
DA:2696,0
DA:2697,0
DA:2698,0
DA:2704,0
DA:2708,0
DA:2714,0
DA:2720,0
DA:2726,0
DA:2732,0
DA:2736,0
DA:2745,0
DA:2746,0
DA:2747,0
DA:2748,0
DA:2749,0
DA:2750,0
DA:2754,0
DA:2758,0
DA:2764,0
DA:2770,0
DA:2771,0
DA:2775,0
DA:2780,0
DA:2789,0
DA:2790,0
DA:2791,0
DA:2792,0
DA:2793,0
DA:2799,0
DA:2805,0
DA:2812,0
DA:2820,0
DA:2830,0
DA:2837,0
DA:2844,0
DA:2848,0
DA:2852,0
DA:2859,0
DA:2863,0
DA:2867,0
DA:2873,0
DA:2881,0
DA:2887,0
DA:2894,0
DA:2902,0
DA:2914,0
DA:2928,0
DA:2946,0
DA:2952,0
DA:2967,0
DA:2976,0
DA:2991,0
DA:3002,0
DA:3012,0
DA:3013,0
DA:3014,0
DA:3033,0
DA:3040,0
DA:3047,0
DA:3065,0
DA:3072,0
DA:3076,0
DA:3077,0
DA:3081,0
DA:3088,0
DA:3095,0
DA:3105,0
DA:3110,0
DA:3114,0
DA:3124,0
DA:3131,0
DA:3138,0
DA:3141,0
DA:3148,0
DA:3156,0
DA:3157,0
DA:3161,0
DA:3162,0
DA:3166,0
DA:3173,0
DA:3179,0
DA:3180,0
DA:3181,0
DA:3182,0
DA:3183,0
DA:3184,0
DA:3190,0
DA:3193,0
DA:3213,0
DA:3214,0
DA:3215,0
DA:3216,0
DA:3217,0
DA:3218,0
DA:3224,0
DA:3225,0
DA:3229,0
DA:3230,0
DA:3232,0
DA:3233,0
DA:3234,0
DA:3239,0
DA:3256,0
DA:3268,0
DA:3275,0
DA:3283,0
DA:3295,0
DA:3296,0
DA:3300,0
DA:3304,0
DA:3308,0
DA:3316,0
DA:3320,0
DA:3324,0
DA:3331,0
DA:3338,0
DA:3344,0
DA:3350,0
DA:3356,0
DA:3357,0
DA:3358,0
DA:3359,0
DA:3360,0
DA:3368,0
DA:3372,0
DA:3376,0
DA:3380,0
DA:3387,0
DA:3393,0
DA:3399,0
DA:3405,0
DA:3409,0
DA:3416,0
DA:3424,0
DA:3428,0
DA:3432,0
DA:3439,0
DA:3445,0
DA:3451,0
DA:3459,0
DA:3463,0
DA:3470,0
DA:3477,0
DA:3483,0
DA:3489,0
DA:3493,0
DA:3500,0
DA:3506,0
DA:3510,0
DA:3514,0
DA:3521,0
DA:3528,0
DA:3534,0
DA:3541,0
DA:3547,0
DA:3551,0
DA:3558,0
DA:3565,0
DA:3572,0
DA:3579,0
DA:3585,0
DA:3593,0
DA:3594,0
DA:3595,0
DA:3596,0
DA:3598,0
DA:3602,0
DA:3603,0
DA:3604,0
DA:3605,0
DA:3607,0
DA:3614,0
DA:3618,0
DA:3626,0
DA:3630,0
DA:3638,0
DA:3642,0
DA:3646,0
DA:3653,0
DA:3660,0
DA:3666,0
DA:3670,0
DA:3677,0
DA:3684,0
DA:3688,0
DA:3692,0
DA:3699,0
DA:3706,0
DA:3713,0
DA:3714,0
DA:3715,0
DA:3716,0
DA:3717,0
DA:3719,0
DA:3720,0
DA:3724,0
DA:3728,0
DA:3732,0
DA:3738,0
DA:3744,0
DA:3751,0
DA:3758,0
DA:3764,0
DA:3771,0
DA:3778,0
DA:3785,0
DA:3792,0
DA:3793,0
DA:3794,0
DA:3795,0
DA:3799,0
DA:3803,0
DA:3809,0
DA:3813,0
DA:3822,0
DA:3829,0
DA:3836,0
DA:3840,0
DA:3844,0
DA:3850,0
DA:3854,0
DA:3855,0
DA:3856,0
DA:3857,0
DA:3858,0
DA:3859,0
DA:3860,0
DA:3861,0
DA:3862,0
DA:3866,0
DA:3870,0
DA:3874,0
DA:3878,0
DA:3882,0
DA:3889,0
DA:3895,0
DA:3899,0
DA:3906,0
DA:3910,0
DA:3917,0
DA:3923,1
LF:498
LH:38
BRDA:19,0,0,1
BRDA:19,0,1,1
BRDA:24,1,0,0
BRDA:24,1,1,0
BRDA:25,2,0,0
BRDA:25,2,1,0
BRDA:1815,3,0,0
BRDA:1815,3,1,1
BRDA:1815,4,0,1
BRDA:1815,4,1,1
BRDA:1822,5,0,0
BRDA:1822,5,1,0
BRDA:1824,6,0,0
BRDA:1824,6,1,0
BRDA:1832,7,0,1
BRDA:1832,7,1,0
BRDA:1842,8,0,0
BRDA:1842,8,1,0
BRDA:1848,9,0,0
BRDA:1848,9,1,0
BRDA:1859,10,0,3
BRDA:1866,11,0,0
BRDA:1866,11,1,3
BRDA:1878,12,0,1
BRDA:1878,12,1,1
BRDA:1880,13,0,1
BRDA:1880,13,1,0
BRDA:1888,14,0,0
BRDA:1888,14,1,1
BRDA:1896,15,0,0
BRDA:1896,15,1,1
BRDA:1897,16,0,1
BRDA:1897,16,1,1
BRDA:1897,16,2,1
BRDA:1908,17,0,0
BRDA:1908,17,1,1
BRDA:1912,18,0,0
BRDA:1912,18,1,0
BRDA:1922,19,0,0
BRDA:1922,19,1,1
BRDA:1927,20,0,0
BRDA:1927,20,1,0
BRDA:1931,21,0,0
BRDA:1931,21,1,0
BRDA:1935,22,0,0
BRDA:1935,22,1,0
BRDA:1936,23,0,0
BRDA:1936,23,1,0
BRDA:1939,24,0,0
BRDA:1939,24,1,0
BRDA:1940,25,0,0
BRDA:1940,25,1,0
BRDA:1941,26,0,0
BRDA:1941,26,1,0
BRDA:1942,27,0,0
BRDA:1942,27,1,0
BRDA:1943,28,0,0
BRDA:1943,28,1,0
BRDA:1944,29,0,0
BRDA:1944,29,1,0
BRDA:1945,30,0,0
BRDA:1945,30,1,0
BRDA:1946,31,0,0
BRDA:1946,31,1,0
BRDA:1947,32,0,0
BRDA:1947,32,1,0
BRDA:1948,33,0,0
BRDA:1948,33,1,0
BRDA:1949,34,0,0
BRDA:1949,34,1,0
BRDA:1950,35,0,0
BRDA:1950,35,1,0
BRDA:1951,36,0,0
BRDA:1951,36,1,0
BRDA:1952,37,0,0
BRDA:1952,37,1,0
BRDA:1953,38,0,0
BRDA:1953,38,1,0
BRDA:1954,39,0,0
BRDA:1954,39,1,0
BRDA:1962,40,0,0
BRDA:1962,40,1,0
BRDA:1963,41,0,0
BRDA:1963,41,1,0
BRDA:1967,42,0,0
BRDA:1967,42,1,0
BRDA:1967,42,2,0
BRDA:1969,43,0,0
BRDA:1969,43,1,0
BRDA:1969,43,2,0
BRDA:1970,44,0,0
BRDA:1970,44,1,0
BRDA:1971,45,0,0
BRDA:1971,45,1,0
BRDA:1982,46,0,0
BRDA:1982,46,1,0
BRDA:1991,47,0,0
BRDA:1991,47,1,0
BRDA:2005,48,0,0
BRDA:2005,48,1,0
BRDA:2067,49,0,0
BRDA:2067,49,1,0
BRDA:2123,50,0,0
BRDA:2123,51,0,0
BRDA:2133,52,0,0
BRDA:2137,53,0,0
BRDA:2241,54,0,0
BRDA:2248,55,0,0
BRDA:2327,56,0,0
BRDA:2333,57,0,0
BRDA:2351,58,0,0
BRDA:2351,58,1,0
BRDA:2352,59,0,0
BRDA:2352,59,1,0
BRDA:2353,60,0,0
BRDA:2353,60,1,0
BRDA:2354,61,0,0
BRDA:2354,61,1,0
BRDA:2354,62,0,0
BRDA:2354,62,1,0
BRDA:2357,63,0,0
BRDA:2357,63,1,0
BRDA:2358,64,0,0
BRDA:2358,64,1,0
BRDA:2359,65,0,0
BRDA:2359,65,1,0
BRDA:2360,66,0,0
BRDA:2360,66,1,0
BRDA:2361,67,0,0
BRDA:2361,67,1,0
BRDA:2362,68,0,0
BRDA:2362,68,1,0
BRDA:2364,69,0,0
BRDA:2364,69,1,0
BRDA:2367,70,0,0
BRDA:2367,70,1,0
BRDA:2368,71,0,0
BRDA:2368,71,1,0
BRDA:2369,72,0,0
BRDA:2369,72,1,0
BRDA:2370,73,0,0
BRDA:2370,73,1,0
BRDA:2372,74,0,0
BRDA:2372,74,1,0
BRDA:2377,75,0,0
BRDA:2377,75,1,0
BRDA:2379,76,0,0
BRDA:2379,76,1,0
BRDA:2383,77,0,0
BRDA:2383,77,1,0
BRDA:2384,78,0,0
BRDA:2384,78,1,0
BRDA:2385,79,0,0
BRDA:2385,79,1,0
BRDA:2386,80,0,0
BRDA:2386,80,1,0
BRDA:2387,81,0,0
BRDA:2387,81,1,0
BRDA:2388,82,0,0
BRDA:2388,82,1,0
BRDA:2388,82,2,0
BRDA:2389,83,0,0
BRDA:2389,83,1,0
BRDA:2389,83,2,0
BRDA:2390,84,0,0
BRDA:2390,84,1,0
BRDA:2390,84,2,0
BRDA:2391,85,0,0
BRDA:2391,85,1,0
BRDA:2391,85,2,0
BRDA:2392,86,0,0
BRDA:2392,86,1,0
BRDA:2392,86,2,0
BRDA:2393,87,0,0
BRDA:2393,87,1,0
BRDA:2394,88,0,0
BRDA:2394,88,1,0
BRDA:2394,88,2,0
BRDA:2399,89,0,0
BRDA:2399,89,1,0
BRDA:2399,89,2,0
BRDA:2400,90,0,0
BRDA:2400,90,1,0
BRDA:2400,90,2,0
BRDA:2406,91,0,0
BRDA:2420,92,0,0
BRDA:2420,92,1,0
BRDA:2421,93,0,0
BRDA:2421,93,1,0
BRDA:2422,94,0,0
BRDA:2422,94,1,0
BRDA:2423,95,0,0
BRDA:2423,95,1,0
BRDA:2423,96,0,0
BRDA:2423,96,1,0
BRDA:2426,97,0,0
BRDA:2426,97,1,0
BRDA:2427,98,0,0
BRDA:2427,98,1,0
BRDA:2428,99,0,0
BRDA:2428,99,1,0
BRDA:2429,100,0,0
BRDA:2429,100,1,0
BRDA:2430,101,0,0
BRDA:2430,101,1,0
BRDA:2431,102,0,0
BRDA:2431,102,1,0
BRDA:2433,103,0,0
BRDA:2433,103,1,0
BRDA:2438,104,0,0
BRDA:2438,104,1,0
BRDA:2440,105,0,0
BRDA:2440,105,1,0
BRDA:2444,106,0,0
BRDA:2444,106,1,0
BRDA:2445,107,0,0
BRDA:2445,107,1,0
BRDA:2446,108,0,0
BRDA:2446,108,1,0
BRDA:2447,109,0,0
BRDA:2447,109,1,0
BRDA:2448,110,0,0
BRDA:2448,110,1,0
BRDA:2449,111,0,0
BRDA:2449,111,1,0
BRDA:2449,111,2,0
BRDA:2450,112,0,0
BRDA:2450,112,1,0
BRDA:2450,112,2,0
BRDA:2451,113,0,0
BRDA:2451,113,1,0
BRDA:2451,113,2,0
BRDA:2452,114,0,0
BRDA:2452,114,1,0
BRDA:2452,114,2,0
BRDA:2453,115,0,0
BRDA:2453,115,1,0
BRDA:2453,115,2,0
BRDA:2454,116,0,0
BRDA:2454,116,1,0
BRDA:2455,117,0,0
BRDA:2455,117,1,0
BRDA:2455,117,2,0
BRDA:2460,118,0,0
BRDA:2460,118,1,0
BRDA:2460,118,2,0
BRDA:2461,119,0,0
BRDA:2461,119,1,0
BRDA:2461,119,2,0
BRDA:2467,120,0,0
BRDA:2470,121,0,0
BRDA:2470,121,1,0
BRDA:2471,122,0,0
BRDA:2471,122,1,0
BRDA:2474,123,0,0
BRDA:2474,123,1,0
BRDA:2479,124,0,0
BRDA:2479,124,1,0
BRDA:2479,125,0,0
BRDA:2479,125,1,0
BRDA:2482,126,0,0
BRDA:2482,126,1,0
BRDA:2483,127,0,0
BRDA:2483,127,1,0
BRDA:2484,128,0,0
BRDA:2484,128,1,0
BRDA:2485,129,0,0
BRDA:2485,129,1,0
BRDA:2485,129,2,0
BRDA:2492,130,0,0
BRDA:2496,131,0,0
BRDA:2496,131,1,0
BRDA:2497,132,0,0
BRDA:2497,132,1,0
BRDA:2498,133,0,0
BRDA:2498,133,1,0
BRDA:2506,134,0,0
BRDA:2514,135,0,0
BRDA:2514,135,1,0
BRDA:2515,136,0,0
BRDA:2515,136,1,0
BRDA:2515,137,0,0
BRDA:2515,137,1,0
BRDA:2518,138,0,0
BRDA:2518,138,1,0
BRDA:2519,139,0,0
BRDA:2519,139,1,0
BRDA:2539,140,0,0
BRDA:2539,140,1,0
BRDA:2540,141,0,0
BRDA:2540,141,1,0
BRDA:2540,142,0,0
BRDA:2540,142,1,0
BRDA:2543,143,0,0
BRDA:2543,143,1,0
BRDA:2544,144,0,0
BRDA:2544,144,1,0
BRDA:2545,145,0,0
BRDA:2545,145,1,0
BRDA:2546,146,0,0
BRDA:2546,146,1,0
BRDA:2547,147,0,0
BRDA:2547,147,1,0
BRDA:2549,148,0,0
BRDA:2549,148,1,0
BRDA:2552,149,0,0
BRDA:2552,149,1,0
BRDA:2553,150,0,0
BRDA:2553,150,1,0
BRDA:2554,151,0,0
BRDA:2554,151,1,0
BRDA:2555,152,0,0
BRDA:2555,152,1,0
BRDA:2557,153,0,0
BRDA:2557,153,1,0
BRDA:2565,154,0,0
BRDA:2582,155,0,0
BRDA:2582,155,1,0
BRDA:2583,156,0,0
BRDA:2583,156,1,0
BRDA:2588,157,0,0
BRDA:2588,157,1,0
BRDA:2590,158,0,0
BRDA:2590,158,1,0
BRDA:2591,159,0,0
BRDA:2591,159,1,0
BRDA:2593,160,0,0
BRDA:2593,160,1,0
BRDA:2593,160,2,0
BRDA:2594,161,0,0
BRDA:2594,161,1,0
BRDA:2618,162,0,0
BRDA:2618,162,1,0
BRDA:2623,163,0,0
BRDA:2623,163,1,0
BRDA:2624,164,0,0
BRDA:2624,164,1,0
BRDA:2626,165,0,0
BRDA:2626,165,1,0
BRDA:2628,166,0,0
BRDA:2628,166,1,0
BRDA:2628,166,2,0
BRDA:2634,167,0,0
BRDA:2650,168,0,0
BRDA:2650,168,1,0
BRDA:2656,169,0,0
BRDA:2656,169,1,0
BRDA:2671,170,0,0
BRDA:2674,171,0,0
BRDA:2674,171,1,0
BRDA:2675,172,0,0
BRDA:2675,172,1,0
BRDA:2676,173,0,0
BRDA:2676,173,1,0
BRDA:2685,174,0,0
BRDA:2685,174,1,0
BRDA:2686,175,0,0
BRDA:2686,175,1,0
BRDA:2686,175,2,0
BRDA:2692,176,0,0
BRDA:2695,177,0,0
BRDA:2695,177,1,0
BRDA:2696,178,0,0
BRDA:2696,178,1,0
BRDA:2697,179,0,0
BRDA:2697,179,1,0
BRDA:2725,180,0,0
BRDA:2743,181,0,0
BRDA:2746,182,0,0
BRDA:2746,182,1,0
BRDA:2747,183,0,0
BRDA:2747,183,1,0
BRDA:2748,184,0,0
BRDA:2748,184,1,0
BRDA:2749,185,0,0
BRDA:2749,185,1,0
BRDA:2779,186,0,0
BRDA:2787,187,0,0
BRDA:2790,188,0,0
BRDA:2790,188,1,0
BRDA:2791,189,0,0
BRDA:2791,189,1,0
BRDA:2792,190,0,0
BRDA:2792,190,1,0
BRDA:2822,191,0,0
BRDA:2822,191,1,0
BRDA:2913,192,0,0
BRDA:2913,193,0,0
BRDA:2945,194,0,0
BRDA:2951,195,0,0
BRDA:2990,196,0,0
BRDA:3001,197,0,0
BRDA:3011,198,0,0
BRDA:3011,199,0,0
BRDA:3013,200,0,0
BRDA:3013,200,1,0
BRDA:3071,201,0,0
BRDA:3076,202,0,0
BRDA:3076,202,1,0
BRDA:3087,203,0,0
BRDA:3104,204,0,0
BRDA:3141,205,0,0
BRDA:3141,205,1,0
BRDA:3180,206,0,0
BRDA:3180,206,1,0
BRDA:3181,207,0,0
BRDA:3181,207,1,0
BRDA:3182,208,0,0
BRDA:3182,208,1,0
BRDA:3185,209,0,0
BRDA:3185,209,1,0
BRDA:3198,210,0,0
BRDA:3198,210,1,0
BRDA:3199,211,0,0
BRDA:3199,211,1,0
BRDA:3200,212,0,0
BRDA:3200,212,1,0
BRDA:3201,213,0,0
BRDA:3201,213,1,0
BRDA:3202,214,0,0
BRDA:3202,214,1,0
BRDA:3214,215,0,0
BRDA:3214,215,1,0
BRDA:3215,216,0,0
BRDA:3215,216,1,0
BRDA:3216,217,0,0
BRDA:3216,217,1,0
BRDA:3219,218,0,0
BRDA:3219,218,1,0
BRDA:3231,219,0,0
BRDA:3231,219,1,0
BRDA:3232,220,0,0
BRDA:3232,220,1,0
BRDA:3232,220,2,0
BRDA:3233,221,0,0
BRDA:3233,221,1,0
BRDA:3233,221,2,0
BRDA:3234,222,0,0
BRDA:3234,222,1,0
BRDA:3234,222,2,0
BRDA:3254,223,0,0
BRDA:3266,224,0,0
BRDA:3274,225,0,0
BRDA:3285,226,0,0
BRDA:3285,226,1,0
BRDA:3286,227,0,0
BRDA:3286,227,1,0
BRDA:3287,228,0,0
BRDA:3287,228,1,0
BRDA:3288,229,0,0
BRDA:3288,229,1,0
BRDA:3289,230,0,0
BRDA:3289,230,1,0
BRDA:3290,231,0,0
BRDA:3290,231,1,0
BRDA:3357,232,0,0
BRDA:3357,232,1,0
BRDA:3358,233,0,0
BRDA:3358,233,1,0
BRDA:3361,234,0,0
BRDA:3361,234,1,0
BRDA:3499,235,0,0
BRDA:3593,236,0,0
BRDA:3593,236,1,0
BRDA:3595,237,0,0
BRDA:3595,237,1,0
BRDA:3602,238,0,0
BRDA:3602,238,1,0
BRDA:3604,239,0,0
BRDA:3604,239,1,0
BRDA:3714,240,0,0
BRDA:3714,240,1,0
BRDA:3715,241,0,0
BRDA:3715,241,1,0
BRDA:3716,242,0,0
BRDA:3716,242,1,0
BRDA:3717,243,0,0
BRDA:3717,243,1,0
BRDA:3720,244,0,0
BRDA:3720,244,1,0
BRDA:3791,245,0,0
BRDA:3793,246,0,0
BRDA:3793,246,1,0
BRDA:3794,247,0,0
BRDA:3794,247,1,0
BRDA:3828,248,0,0
BRDA:3849,249,0,0
BRDA:3853,250,0,0
BRDA:3855,251,0,0
BRDA:3855,251,1,0
BRDA:3856,252,0,0
BRDA:3856,252,1,0
BRDA:3857,253,0,0
BRDA:3857,253,1,0
BRDA:3858,254,0,0
BRDA:3858,254,1,0
BRDA:3859,255,0,0
BRDA:3859,255,1,0
BRDA:3860,256,0,0
BRDA:3860,256,1,0
BRDA:3861,257,0,0
BRDA:3861,257,1,0
BRDA:3873,258,0,0
BRDA:3877,259,0,0
BRF:504
BRH:18
end_of_record
TN:
SF:src/lib/demo.ts
FN:28,setDemoEpoch
FN:40,isDemo
FN:55,getNow
FN:70,getNowDate
FN:77,getDemoEpochMs
FNF:5
FNH:5
FNDA:20,setDemoEpoch
FNDA:4,isDemo
FNDA:13,getNow
FNDA:10,getNowDate
FNDA:2,getDemoEpochMs
DA:23,8
DA:29,20
DA:30,20
DA:31,6
DA:33,14
DA:41,4
DA:43,3
DA:44,3
DA:45,1
DA:46,1
DA:48,2
DA:56,13
DA:58,11
DA:59,11
DA:60,1
DA:61,1
DA:63,10
DA:71,10
DA:78,2
LF:19
LH:19
BRDA:30,0,0,6
BRDA:30,0,1,14
BRDA:41,1,0,1
BRDA:41,1,1,3
BRDA:44,2,0,1
BRDA:44,2,1,2
BRDA:56,3,0,2
BRDA:56,3,1,11
BRDA:59,4,0,1
BRDA:59,4,1,10
BRF:10
BRH:10
end_of_record
TN:
SF:src/lib/legal.ts
FNF:0
FNH:0
DA:17,1
DA:18,1
LF:2
LH:2
BRDA:17,0,0,1
BRDA:17,0,1,1
BRDA:18,1,0,1
BRDA:18,1,1,1
BRF:4
BRH:4
end_of_record
TN:
SF:src/lib/pricing-display.ts
FN:81,formatCompactNumber
FN:86,formatDataLimit
FN:94,isUnlimited
FN:99,formatEventLimit
FN:107,formatMonitorLimit
FN:112,tierDescription
FN:127,formatCentsRate
FN:131,buildIncludedLimits
FN:174,buildPlatformFeatures
FN:197,buildOverages
FN:214,ctaForTier
FN:220,buildPricingCardModel
FNF:12
FNH:12
FNDA:115,formatCompactNumber
FNDA:29,formatDataLimit
FNDA:172,isUnlimited
FNDA:86,formatEventLimit
FNDA:29,formatMonitorLimit
FNDA:29,tierDescription
FNDA:108,formatCentsRate
FNDA:29,buildIncludedLimits
FNDA:29,buildPlatformFeatures
FNDA:29,buildOverages
FNDA:29,ctaForTier
FNDA:29,buildPricingCardModel
DA:17,1
DA:18,1
DA:19,1
DA:82,115
DA:83,0
DA:87,29
DA:88,29
DA:89,1
DA:91,28
DA:95,172
DA:96,172
DA:100,86
DA:101,86
DA:102,86
DA:103,86
DA:104,0
DA:108,29
DA:109,29
DA:113,29
DA:115,3
DA:117,24
DA:119,1
DA:121,0
DA:123,1
DA:128,108
DA:132,29
DA:134,29
DA:135,29
DA:136,29
DA:139,29
DA:140,28
DA:141,28
DA:142,28
DA:144,0
DA:148,29
DA:150,29
DA:151,29
DA:152,29
DA:155,29
DA:156,29
DA:157,29
DA:158,29
DA:159,29
DA:160,29
DA:161,29
DA:162,28
DA:164,1
DA:166,29
DA:168,29
DA:169,29
DA:171,29
DA:175,29
DA:177,29
DA:178,29
DA:179,0
DA:180,0
DA:183,29
DA:184,29
DA:185,29
DA:186,0
DA:188,29
DA:189,29
DA:190,29
DA:191,29
DA:192,29
DA:194,29
DA:198,29
DA:200,27
DA:201,27
DA:202,27
DA:203,27
DA:204,27
DA:206,27
DA:207,27
DA:208,27
DA:209,27
DA:211,27
DA:215,29
DA:216,27
DA:217,1
DA:225,29
DA:226,29
DA:227,29
DA:228,29
DA:229,29
DA:230,29
DA:232,29
LF:87
LH:80
BRDA:82,0,0,115
BRDA:82,0,1,0
BRDA:88,1,0,1
BRDA:88,1,1,28
BRDA:95,2,0,0
BRDA:95,2,1,172
BRDA:96,3,0,172
BRDA:96,3,1,172
BRDA:100,4,0,0
BRDA:100,4,1,86
BRDA:100,5,0,86
BRDA:100,5,1,86
BRDA:101,6,0,0
BRDA:101,6,1,86
BRDA:102,7,0,0
BRDA:102,7,1,86
BRDA:103,8,0,86
BRDA:103,8,1,0
BRDA:108,9,0,0
BRDA:108,9,1,29
BRDA:113,10,0,3
BRDA:113,10,1,24
BRDA:113,10,2,1
BRDA:113,10,3,0
BRDA:113,10,4,1
BRDA:135,11,0,29
BRDA:135,11,1,0
BRDA:135,12,0,29
BRDA:135,12,1,29
BRDA:136,13,0,0
BRDA:136,13,1,29
BRDA:139,14,0,28
BRDA:139,14,1,1
BRDA:141,15,0,28
BRDA:141,15,1,0
BRDA:141,16,0,28
BRDA:141,16,1,28
BRDA:142,17,0,0
BRDA:142,17,1,28
BRDA:151,18,0,29
BRDA:151,18,1,0
BRDA:151,19,0,29
BRDA:151,19,1,29
BRDA:152,20,0,0
BRDA:152,20,1,29
BRDA:157,21,0,29
BRDA:157,21,1,0
BRDA:158,22,0,29
BRDA:158,22,1,0
BRDA:159,23,0,29
BRDA:159,23,1,0
BRDA:160,24,0,29
BRDA:160,24,1,28
BRDA:160,24,2,28
BRDA:161,25,0,28
BRDA:161,25,1,1
BRDA:168,26,0,27
BRDA:168,26,1,2
BRDA:168,27,0,1
BRDA:168,27,1,1
BRDA:177,28,0,29
BRDA:177,28,1,0
BRDA:177,29,0,29
BRDA:177,29,1,29
BRDA:179,30,0,0
BRDA:179,30,1,0
BRDA:183,31,0,29
BRDA:183,31,1,0
BRDA:184,32,0,0
BRDA:184,32,1,29
BRDA:185,33,0,0
BRDA:185,33,1,29
BRDA:185,34,0,29
BRDA:185,34,1,0
BRDA:188,35,0,1
BRDA:188,35,1,28
BRDA:189,36,0,0
BRDA:189,36,1,29
BRDA:190,37,0,0
BRDA:190,37,1,29
BRDA:191,38,0,0
BRDA:191,38,1,29
BRDA:192,39,0,0
BRDA:192,39,1,29
BRDA:198,40,0,2
BRDA:198,40,1,27
BRDA:206,41,0,27
BRDA:206,41,1,0
BRDA:206,42,0,27
BRDA:206,42,1,27
BRDA:207,43,0,27
BRDA:207,43,1,0
BRDA:207,44,0,27
BRDA:207,44,1,27
BRDA:208,45,0,27
BRDA:208,45,1,0
BRDA:208,46,0,27
BRDA:208,46,1,27
BRDA:209,47,0,27
BRDA:209,47,1,0
BRDA:209,48,0,27
BRDA:209,48,1,27
BRDA:215,49,0,2
BRDA:215,49,1,27
BRDA:216,50,0,26
BRDA:216,50,1,1
BRDA:216,51,0,27
BRDA:216,51,1,26
BRDA:223,52,0,29
BRDA:239,53,0,1
BRDA:239,53,1,28
BRF:111
BRH:79
end_of_record
TN:
SF:src/lib/project-colors.ts
FN:18,getProjectColor
FN:55,getProjectInitial
FNF:2
FNH:2
FNDA:12,getProjectColor
FNDA:4,getProjectInitial
DA:19,12
DA:22,12
DA:52,12
DA:56,4
LF:4
LH:4
BRDA:52,0,0,12
BRDA:52,0,1,3
BRF:2
BRH:2
end_of_record
TN:
SF:src/lib/sdk-versions.ts
FN:30,resolveVersion
FN:37,applySdkVersionsToSnippet
FNF:2
FNH:2
FNDA:96,resolveVersion
FNDA:12,applySdkVersionsToSnippet
DA:19,1
DA:34,96
DA:38,12
DA:40,12
DA:41,12
DA:43,12
DA:44,12
DA:49,12
DA:50,12
DA:52,12
DA:53,12
DA:55,12
DA:56,12
DA:58,12
DA:59,12
DA:61,12
DA:62,12
DA:67,12
DA:68,12
DA:73,12
LF:20
LH:20
BRDA:34,0,0,96
BRDA:34,0,1,94
BRF:2
BRH:2
end_of_record
TN:
SF:src/lib/sidebar-config.ts
FN:52,isSidebarItemVisible
FN:65,getAllSidebarItemKeys
FN:66,(anonymous_2)
FNF:3
FNH:3
FNDA:9,isSidebarItemVisible
FNDA:2,getAllSidebarItemKeys
FNDA:22,(anonymous_2)
DA:32,1
DA:47,1
DA:54,9
DA:55,3
DA:59,6
DA:66,22
LF:6
LH:6
BRDA:54,0,0,3
BRDA:54,0,1,6
BRF:2
BRH:2
end_of_record
TN:
SF:src/lib/timezones.ts
FNF:0
FNH:0
DA:18,1
LF:1
LH:1
BRF:0
BRH:0
end_of_record
TN:
SF:src/lib/utils.ts
FN:21,cn
FN:25,formatRelativeTime
FNF:2
FNH:2
FNDA:47,cn
FNDA:9,formatRelativeTime
DA:22,47
DA:26,9
DA:30,8
DA:31,6
DA:32,2
DA:33,1
DA:35,1
DA:38,8
DA:39,8
DA:41,8
DA:42,7
DA:43,3
DA:44,2
DA:45,1
LF:14
LH:14
BRDA:26,0,0,1
BRDA:26,0,1,8
BRDA:30,1,0,6
BRDA:30,1,1,2
BRDA:32,2,0,1
BRDA:32,2,1,1
BRDA:41,3,0,1
BRDA:41,3,1,7
BRDA:42,4,0,4
BRDA:42,4,1,3
BRDA:43,5,0,1
BRDA:43,5,1,2
BRDA:44,6,0,1
BRDA:44,6,1,1
BRF:14
BRH:14
end_of_record
