TN:
SF:src/components/logo.tsx
FN:9,Logo
FNF:1
FNH:1
FNDA:2,Logo
DA:10,2
DA:11,0
DA:38,2
LF:3
LH:2
BRDA:9,0,0,2
BRDA:10,1,0,0
BRDA:10,1,1,2
BRF:3
BRH:2
end_of_record
TN:
SF:src/components/ui/button.tsx
FN:44,(anonymous_0)
FNF:1
FNH:1
FNDA:4,(anonymous_0)
DA:7,1
DA:43,1
DA:45,4
DA:46,4
DA:55,1
LF:5
LH:5
BRDA:44,0,0,4
BRDA:45,1,0,0
BRDA:45,1,1,4
BRF:3
BRH:2
end_of_record
TN:
SF:src/components/ui/input.tsx
FN:6,(anonymous_0)
FNF:1
FNH:1
FNDA:5,(anonymous_0)
DA:5,1
DA:7,5
DA:20,1
LF:3
LH:3
BRF:0
BRH:0
end_of_record
TN:
SF:src/components/ui/label.tsx
FN:8,(anonymous_0)
FNF:1
FNH:1
FNDA:2,(anonymous_0)
DA:7,1
DA:9,2
DA:19,1
LF:3
LH:3
BRF:0
BRH:0
end_of_record
TN:
SF:src/lib/api.ts
FN:5,formatErrorForLogging
FN:1064,(anonymous_1)
FN:1068,(anonymous_2)
FN:1119,(anonymous_3)
FN:1150,(anonymous_4)
FN:1166,(anonymous_5)
FN:1175,(anonymous_6)
FN:1184,(anonymous_7)
FN:1191,(anonymous_8)
FN:1198,(anonymous_9)
FN:1202,(anonymous_10)
FN:1209,(anonymous_11)
FN:1215,(anonymous_12)
FN:1219,(anonymous_13)
FN:1224,(anonymous_14)
FN:1228,(anonymous_15)
FN:1232,(anonymous_16)
FN:1236,(anonymous_17)
FN:1240,(anonymous_18)
FN:1247,(anonymous_19)
FN:1254,(anonymous_20)
FN:1264,(anonymous_21)
FN:1270,(anonymous_22)
FN:1276,(anonymous_23)
FN:1280,(anonymous_24)
FN:1284,(anonymous_25)
FN:1290,(anonymous_26)
FN:1297,(anonymous_27)
FN:1304,(anonymous_28)
FN:1308,(anonymous_29)
FN:1315,(anonymous_30)
FN:1323,(anonymous_31)
FN:1330,(anonymous_32)
FN:1337,(anonymous_33)
FN:1344,(anonymous_34)
FN:1351,(anonymous_35)
FN:1355,(anonymous_36)
FN:1374,(anonymous_37)
FN:1381,(anonymous_38)
FN:1388,(anonymous_39)
FN:1414,(anonymous_40)
FN:1433,(anonymous_41)
FN:1448,(anonymous_42)
FN:1466,(anonymous_43)
FN:1474,(anonymous_44)
FN:1488,(anonymous_45)
FN:1495,(anonymous_46)
FN:1508,(anonymous_47)
FN:1512,(anonymous_48)
FN:1518,(anonymous_49)
FN:1524,(anonymous_50)
FN:1528,(anonymous_51)
FN:1534,(anonymous_52)
FN:1546,(anonymous_53)
FN:1550,(anonymous_54)
FN:1556,(anonymous_55)
FN:1562,(anonymous_56)
FN:1572,(anonymous_57)
FN:1578,(anonymous_58)
FN:1591,(anonymous_59)
FN:1597,(anonymous_60)
FN:1604,(anonymous_61)
FN:1608,(anonymous_62)
FN:1619,(anonymous_63)
FN:1629,(anonymous_64)
FN:1636,(anonymous_65)
FN:1640,(anonymous_66)
FN:1644,(anonymous_67)
FN:1651,(anonymous_68)
FN:1655,(anonymous_69)
FN:1659,(anonymous_70)
FN:1665,(anonymous_71)
FN:1673,(anonymous_72)
FN:1679,(anonymous_73)
FN:1687,(anonymous_74)
FN:1699,(anonymous_75)
FN:1713,(anonymous_76)
FN:1731,(anonymous_77)
FN:1737,(anonymous_78)
FN:1751,(anonymous_79)
FN:1760,(anonymous_80)
FN:1775,(anonymous_81)
FN:1786,(anonymous_82)
FN:1796,(anonymous_83)
FN:1808,(anonymous_84)
FN:1813,(anonymous_85)
FN:1820,(anonymous_86)
FN:1827,(anonymous_87)
FN:1837,(anonymous_88)
FN:1842,(anonymous_89)
FN:1846,(anonymous_90)
FN:1853,(anonymous_91)
FN:1863,(anonymous_92)
FN:1870,(anonymous_93)
FN:1872,(anonymous_94)
FN:1875,(anonymous_95)
FN:1880,(anonymous_96)
FN:1887,(anonymous_97)
FN:1893,(anonymous_98)
FN:1904,(anonymous_99)
FN:1908,(anonymous_100)
FN:1921,(anonymous_101)
FN:1938,(anonymous_102)
FN:1943,(anonymous_103)
FN:1947,(anonymous_104)
FN:1948,(anonymous_105)
FN:1949,(anonymous_106)
FN:1953,(anonymous_107)
FN:1960,(anonymous_108)
FN:1977,(anonymous_109)
FN:1989,(anonymous_110)
FN:1997,(anonymous_111)
FN:2001,(anonymous_112)
FN:2005,(anonymous_113)
FN:2012,(anonymous_114)
FN:2019,(anonymous_115)
FN:2025,(anonymous_116)
FN:2031,(anonymous_117)
FN:2037,(anonymous_118)
FN:2049,(anonymous_119)
FN:2053,(anonymous_120)
FN:2057,(anonymous_121)
FN:2061,(anonymous_122)
FN:2068,(anonymous_123)
FN:2074,(anonymous_124)
FN:2080,(anonymous_125)
FN:2088,(anonymous_126)
FN:2092,(anonymous_127)
FN:2099,(anonymous_128)
FN:2106,(anonymous_129)
FN:2112,(anonymous_130)
FN:2118,(anonymous_131)
FN:2122,(anonymous_132)
FN:2129,(anonymous_133)
FN:2135,(anonymous_134)
FN:2139,(anonymous_135)
FN:2143,(anonymous_136)
FN:2150,(anonymous_137)
FN:2157,(anonymous_138)
FN:2163,(anonymous_139)
FN:2170,(anonymous_140)
FN:2176,(anonymous_141)
FN:2180,(anonymous_142)
FN:2187,(anonymous_143)
FN:2194,(anonymous_144)
FN:2201,(anonymous_145)
FN:2208,(anonymous_146)
FN:2214,(anonymous_147)
FN:2222,(anonymous_148)
FN:2231,(anonymous_149)
FNF:150
FNH:42
FNDA:0,formatErrorForLogging
FNDA:49,(anonymous_1)
FNDA:46,(anonymous_2)
FNDA:0,(anonymous_3)
FNDA:0,(anonymous_4)
FNDA:1,(anonymous_5)
FNDA:3,(anonymous_6)
FNDA:1,(anonymous_7)
FNDA:1,(anonymous_8)
FNDA:0,(anonymous_9)
FNDA:0,(anonymous_10)
FNDA:0,(anonymous_11)
FNDA:0,(anonymous_12)
FNDA:3,(anonymous_13)
FNDA:3,(anonymous_14)
FNDA:8,(anonymous_15)
FNDA:1,(anonymous_16)
FNDA:1,(anonymous_17)
FNDA:1,(anonymous_18)
FNDA:0,(anonymous_19)
FNDA:1,(anonymous_20)
FNDA:2,(anonymous_21)
FNDA:1,(anonymous_22)
FNDA:1,(anonymous_23)
FNDA:1,(anonymous_24)
FNDA:0,(anonymous_25)
FNDA:1,(anonymous_26)
FNDA:1,(anonymous_27)
FNDA:0,(anonymous_28)
FNDA:0,(anonymous_29)
FNDA:0,(anonymous_30)
FNDA:0,(anonymous_31)
FNDA:0,(anonymous_32)
FNDA:0,(anonymous_33)
FNDA:0,(anonymous_34)
FNDA:1,(anonymous_35)
FNDA:1,(anonymous_36)
FNDA:0,(anonymous_37)
FNDA:0,(anonymous_38)
FNDA:1,(anonymous_39)
FNDA:1,(anonymous_40)
FNDA:0,(anonymous_41)
FNDA:0,(anonymous_42)
FNDA:0,(anonymous_43)
FNDA:1,(anonymous_44)
FNDA:1,(anonymous_45)
FNDA:1,(anonymous_46)
FNDA:0,(anonymous_47)
FNDA:1,(anonymous_48)
FNDA:0,(anonymous_49)
FNDA:1,(anonymous_50)
FNDA:1,(anonymous_51)
FNDA:1,(anonymous_52)
FNDA:1,(anonymous_53)
FNDA:0,(anonymous_54)
FNDA:0,(anonymous_55)
FNDA:0,(anonymous_56)
FNDA:0,(anonymous_57)
FNDA:1,(anonymous_58)
FNDA:1,(anonymous_59)
FNDA:1,(anonymous_60)
FNDA:1,(anonymous_61)
FNDA:1,(anonymous_62)
FNDA:0,(anonymous_63)
FNDA:1,(anonymous_64)
FNDA:1,(anonymous_65)
FNDA:1,(anonymous_66)
FNDA:0,(anonymous_67)
FNDA:0,(anonymous_68)
FNDA:0,(anonymous_69)
FNDA:0,(anonymous_70)
FNDA:0,(anonymous_71)
FNDA:0,(anonymous_72)
FNDA:1,(anonymous_73)
FNDA:0,(anonymous_74)
FNDA:0,(anonymous_75)
FNDA:0,(anonymous_76)
FNDA:0,(anonymous_77)
FNDA:0,(anonymous_78)
FNDA:0,(anonymous_79)
FNDA:0,(anonymous_80)
FNDA:0,(anonymous_81)
FNDA:0,(anonymous_82)
FNDA:0,(anonymous_83)
FNDA:0,(anonymous_84)
FNDA:0,(anonymous_85)
FNDA:0,(anonymous_86)
FNDA:0,(anonymous_87)
FNDA:0,(anonymous_88)
FNDA:1,(anonymous_89)
FNDA:1,(anonymous_90)
FNDA:0,(anonymous_91)
FNDA:0,(anonymous_92)
FNDA:0,(anonymous_93)
FNDA:0,(anonymous_94)
FNDA:0,(anonymous_95)
FNDA:0,(anonymous_96)
FNDA:0,(anonymous_97)
FNDA:0,(anonymous_98)
FNDA:0,(anonymous_99)
FNDA:0,(anonymous_100)
FNDA:0,(anonymous_101)
FNDA:0,(anonymous_102)
FNDA:0,(anonymous_103)
FNDA:0,(anonymous_104)
FNDA:0,(anonymous_105)
FNDA:0,(anonymous_106)
FNDA:0,(anonymous_107)
FNDA:0,(anonymous_108)
FNDA:0,(anonymous_109)
FNDA:0,(anonymous_110)
FNDA:0,(anonymous_111)
FNDA:0,(anonymous_112)
FNDA:0,(anonymous_113)
FNDA:0,(anonymous_114)
FNDA:0,(anonymous_115)
FNDA:0,(anonymous_116)
FNDA:0,(anonymous_117)
FNDA:0,(anonymous_118)
FNDA:0,(anonymous_119)
FNDA:0,(anonymous_120)
FNDA:0,(anonymous_121)
FNDA:0,(anonymous_122)
FNDA:0,(anonymous_123)
FNDA:0,(anonymous_124)
FNDA:0,(anonymous_125)
FNDA:0,(anonymous_126)
FNDA:0,(anonymous_127)
FNDA:0,(anonymous_128)
FNDA:0,(anonymous_129)
FNDA:0,(anonymous_130)
FNDA:0,(anonymous_131)
FNDA:0,(anonymous_132)
FNDA:0,(anonymous_133)
FNDA:0,(anonymous_134)
FNDA:0,(anonymous_135)
FNDA:0,(anonymous_136)
FNDA:0,(anonymous_137)
FNDA:0,(anonymous_138)
FNDA:0,(anonymous_139)
FNDA:0,(anonymous_140)
FNDA:0,(anonymous_141)
FNDA:0,(anonymous_142)
FNDA:0,(anonymous_143)
FNDA:0,(anonymous_144)
FNDA:0,(anonymous_145)
FNDA:0,(anonymous_146)
FNDA:0,(anonymous_147)
FNDA:0,(anonymous_148)
FNDA:0,(anonymous_149)
DA:1,3
DA:2,3
DA:6,0
DA:7,0
DA:8,0
DA:10,0
DA:12,0
DA:1062,3
DA:1065,49
DA:1069,46
DA:1070,46
DA:1074,46
DA:1077,46
DA:1078,46
DA:1081,1
DA:1082,1
DA:1083,1
DA:1086,45
DA:1087,2
DA:1089,2
DA:1094,1
DA:1095,1
DA:1098,2
DA:1101,43
DA:1102,3
DA:1103,3
DA:1104,3
DA:1105,1
DA:1106,1
DA:1111,3
DA:1112,3
DA:1113,3
DA:1115,40
DA:1116,33
DA:1120,0
DA:1121,0
DA:1151,0
DA:1167,1
DA:1171,1
DA:1172,1
DA:1176,3
DA:1180,2
DA:1181,2
DA:1185,1
DA:1192,1
DA:1199,0
DA:1203,0
DA:1210,0
DA:1216,0
DA:1220,3
DA:1221,3
DA:1225,3
DA:1229,8
DA:1233,1
DA:1237,1
DA:1241,1
DA:1248,0
DA:1258,1
DA:1265,2
DA:1271,1
DA:1277,1
DA:1281,1
DA:1285,0
DA:1291,1
DA:1298,1
DA:1305,0
DA:1312,0
DA:1316,0
DA:1317,0
DA:1319,0
DA:1324,0
DA:1331,0
DA:1338,0
DA:1345,0
DA:1352,1
DA:1369,1
DA:1370,1
DA:1371,1
DA:1372,1
DA:1373,1
DA:1374,0
DA:1376,1
DA:1377,1
DA:1378,1
DA:1379,1
DA:1380,1
DA:1381,0
DA:1382,0
DA:1386,1
DA:1387,1
DA:1388,1
DA:1407,1
DA:1418,1
DA:1419,1
DA:1420,1
DA:1421,1
DA:1422,1
DA:1425,1
DA:1438,0
DA:1439,0
DA:1440,0
DA:1441,0
DA:1442,0
DA:1443,0
DA:1457,0
DA:1458,0
DA:1459,0
DA:1462,0
DA:1463,0
DA:1464,0
DA:1465,0
DA:1466,0
DA:1468,0
DA:1469,0
DA:1471,0
DA:1478,1
DA:1479,1
DA:1480,1
DA:1481,1
DA:1482,1
DA:1488,1
DA:1499,1
DA:1500,1
DA:1501,1
DA:1502,1
DA:1503,1
DA:1509,0
DA:1513,1
DA:1519,0
DA:1525,1
DA:1529,1
DA:1538,1
DA:1539,1
DA:1540,1
DA:1541,1
DA:1542,1
DA:1543,1
DA:1547,1
DA:1551,0
DA:1557,0
DA:1563,0
DA:1564,0
DA:1568,0
DA:1573,0
DA:1582,1
DA:1583,1
DA:1584,1
DA:1585,1
DA:1586,1
DA:1592,1
DA:1598,1
DA:1605,1
DA:1613,1
DA:1623,0
DA:1630,1
DA:1637,1
DA:1641,1
DA:1645,0
DA:1652,0
DA:1656,0
DA:1660,0
DA:1666,0
DA:1674,0
DA:1680,1
DA:1688,0
DA:1700,0
DA:1714,0
DA:1732,0
DA:1738,0
DA:1752,0
DA:1761,0
DA:1776,0
DA:1787,0
DA:1797,0
DA:1809,0
DA:1810,0
DA:1814,0
DA:1821,0
DA:1828,0
DA:1838,0
DA:1843,1
DA:1847,1
DA:1857,0
DA:1864,0
DA:1871,0
DA:1872,0
DA:1876,0
DA:1877,0
DA:1881,0
DA:1888,0
DA:1894,0
DA:1895,0
DA:1896,0
DA:1897,0
DA:1898,0
DA:1899,0
DA:1905,0
DA:1908,0
DA:1928,0
DA:1929,0
DA:1930,0
DA:1931,0
DA:1932,0
DA:1933,0
DA:1939,0
DA:1940,0
DA:1944,0
DA:1945,0
DA:1947,0
DA:1948,0
DA:1949,0
DA:1954,0
DA:1971,0
DA:1983,0
DA:1990,0
DA:1998,0
DA:2002,0
DA:2006,0
DA:2013,0
DA:2020,0
DA:2026,0
DA:2032,0
DA:2038,0
DA:2039,0
DA:2040,0
DA:2041,0
DA:2042,0
DA:2050,0
DA:2054,0
DA:2058,0
DA:2062,0
DA:2069,0
DA:2075,0
DA:2081,0
DA:2089,0
DA:2093,0
DA:2100,0
DA:2107,0
DA:2113,0
DA:2119,0
DA:2123,0
DA:2130,0
DA:2136,0
DA:2140,0
DA:2144,0
DA:2151,0
DA:2158,0
DA:2164,0
DA:2171,0
DA:2177,0
DA:2181,0
DA:2188,0
DA:2195,0
DA:2202,0
DA:2209,0
DA:2215,0
DA:2223,0
DA:2224,0
DA:2225,0
DA:2226,0
DA:2228,0
DA:2232,0
DA:2233,0
DA:2234,0
DA:2235,0
DA:2237,0
DA:2241,3
LF:267
LH:109
BRDA:1,0,0,3
BRDA:1,0,1,0
BRDA:6,1,0,0
BRDA:6,1,1,0
BRDA:7,2,0,0
BRDA:7,2,1,0
BRDA:1065,3,0,49
BRDA:1065,3,1,47
BRDA:1068,4,0,46
BRDA:1074,5,0,39
BRDA:1074,5,1,7
BRDA:1086,6,0,2
BRDA:1086,6,1,43
BRDA:1086,7,0,45
BRDA:1086,7,1,3
BRDA:1089,8,0,1
BRDA:1089,8,1,1
BRDA:1090,9,0,2
BRDA:1090,9,1,1
BRDA:1090,9,2,1
BRDA:1101,10,0,3
BRDA:1101,10,1,40
BRDA:1105,11,0,1
BRDA:1105,11,1,0
BRDA:1115,12,0,7
BRDA:1115,12,1,33
BRDA:1120,13,0,0
BRDA:1120,13,1,0
BRDA:1126,14,0,0
BRDA:1126,14,1,0
BRDA:1127,15,0,0
BRDA:1127,15,1,0
BRDA:1130,16,0,0
BRDA:1130,16,1,0
BRDA:1131,17,0,0
BRDA:1131,17,1,0
BRDA:1132,18,0,0
BRDA:1132,18,1,0
BRDA:1133,19,0,0
BRDA:1133,19,1,0
BRDA:1134,20,0,0
BRDA:1134,20,1,0
BRDA:1135,21,0,0
BRDA:1135,21,1,0
BRDA:1136,22,0,0
BRDA:1136,22,1,0
BRDA:1137,23,0,0
BRDA:1137,23,1,0
BRDA:1138,24,0,0
BRDA:1138,24,1,0
BRDA:1139,25,0,0
BRDA:1139,25,1,0
BRDA:1140,26,0,0
BRDA:1140,26,1,0
BRDA:1141,27,0,0
BRDA:1141,27,1,0
BRDA:1142,28,0,0
BRDA:1142,28,1,0
BRDA:1143,29,0,0
BRDA:1143,29,1,0
BRDA:1144,30,0,0
BRDA:1144,30,1,0
BRDA:1145,31,0,0
BRDA:1145,31,1,0
BRDA:1153,32,0,0
BRDA:1153,32,1,0
BRDA:1154,33,0,0
BRDA:1154,33,1,0
BRDA:1158,34,0,0
BRDA:1158,34,1,0
BRDA:1158,34,2,0
BRDA:1160,35,0,0
BRDA:1160,35,1,0
BRDA:1160,35,2,0
BRDA:1161,36,0,0
BRDA:1161,36,1,0
BRDA:1162,37,0,0
BRDA:1162,37,1,0
BRDA:1270,38,0,1
BRDA:1270,39,0,1
BRDA:1280,40,0,1
BRDA:1284,41,0,0
BRDA:1351,42,0,1
BRDA:1357,43,0,1
BRDA:1370,44,0,0
BRDA:1370,44,1,1
BRDA:1371,45,0,1
BRDA:1371,45,1,1
BRDA:1372,46,0,1
BRDA:1372,46,1,0
BRDA:1373,47,0,0
BRDA:1373,47,1,1
BRDA:1373,48,0,1
BRDA:1373,48,1,0
BRDA:1376,49,0,0
BRDA:1376,49,1,1
BRDA:1377,50,0,0
BRDA:1377,50,1,1
BRDA:1378,51,0,0
BRDA:1378,51,1,1
BRDA:1379,52,0,0
BRDA:1379,52,1,1
BRDA:1380,53,0,0
BRDA:1380,53,1,1
BRDA:1382,54,0,0
BRDA:1382,54,1,0
BRDA:1387,55,0,1
BRDA:1387,55,1,0
BRDA:1389,56,0,1
BRDA:1389,56,1,0
BRDA:1393,57,0,1
BRDA:1393,57,1,0
BRDA:1394,58,0,1
BRDA:1394,58,1,0
BRDA:1395,59,0,1
BRDA:1395,59,1,0
BRDA:1396,60,0,1
BRDA:1396,60,1,0
BRDA:1397,61,0,1
BRDA:1397,61,1,0
BRDA:1398,62,0,1
BRDA:1398,62,1,0
BRDA:1398,62,2,0
BRDA:1399,63,0,1
BRDA:1399,63,1,0
BRDA:1399,63,2,0
BRDA:1400,64,0,1
BRDA:1400,64,1,0
BRDA:1400,64,2,0
BRDA:1401,65,0,1
BRDA:1401,65,1,0
BRDA:1401,65,2,0
BRDA:1402,66,0,1
BRDA:1402,66,1,0
BRDA:1402,66,2,0
BRDA:1403,67,0,1
BRDA:1403,67,1,0
BRDA:1404,68,0,1
BRDA:1404,68,1,0
BRDA:1404,68,2,0
BRDA:1409,69,0,1
BRDA:1409,69,1,1
BRDA:1409,69,2,1
BRDA:1410,70,0,1
BRDA:1410,70,1,0
BRDA:1410,70,2,0
BRDA:1416,71,0,1
BRDA:1419,72,0,0
BRDA:1419,72,1,1
BRDA:1420,73,0,0
BRDA:1420,73,1,1
BRDA:1423,74,0,0
BRDA:1423,74,1,1
BRDA:1426,75,0,1
BRDA:1426,75,1,0
BRDA:1427,76,0,1
BRDA:1427,76,1,0
BRDA:1428,77,0,1
BRDA:1428,77,1,0
BRDA:1429,78,0,1
BRDA:1429,78,1,0
BRDA:1429,78,2,0
BRDA:1436,79,0,0
BRDA:1440,80,0,0
BRDA:1440,80,1,0
BRDA:1441,81,0,0
BRDA:1441,81,1,0
BRDA:1442,82,0,0
BRDA:1442,82,1,0
BRDA:1450,83,0,0
BRDA:1458,84,0,0
BRDA:1458,84,1,0
BRDA:1464,85,0,0
BRDA:1464,85,1,0
BRDA:1465,86,0,0
BRDA:1465,86,1,0
BRDA:1465,87,0,0
BRDA:1465,87,1,0
BRDA:1468,88,0,0
BRDA:1468,88,1,0
BRDA:1469,89,0,0
BRDA:1469,89,1,0
BRDA:1476,90,0,1
BRDA:1479,91,0,1
BRDA:1479,91,1,1
BRDA:1480,92,0,0
BRDA:1480,92,1,1
BRDA:1481,93,0,0
BRDA:1481,93,1,1
BRDA:1490,94,0,1
BRDA:1490,94,1,1
BRDA:1491,95,0,1
BRDA:1491,95,1,0
BRDA:1491,95,2,0
BRDA:1497,96,0,1
BRDA:1500,97,0,1
BRDA:1500,97,1,0
BRDA:1501,98,0,0
BRDA:1501,98,1,1
BRDA:1502,99,0,0
BRDA:1502,99,1,1
BRDA:1518,100,0,0
BRDA:1536,101,0,1
BRDA:1539,102,0,1
BRDA:1539,102,1,1
BRDA:1540,103,0,1
BRDA:1540,103,1,1
BRDA:1541,104,0,1
BRDA:1541,104,1,1
BRDA:1542,105,0,0
BRDA:1542,105,1,1
BRDA:1572,106,0,0
BRDA:1580,107,0,1
BRDA:1583,108,0,1
BRDA:1583,108,1,1
BRDA:1584,109,0,1
BRDA:1584,109,1,1
BRDA:1585,110,0,0
BRDA:1585,110,1,1
BRDA:1615,111,0,1
BRDA:1615,111,1,1
BRDA:1699,112,0,0
BRDA:1699,113,0,0
BRDA:1731,114,0,0
BRDA:1737,115,0,0
BRDA:1775,116,0,0
BRDA:1786,117,0,0
BRDA:1809,118,0,0
BRDA:1809,118,1,0
BRDA:1820,119,0,0
BRDA:1837,120,0,0
BRDA:1895,121,0,0
BRDA:1895,121,1,0
BRDA:1896,122,0,0
BRDA:1896,122,1,0
BRDA:1897,123,0,0
BRDA:1897,123,1,0
BRDA:1900,124,0,0
BRDA:1900,124,1,0
BRDA:1913,125,0,0
BRDA:1913,125,1,0
BRDA:1914,126,0,0
BRDA:1914,126,1,0
BRDA:1915,127,0,0
BRDA:1915,127,1,0
BRDA:1916,128,0,0
BRDA:1916,128,1,0
BRDA:1917,129,0,0
BRDA:1917,129,1,0
BRDA:1929,130,0,0
BRDA:1929,130,1,0
BRDA:1930,131,0,0
BRDA:1930,131,1,0
BRDA:1931,132,0,0
BRDA:1931,132,1,0
BRDA:1934,133,0,0
BRDA:1934,133,1,0
BRDA:1946,134,0,0
BRDA:1946,134,1,0
BRDA:1947,135,0,0
BRDA:1947,135,1,0
BRDA:1947,135,2,0
BRDA:1948,136,0,0
BRDA:1948,136,1,0
BRDA:1948,136,2,0
BRDA:1949,137,0,0
BRDA:1949,137,1,0
BRDA:1949,137,2,0
BRDA:1969,138,0,0
BRDA:1981,139,0,0
BRDA:1989,140,0,0
BRDA:2039,141,0,0
BRDA:2039,141,1,0
BRDA:2040,142,0,0
BRDA:2040,142,1,0
BRDA:2043,143,0,0
BRDA:2043,143,1,0
BRDA:2129,144,0,0
BRDA:2223,145,0,0
BRDA:2223,145,1,0
BRDA:2225,146,0,0
BRDA:2225,146,1,0
BRDA:2232,147,0,0
BRDA:2232,147,1,0
BRDA:2234,148,0,0
BRDA:2234,148,1,0
BRF:286
BRH:90
end_of_record
TN:
SF:src/lib/pricing-display.ts
FN:42,formatCompactNumber
FN:47,formatDataLimit
FN:55,formatMonitorLimit
FN:60,tierDescription
FN:75,buildTierFeatures
FN:102,ctaForTier
FN:108,buildPricingCardModel
FNF:7
FNH:7
FNDA:33,formatCompactNumber
FNDA:33,formatDataLimit
FNDA:33,formatMonitorLimit
FNDA:33,tierDescription
FNDA:33,buildTierFeatures
FNDA:33,ctaForTier
FNDA:33,buildPricingCardModel
DA:1,1
DA:2,1
DA:43,33
DA:44,2
DA:48,33
DA:49,33
DA:50,2
DA:52,31
DA:56,33
DA:57,32
DA:61,33
DA:63,2
DA:65,29
DA:67,1
DA:69,1
DA:71,0
DA:76,33
DA:83,33
DA:85,33
DA:86,1
DA:87,32
DA:88,32
DA:91,33
DA:92,33
DA:93,33
DA:94,33
DA:95,33
DA:96,33
DA:97,33
DA:99,33
DA:103,33
DA:104,32
DA:105,2
DA:113,33
DA:114,33
DA:115,33
DA:117,33
LF:37
LH:36
BRDA:43,0,0,31
BRDA:43,0,1,2
BRDA:49,1,0,2
BRDA:49,1,1,31
BRDA:56,2,0,1
BRDA:56,2,1,32
BRDA:61,3,0,2
BRDA:61,3,1,29
BRDA:61,3,2,1
BRDA:61,3,3,1
BRDA:61,3,4,0
BRDA:79,4,0,1
BRDA:79,4,1,32
BRDA:79,5,0,1
BRDA:79,5,1,31
BRDA:83,6,0,32
BRDA:83,6,1,1
BRDA:85,7,0,1
BRDA:85,7,1,32
BRDA:85,8,0,33
BRDA:85,8,1,33
BRDA:87,9,0,32
BRDA:87,9,1,0
BRDA:91,10,0,33
BRDA:91,10,1,0
BRDA:92,11,0,1
BRDA:92,11,1,32
BRDA:93,12,0,1
BRDA:93,12,1,32
BRDA:94,13,0,1
BRDA:94,13,1,32
BRDA:95,14,0,1
BRDA:95,14,1,32
BRDA:96,15,0,1
BRDA:96,15,1,32
BRDA:97,16,0,1
BRDA:97,16,1,32
BRDA:103,17,0,1
BRDA:103,17,1,32
BRDA:104,18,0,30
BRDA:104,18,1,2
BRDA:104,19,0,32
BRDA:104,19,1,31
BRDA:111,20,0,33
BRDA:124,21,0,2
BRDA:124,21,1,31
BRF:46
BRH:43
end_of_record
TN:
SF:src/lib/utils.ts
FN:4,cn
FN:8,formatRelativeTime
FNF:2
FNH:2
FNDA:17,cn
FNDA:9,formatRelativeTime
DA:5,17
DA:9,9
DA:13,8
DA:14,6
DA:15,2
DA:16,1
DA:18,1
DA:21,8
DA:22,8
DA:24,8
DA:25,7
DA:26,3
DA:27,2
DA:28,1
LF:14
LH:14
BRDA:9,0,0,1
BRDA:9,0,1,8
BRDA:13,1,0,6
BRDA:13,1,1,2
BRDA:15,2,0,1
BRDA:15,2,1,1
BRDA:24,3,0,1
BRDA:24,3,1,7
BRDA:25,4,0,4
BRDA:25,4,1,3
BRDA:26,5,0,1
BRDA:26,5,1,2
BRDA:27,6,0,1
BRDA:27,6,1,1
BRF:14
BRH:14
end_of_record
